#
# There is insufficient memory for the Java Runtime Environment to continue.
# Native memory allocation (malloc) failed to allocate 32744 bytes for ChunkPool::allocate
# Possible reasons:
#   The system is out of physical RAM or swap space
#   The process is running with CompressedOops enabled, and the Java Heap may be blocking the growth of the native heap
# Possible solutions:
#   Reduce memory load on the system
#   Increase physical memory or swap space
#   Check if swap backing store is full
#   Decrease Java heap size (-Xmx/-Xms)
#   Decrease number of Java threads
#   Decrease Java thread stack sizes (-Xss)
#   Set larger code cache with -XX:ReservedCodeCacheSize=
#   JVM is running with Unscaled Compressed Oops mode in which the Java heap is
#     placed in the first 4GB address space. The Java Heap base address is the
#     maximum limit for the native heap growth. Please use -XX:HeapBaseMinAddress
#     to set the Java Heap base and to place the Java Heap above 4GB virtual address.
# This output file may be truncated or incomplete.
#
#  Out of Memory Error (./src/hotspot/share/memory/arena.cpp:81), pid=20760, tid=17212
#
# JRE version: OpenJDK Runtime Environment (11.0.12+7) (build 11.0.12+7-b1504.28-7817840)
# Java VM: OpenJDK 64-Bit Server VM (11.0.12+7-b1504.28-7817840, mixed mode, tiered, compressed oops, g1 gc, windows-amd64)
# No core dump will be written. Minidumps are not enabled by default on client versions of Windows
#

---------------  S U M M A R Y ------------

Command Line: --add-opens=java.base/java.util=ALL-UNNAMED --add-opens=java.base/java.lang=ALL-UNNAMED --add-opens=java.base/java.lang.invoke=ALL-UNNAMED --add-opens=java.base/java.util=ALL-UNNAMED --add-opens=java.prefs/java.util.prefs=ALL-UNNAMED --add-opens=java.prefs/java.util.prefs=ALL-UNNAMED --add-opens=java.base/java.nio.charset=ALL-UNNAMED --add-opens=java.base/java.net=ALL-UNNAMED --add-opens=java.base/java.util.concurrent.atomic=ALL-UNNAMED -Xmx2048m -Dfile.encoding=UTF-8 -Duser.country=KR -Duser.language=ko -Duser.variant org.gradle.launcher.daemon.bootstrap.GradleDaemon 7.3.3

Host: Intel(R) Core(TM) i5-10210U CPU @ 1.60GHz, 8 cores, 7G,  Windows 10 , 64 bit Build 22000 (10.0.22000.708)
Time: Mon Aug 22 10:36:31 2022 대한민국 표준시 elapsed time: 32.871807 seconds (0d 0h 0m 32s)

---------------  T H R E A D  ---------------

Current thread (0x000001655f14a000):  JavaThread "C1 CompilerThread0" daemon [_thread_in_vm, id=17212, stack(0x00000056a8d00000,0x00000056a8e00000)]


Current CompileTask:
C1:  32872 9740       3       java.util.WeakHashMap::transfer (107 bytes)

Stack: [0x00000056a8d00000,0x00000056a8e00000]
Native frames: (J=compiled Java code, j=interpreted, Vv=VM code, C=native code)
V  [jvm.dll+0x5fbcea]
V  [jvm.dll+0x731905]
V  [jvm.dll+0x732f1d]
V  [jvm.dll+0x7335d3]
V  [jvm.dll+0x247bf8]
V  [jvm.dll+0xc041b]
V  [jvm.dll+0xc06cc]
V  [jvm.dll+0x1b2fce]
V  [jvm.dll+0x1a2cbe]
V  [jvm.dll+0x20df7c]
V  [jvm.dll+0x20c901]
V  [jvm.dll+0x6f9b7f]
V  [jvm.dll+0x6f26a5]
V  [jvm.dll+0x5fabf6]
C  [ucrtbase.dll+0x26c0c]
C  [KERNEL32.DLL+0x154e0]
C  [ntdll.dll+0x485b]


---------------  P R O C E S S  ---------------

Threads class SMR info:
_java_thread_list=0x0000016562a179d0, length=135, elements={
0x000001654439f800, 0x000001655e826000, 0x000001655e831800, 0x000001655e856000,
0x000001655e857000, 0x000001655e858000, 0x000001655e85d000, 0x000001655f14a000,
0x000001655f14d000, 0x000001655f2be000, 0x000001656189b000, 0x0000016560680800,
0x000001656224e800, 0x00000165622ee000, 0x00000165603de000, 0x00000165613c7800,
0x0000016560b05800, 0x0000016561896800, 0x0000016561476800, 0x000001655f7aa000,
0x000001655f7a7000, 0x000001655f7a7800, 0x000001655f7a8800, 0x000001655f7a5800,
0x000001655f7ab000, 0x000001655f7ac000, 0x000001655f7a6000, 0x000001655f7a9800,
0x0000016562661800, 0x0000016562660800, 0x0000016562660000, 0x000001656265e800,
0x0000016562663000, 0x000001656265f000, 0x0000016562664000, 0x0000016562666800,
0x0000016562667800, 0x0000016562669800, 0x0000016562669000, 0x000001656266a800,
0x0000016562668000, 0x0000016562665000, 0x000001656266b800, 0x0000016562665800,
0x00000165606a8800, 0x00000165606a7800, 0x00000165606ab000, 0x00000165606a5800,
0x00000165606ac000, 0x00000165606a6000, 0x00000165606ac800, 0x00000165606a7000,
0x00000165606a9800, 0x00000165606ad800, 0x00000165606ae800, 0x00000165606b0000,
0x00000165606af000, 0x00000165606aa000, 0x00000165606b0800, 0x00000165606b4000,
0x00000165606b1800, 0x00000165606b2800, 0x00000165606b3000, 0x00000165617de000,
0x00000165617dc000, 0x00000165617df800, 0x00000165617e0000, 0x00000165617e1000,
0x00000165617dd000, 0x00000165617db800, 0x00000165617e2800, 0x00000165617de800,
0x00000165617e3800, 0x00000165617e5000, 0x00000165617e7000, 0x00000165617e6000,
0x00000165617e7800, 0x00000165617e2000, 0x00000165617e8800, 0x00000165617e9000,
0x00000165617ea000, 0x00000165617e4800, 0x00000165626dc800, 0x00000165626dd800,
0x00000165626d8000, 0x00000165626de800, 0x00000165626dc000, 0x00000165626da000,
0x00000165626d8800, 0x00000165626df000, 0x00000165626d9800, 0x00000165626e0000,
0x00000165626e0800, 0x00000165626db000, 0x00000165626e5800, 0x00000165626e1800,
0x00000165626e6800, 0x00000165626e2800, 0x00000165626e3000, 0x00000165626e4000,
0x00000165626e5000, 0x0000016562c07800, 0x0000016562c0a800, 0x0000016562c09000,
0x0000016562c0d000, 0x0000016562c0b800, 0x0000016562c0e000, 0x0000016562c0a000,
0x0000016562c0c800, 0x0000016562c08000, 0x0000016562c10800, 0x0000016562c0f800,
0x0000016562c14800, 0x0000016562c12000, 0x0000016562c0f000, 0x0000016562c15800,
0x0000016562c16000, 0x0000016562c11000, 0x0000016562c13000, 0x0000016562c13800,
0x00000165624fa000, 0x00000165624fd800, 0x00000165624fe000, 0x00000165624fb000,
0x00000165624ff000, 0x00000165624f9800, 0x00000165624fb800, 0x0000016562500800,
0x0000016562501800, 0x0000016562505800, 0x0000016562502800, 0x0000016562504000,
0x0000016562504800, 0x00000165666ac800, 0x0000016560274000
}

Java Threads: ( => current thread )
  0x000001654439f800 JavaThread "main" [_thread_blocked, id=512, stack(0x00000056a8000000,0x00000056a8100000)]
  0x000001655e826000 JavaThread "Reference Handler" daemon [_thread_blocked, id=12424, stack(0x00000056a8700000,0x00000056a8800000)]
  0x000001655e831800 JavaThread "Finalizer" daemon [_thread_blocked, id=21700, stack(0x00000056a8800000,0x00000056a8900000)]
  0x000001655e856000 JavaThread "Signal Dispatcher" daemon [_thread_blocked, id=19560, stack(0x00000056a8900000,0x00000056a8a00000)]
  0x000001655e857000 JavaThread "Attach Listener" daemon [_thread_blocked, id=4596, stack(0x00000056a8a00000,0x00000056a8b00000)]
  0x000001655e858000 JavaThread "Service Thread" daemon [_thread_blocked, id=16276, stack(0x00000056a8b00000,0x00000056a8c00000)]
  0x000001655e85d000 JavaThread "C2 CompilerThread0" daemon [_thread_in_native, id=21312, stack(0x00000056a8c00000,0x00000056a8d00000)]
=>0x000001655f14a000 JavaThread "C1 CompilerThread0" daemon [_thread_in_vm, id=17212, stack(0x00000056a8d00000,0x00000056a8e00000)]
  0x000001655f14d000 JavaThread "Sweeper thread" daemon [_thread_blocked, id=21124, stack(0x00000056a8e00000,0x00000056a8f00000)]
  0x000001655f2be000 JavaThread "Common-Cleaner" daemon [_thread_blocked, id=3672, stack(0x00000056a8f00000,0x00000056a9000000)]
  0x000001656189b000 JavaThread "Daemon health stats" [_thread_blocked, id=7632, stack(0x00000056a9400000,0x00000056a9500000)]
  0x0000016560680800 JavaThread "Incoming local TCP Connector on port 55465" [_thread_in_native, id=17612, stack(0x00000056a9100000,0x00000056a9200000)]
  0x000001656224e800 JavaThread "Daemon periodic checks" [_thread_blocked, id=7748, stack(0x00000056a9500000,0x00000056a9600000)]
  0x00000165622ee000 JavaThread "Daemon" [_thread_blocked, id=13116, stack(0x00000056a9600000,0x00000056a9700000)]
  0x00000165603de000 JavaThread "Handler for socket connection from /127.0.0.1:55465 to /127.0.0.1:55466" [_thread_in_native, id=23940, stack(0x00000056a9700000,0x00000056a9800000)]
  0x00000165613c7800 JavaThread "Cancel handler" [_thread_blocked, id=15868, stack(0x00000056a9800000,0x00000056a9900000)]
  0x0000016560b05800 JavaThread "Daemon worker" [_thread_in_native, id=25504, stack(0x00000056a9900000,0x00000056a9a00000)]
  0x0000016561896800 JavaThread "Asynchronous log dispatcher for DefaultDaemonConnection: socket connection from /127.0.0.1:55465 to /127.0.0.1:55466" [_thread_blocked, id=15744, stack(0x00000056a9a00000,0x00000056a9b00000)]
  0x0000016561476800 JavaThread "Stdin handler" [_thread_blocked, id=8740, stack(0x00000056a9b00000,0x00000056a9c00000)]
  0x000001655f7aa000 JavaThread "Daemon client event forwarder" [_thread_blocked, id=3680, stack(0x00000056a9c00000,0x00000056a9d00000)]
  0x000001655f7a7000 JavaThread "Cache worker for journal cache (C:\Users\parkn\.gradle\caches\journal-1)" [_thread_blocked, id=17960, stack(0x00000056aa200000,0x00000056aa300000)]
  0x000001655f7a7800 JavaThread "File lock request listener" [_thread_in_native, id=23320, stack(0x00000056aa300000,0x00000056aa400000)]
  0x000001655f7a8800 JavaThread "Cache worker for file hash cache (C:\Users\parkn\.gradle\caches\7.3.3\fileHashes)" [_thread_blocked, id=2752, stack(0x00000056aa400000,0x00000056aa500000)]
  0x000001655f7a5800 JavaThread "Cache worker for file hash cache (C:\Users\parkn\AndroidStudioProjects\AlarmApplication\.gradle\7.3.3\fileHashes)" [_thread_blocked, id=23988, stack(0x00000056aa600000,0x00000056aa700000)]
  0x000001655f7ab000 JavaThread "File watcher server" daemon [_thread_in_native, id=1412, stack(0x00000056aa800000,0x00000056aa900000)]
  0x000001655f7ac000 JavaThread "File watcher consumer" daemon [_thread_blocked, id=2052, stack(0x00000056aa900000,0x00000056aaa00000)]
  0x000001655f7a6000 JavaThread "Cache worker for checksums cache (C:\Users\parkn\AndroidStudioProjects\AlarmApplication\.gradle\7.3.3\checksums)" [_thread_blocked, id=1368, stack(0x00000056aaa00000,0x00000056aab00000)]
  0x000001655f7a9800 JavaThread "Cache worker for cache directory md-supplier (C:\Users\parkn\.gradle\caches\7.3.3\md-supplier)" [_thread_blocked, id=15408, stack(0x00000056aac00000,0x00000056aad00000)]
  0x0000016562661800 JavaThread "Cache worker for cache directory md-rule (C:\Users\parkn\.gradle\caches\7.3.3\md-rule)" [_thread_blocked, id=16260, stack(0x00000056aad00000,0x00000056aae00000)]
  0x0000016562660800 JavaThread "Cache worker for execution history cache (C:\Users\parkn\.gradle\caches\7.3.3\executionHistory)" [_thread_blocked, id=22476, stack(0x00000056aae00000,0x00000056aaf00000)]
  0x0000016562660000 JavaThread "jar transforms" [_thread_blocked, id=13564, stack(0x00000056aaf00000,0x00000056ab000000)]
  0x000001656265e800 JavaThread "Cache worker for file content cache (C:\Users\parkn\.gradle\caches\7.3.3\fileContent)" [_thread_blocked, id=17492, stack(0x00000056ab000000,0x00000056ab100000)]
  0x0000016562663000 JavaThread "jar transforms Thread 2" [_thread_blocked, id=23708, stack(0x00000056ab100000,0x00000056ab200000)]
  0x000001656265f000 JavaThread "Cache worker for dependencies-accessors (C:\Users\parkn\AndroidStudioProjects\AlarmApplication\.gradle\7.3.3\dependencies-accessors)" [_thread_blocked, id=14980, stack(0x00000056ab200000,0x00000056ab300000)]
  0x0000016562664000 JavaThread "jar transforms Thread 3" [_thread_blocked, id=14608, stack(0x00000056ab300000,0x00000056ab400000)]
  0x0000016562666800 JavaThread "Cache worker for Build Output Cleanup Cache (C:\Users\parkn\AndroidStudioProjects\AlarmApplication\.gradle\buildOutputCleanup)" [_thread_blocked, id=10576, stack(0x00000056aab00000,0x00000056aac00000)]
  0x0000016562667800 JavaThread "Unconstrained build operations" [_thread_blocked, id=22384, stack(0x00000056aa700000,0x00000056aa800000)]
  0x0000016562669800 JavaThread "Unconstrained build operations Thread 2" [_thread_blocked, id=9620, stack(0x00000056ab400000,0x00000056ab500000)]
  0x0000016562669000 JavaThread "Unconstrained build operations Thread 3" [_thread_blocked, id=22608, stack(0x00000056ab500000,0x00000056ab600000)]
  0x000001656266a800 JavaThread "Unconstrained build operations Thread 4" [_thread_blocked, id=10152, stack(0x00000056ab600000,0x00000056ab700000)]
  0x0000016562668000 JavaThread "Unconstrained build operations Thread 5" [_thread_blocked, id=4332, stack(0x00000056ab700000,0x00000056ab800000)]
  0x0000016562665000 JavaThread "Unconstrained build operations Thread 6" [_thread_blocked, id=5056, stack(0x00000056ab800000,0x00000056ab900000)]
  0x000001656266b800 JavaThread "Unconstrained build operations Thread 7" [_thread_blocked, id=3100, stack(0x00000056ab900000,0x00000056aba00000)]
  0x0000016562665800 JavaThread "Unconstrained build operations Thread 8" [_thread_blocked, id=6236, stack(0x00000056aba00000,0x00000056abb00000)]
  0x00000165606a8800 JavaThread "Unconstrained build operations Thread 9" [_thread_blocked, id=14204, stack(0x00000056abb00000,0x00000056abc00000)]
  0x00000165606a7800 JavaThread "Unconstrained build operations Thread 10" [_thread_blocked, id=10276, stack(0x00000056abc00000,0x00000056abd00000)]
  0x00000165606ab000 JavaThread "Unconstrained build operations Thread 11" [_thread_blocked, id=2636, stack(0x00000056abd00000,0x00000056abe00000)]
  0x00000165606a5800 JavaThread "Unconstrained build operations Thread 12" [_thread_blocked, id=1796, stack(0x00000056abe00000,0x00000056abf00000)]
  0x00000165606ac000 JavaThread "Unconstrained build operations Thread 13" [_thread_blocked, id=19908, stack(0x00000056abf00000,0x00000056ac000000)]
  0x00000165606a6000 JavaThread "Unconstrained build operations Thread 14" [_thread_blocked, id=2748, stack(0x00000056ac000000,0x00000056ac100000)]
  0x00000165606ac800 JavaThread "Unconstrained build operations Thread 15" [_thread_blocked, id=20052, stack(0x00000056ac100000,0x00000056ac200000)]
  0x00000165606a7000 JavaThread "Unconstrained build operations Thread 16" [_thread_blocked, id=21032, stack(0x00000056ac200000,0x00000056ac300000)]
  0x00000165606a9800 JavaThread "Unconstrained build operations Thread 17" [_thread_blocked, id=10680, stack(0x00000056ac300000,0x00000056ac400000)]
  0x00000165606ad800 JavaThread "Unconstrained build operations Thread 18" [_thread_blocked, id=14900, stack(0x00000056ac400000,0x00000056ac500000)]
  0x00000165606ae800 JavaThread "Unconstrained build operations Thread 19" [_thread_blocked, id=2316, stack(0x00000056ac500000,0x00000056ac600000)]
  0x00000165606b0000 JavaThread "Unconstrained build operations Thread 20" [_thread_blocked, id=24008, stack(0x00000056ac600000,0x00000056ac700000)]
  0x00000165606af000 JavaThread "Unconstrained build operations Thread 21" [_thread_blocked, id=12264, stack(0x00000056ac700000,0x00000056ac800000)]
  0x00000165606aa000 JavaThread "Unconstrained build operations Thread 22" [_thread_blocked, id=6856, stack(0x00000056ac800000,0x00000056ac900000)]
  0x00000165606b0800 JavaThread "Unconstrained build operations Thread 23" [_thread_blocked, id=12992, stack(0x00000056ac900000,0x00000056aca00000)]
  0x00000165606b4000 JavaThread "Unconstrained build operations Thread 24" [_thread_blocked, id=13036, stack(0x00000056aca00000,0x00000056acb00000)]
  0x00000165606b1800 JavaThread "Unconstrained build operations Thread 25" [_thread_blocked, id=332, stack(0x00000056acb00000,0x00000056acc00000)]
  0x00000165606b2800 JavaThread "Unconstrained build operations Thread 26" [_thread_blocked, id=13836, stack(0x00000056acc00000,0x00000056acd00000)]
  0x00000165606b3000 JavaThread "Unconstrained build operations Thread 27" [_thread_blocked, id=10356, stack(0x00000056acd00000,0x00000056ace00000)]
  0x00000165617de000 JavaThread "Unconstrained build operations Thread 28" [_thread_blocked, id=12372, stack(0x00000056ace00000,0x00000056acf00000)]
  0x00000165617dc000 JavaThread "Unconstrained build operations Thread 29" [_thread_blocked, id=21344, stack(0x00000056acf00000,0x00000056ad000000)]
  0x00000165617df800 JavaThread "Unconstrained build operations Thread 30" [_thread_blocked, id=13484, stack(0x00000056ad000000,0x00000056ad100000)]
  0x00000165617e0000 JavaThread "Unconstrained build operations Thread 31" [_thread_blocked, id=21560, stack(0x00000056ad100000,0x00000056ad200000)]
  0x00000165617e1000 JavaThread "Unconstrained build operations Thread 32" [_thread_blocked, id=3104, stack(0x00000056ad200000,0x00000056ad300000)]
  0x00000165617dd000 JavaThread "Unconstrained build operations Thread 33" [_thread_blocked, id=15176, stack(0x00000056ad300000,0x00000056ad400000)]
  0x00000165617db800 JavaThread "Unconstrained build operations Thread 34" [_thread_blocked, id=25400, stack(0x00000056ad400000,0x00000056ad500000)]
  0x00000165617e2800 JavaThread "Unconstrained build operations Thread 35" [_thread_blocked, id=10896, stack(0x00000056ad500000,0x00000056ad600000)]
  0x00000165617de800 JavaThread "Unconstrained build operations Thread 36" [_thread_blocked, id=4248, stack(0x00000056ad600000,0x00000056ad700000)]
  0x00000165617e3800 JavaThread "Unconstrained build operations Thread 37" [_thread_blocked, id=9956, stack(0x00000056ad700000,0x00000056ad800000)]
  0x00000165617e5000 JavaThread "Unconstrained build operations Thread 38" [_thread_blocked, id=4984, stack(0x00000056ad800000,0x00000056ad900000)]
  0x00000165617e7000 JavaThread "Unconstrained build operations Thread 39" [_thread_blocked, id=19620, stack(0x00000056ad900000,0x00000056ada00000)]
  0x00000165617e6000 JavaThread "Unconstrained build operations Thread 40" [_thread_blocked, id=11272, stack(0x00000056ada00000,0x00000056adb00000)]
  0x00000165617e7800 JavaThread "Unconstrained build operations Thread 41" [_thread_blocked, id=24540, stack(0x00000056adb00000,0x00000056adc00000)]
  0x00000165617e2000 JavaThread "Unconstrained build operations Thread 42" [_thread_blocked, id=17004, stack(0x00000056adc00000,0x00000056add00000)]
  0x00000165617e8800 JavaThread "Unconstrained build operations Thread 43" [_thread_blocked, id=14060, stack(0x00000056add00000,0x00000056ade00000)]
  0x00000165617e9000 JavaThread "Unconstrained build operations Thread 44" [_thread_blocked, id=11048, stack(0x00000056ade00000,0x00000056adf00000)]
  0x00000165617ea000 JavaThread "Unconstrained build operations Thread 45" [_thread_blocked, id=13256, stack(0x00000056adf00000,0x00000056ae000000)]
  0x00000165617e4800 JavaThread "Unconstrained build operations Thread 46" [_thread_blocked, id=13536, stack(0x00000056ae000000,0x00000056ae100000)]
  0x00000165626dc800 JavaThread "Unconstrained build operations Thread 47" [_thread_blocked, id=7880, stack(0x00000056ae100000,0x00000056ae200000)]
  0x00000165626dd800 JavaThread "Unconstrained build operations Thread 48" [_thread_blocked, id=10616, stack(0x00000056ae200000,0x00000056ae300000)]
  0x00000165626d8000 JavaThread "Unconstrained build operations Thread 49" [_thread_blocked, id=15684, stack(0x00000056ae300000,0x00000056ae400000)]
  0x00000165626de800 JavaThread "Unconstrained build operations Thread 50" [_thread_blocked, id=15056, stack(0x00000056ae400000,0x00000056ae500000)]
  0x00000165626dc000 JavaThread "Unconstrained build operations Thread 51" [_thread_blocked, id=24336, stack(0x00000056ae500000,0x00000056ae600000)]
  0x00000165626da000 JavaThread "Unconstrained build operations Thread 52" [_thread_blocked, id=24052, stack(0x00000056ae600000,0x00000056ae700000)]
  0x00000165626d8800 JavaThread "Unconstrained build operations Thread 53" [_thread_blocked, id=5472, stack(0x00000056ae700000,0x00000056ae800000)]
  0x00000165626df000 JavaThread "Unconstrained build operations Thread 54" [_thread_blocked, id=22288, stack(0x00000056ae800000,0x00000056ae900000)]
  0x00000165626d9800 JavaThread "Unconstrained build operations Thread 55" [_thread_blocked, id=4804, stack(0x00000056ae900000,0x00000056aea00000)]
  0x00000165626e0000 JavaThread "Unconstrained build operations Thread 56" [_thread_blocked, id=14388, stack(0x00000056aea00000,0x00000056aeb00000)]
  0x00000165626e0800 JavaThread "Unconstrained build operations Thread 57" [_thread_blocked, id=14224, stack(0x00000056aeb00000,0x00000056aec00000)]
  0x00000165626db000 JavaThread "Unconstrained build operations Thread 58" [_thread_blocked, id=15908, stack(0x00000056aec00000,0x00000056aed00000)]
  0x00000165626e5800 JavaThread "Unconstrained build operations Thread 59" [_thread_blocked, id=13596, stack(0x00000056aed00000,0x00000056aee00000)]
  0x00000165626e1800 JavaThread "Unconstrained build operations Thread 60" [_thread_blocked, id=21488, stack(0x00000056aee00000,0x00000056aef00000)]
  0x00000165626e6800 JavaThread "Unconstrained build operations Thread 61" [_thread_blocked, id=7248, stack(0x00000056aef00000,0x00000056af000000)]
  0x00000165626e2800 JavaThread "Unconstrained build operations Thread 62" [_thread_blocked, id=20368, stack(0x00000056af000000,0x00000056af100000)]
  0x00000165626e3000 JavaThread "Unconstrained build operations Thread 63" [_thread_blocked, id=16628, stack(0x00000056af100000,0x00000056af200000)]
  0x00000165626e4000 JavaThread "Unconstrained build operations Thread 64" [_thread_blocked, id=2280, stack(0x00000056af200000,0x00000056af300000)]
  0x00000165626e5000 JavaThread "Unconstrained build operations Thread 65" [_thread_blocked, id=3940, stack(0x00000056af300000,0x00000056af400000)]
  0x0000016562c07800 JavaThread "Unconstrained build operations Thread 66" [_thread_blocked, id=17056, stack(0x00000056af400000,0x00000056af500000)]
  0x0000016562c0a800 JavaThread "Unconstrained build operations Thread 67" [_thread_blocked, id=1836, stack(0x00000056af500000,0x00000056af600000)]
  0x0000016562c09000 JavaThread "Unconstrained build operations Thread 68" [_thread_blocked, id=17544, stack(0x00000056af600000,0x00000056af700000)]
  0x0000016562c0d000 JavaThread "Unconstrained build operations Thread 69" [_thread_blocked, id=17180, stack(0x00000056af700000,0x00000056af800000)]
  0x0000016562c0b800 JavaThread "Unconstrained build operations Thread 70" [_thread_blocked, id=24780, stack(0x00000056af800000,0x00000056af900000)]
  0x0000016562c0e000 JavaThread "Unconstrained build operations Thread 71" [_thread_blocked, id=21636, stack(0x00000056af900000,0x00000056afa00000)]
  0x0000016562c0a000 JavaThread "Unconstrained build operations Thread 72" [_thread_blocked, id=15376, stack(0x00000056afa00000,0x00000056afb00000)]
  0x0000016562c0c800 JavaThread "Unconstrained build operations Thread 73" [_thread_blocked, id=21280, stack(0x00000056afb00000,0x00000056afc00000)]
  0x0000016562c08000 JavaThread "Unconstrained build operations Thread 74" [_thread_blocked, id=23048, stack(0x00000056afc00000,0x00000056afd00000)]
  0x0000016562c10800 JavaThread "Unconstrained build operations Thread 75" [_thread_blocked, id=14120, stack(0x00000056afd00000,0x00000056afe00000)]
  0x0000016562c0f800 JavaThread "Unconstrained build operations Thread 76" [_thread_blocked, id=13204, stack(0x00000056afe00000,0x00000056aff00000)]
  0x0000016562c14800 JavaThread "Unconstrained build operations Thread 77" [_thread_blocked, id=17976, stack(0x00000056aff00000,0x00000056b0000000)]
  0x0000016562c12000 JavaThread "Unconstrained build operations Thread 78" [_thread_blocked, id=10984, stack(0x00000056b0000000,0x00000056b0100000)]
  0x0000016562c0f000 JavaThread "Unconstrained build operations Thread 79" [_thread_blocked, id=11980, stack(0x00000056b0100000,0x00000056b0200000)]
  0x0000016562c15800 JavaThread "Unconstrained build operations Thread 80" [_thread_blocked, id=23124, stack(0x00000056b0200000,0x00000056b0300000)]
  0x0000016562c16000 JavaThread "jar transforms Thread 4" [_thread_blocked, id=19500, stack(0x00000056b0500000,0x00000056b0600000)]
  0x0000016562c11000 JavaThread "jar transforms Thread 5" [_thread_blocked, id=23360, stack(0x00000056b0600000,0x00000056b0700000)]
  0x0000016562c13000 JavaThread "jar transforms Thread 6" [_thread_blocked, id=19044, stack(0x00000056b0700000,0x00000056b0800000)]
  0x0000016562c13800 JavaThread "jar transforms Thread 7" [_thread_blocked, id=5272, stack(0x00000056b0800000,0x00000056b0900000)]
  0x00000165624fa000 JavaThread "jar transforms Thread 8" [_thread_blocked, id=14872, stack(0x00000056b0900000,0x00000056b0a00000)]
  0x00000165624fd800 JavaThread "Memory manager" [_thread_blocked, id=19996, stack(0x00000056b0a00000,0x00000056b0b00000)]
  0x00000165624fe000 JavaThread "build event listener" [_thread_blocked, id=21944, stack(0x00000056b0b00000,0x00000056b0c00000)]
  0x00000165624fb000 JavaThread "Execution worker for ':'" [_thread_blocked, id=8540, stack(0x00000056b0c00000,0x00000056b0d00000)]
  0x00000165624ff000 JavaThread "Execution worker for ':' Thread 2" [_thread_blocked, id=8732, stack(0x00000056b0d00000,0x00000056b0e00000)]
  0x00000165624f9800 JavaThread "Execution worker for ':' Thread 3" [_thread_blocked, id=1824, stack(0x00000056b0e00000,0x00000056b0f00000)]
  0x00000165624fb800 JavaThread "Execution worker for ':' Thread 4" [_thread_blocked, id=5652, stack(0x00000056b0f00000,0x00000056b1000000)]
  0x0000016562500800 JavaThread "Execution worker for ':' Thread 5" [_thread_blocked, id=20796, stack(0x00000056b1000000,0x00000056b1100000)]
  0x0000016562501800 JavaThread "Execution worker for ':' Thread 6" [_thread_blocked, id=16956, stack(0x00000056b1100000,0x00000056b1200000)]
  0x0000016562505800 JavaThread "Execution worker for ':' Thread 7" [_thread_blocked, id=2564, stack(0x00000056b1200000,0x00000056b1300000)]
  0x0000016562502800 JavaThread "Cache worker for execution history cache (C:\Users\parkn\AndroidStudioProjects\AlarmApplication\.gradle\7.3.3\executionHistory)" [_thread_blocked, id=14792, stack(0x00000056b1300000,0x00000056b1400000)]
  0x0000016562504000 JavaThread "WorkerExecutor Queue" [_thread_blocked, id=12932, stack(0x00000056b0400000,0x00000056b0500000)]
  0x0000016562504800 JavaThread "WorkerExecutor Queue Thread 2" [_thread_blocked, id=10608, stack(0x00000056b1500000,0x00000056b1600000)]
  0x00000165666ac800 JavaThread "C2 CompilerThread1" daemon [_thread_in_native, id=22804, stack(0x00000056b0300000,0x00000056b0400000)]
  0x0000016560274000 JavaThread "C2 CompilerThread2" daemon [_thread_in_native, id=19344, stack(0x00000056b1400000,0x00000056b1500000)]

Other Threads:
  0x000001655e823800 VMThread "VM Thread" [stack: 0x00000056a8600000,0x00000056a8700000] [id=15168]
  0x000001655f2e6000 WatcherThread [stack: 0x00000056a9000000,0x00000056a9100000] [id=14956]
  0x00000165443ba000 GCTaskThread "GC Thread#0" [stack: 0x00000056a8100000,0x00000056a8200000] [id=20892]
  0x000001655fffd000 GCTaskThread "GC Thread#1" [stack: 0x00000056a9200000,0x00000056a9300000] [id=16200]
  0x00000165602cb000 GCTaskThread "GC Thread#2" [stack: 0x00000056a9300000,0x00000056a9400000] [id=8144]
  0x00000165604f8000 GCTaskThread "GC Thread#3" [stack: 0x00000056a9d00000,0x00000056a9e00000] [id=11040]
  0x0000016560cce800 GCTaskThread "GC Thread#4" [stack: 0x00000056a9e00000,0x00000056a9f00000] [id=11188]
  0x00000165614bb000 GCTaskThread "GC Thread#5" [stack: 0x00000056a9f00000,0x00000056aa000000] [id=12544]
  0x0000016560b9b800 GCTaskThread "GC Thread#6" [stack: 0x00000056aa000000,0x00000056aa100000] [id=25384]
  0x000001655f190800 GCTaskThread "GC Thread#7" [stack: 0x00000056aa100000,0x00000056aa200000] [id=12376]
  0x00000165443ea000 ConcurrentGCThread "G1 Main Marker" [stack: 0x00000056a8200000,0x00000056a8300000] [id=7608]
  0x00000165443ec000 ConcurrentGCThread "G1 Conc#0" [stack: 0x00000056a8300000,0x00000056a8400000] [id=4160]
  0x0000016562146000 ConcurrentGCThread "G1 Conc#1" [stack: 0x00000056aa500000,0x00000056aa600000] [id=14328]
  0x000001655e670800 ConcurrentGCThread "G1 Refine#0" [stack: 0x00000056a8400000,0x00000056a8500000] [id=12440]
  0x000001655e671800 ConcurrentGCThread "G1 Young RemSet Sampling" [stack: 0x00000056a8500000,0x00000056a8600000] [id=1700]

Threads with active compile tasks:
C2 CompilerThread0  32983 9729       4       org.apache.xerces.impl.XMLScanner::scanAttributeValue (1007 bytes)
C1 CompilerThread0  32983 9740       3       java.util.WeakHashMap::transfer (107 bytes)
C2 CompilerThread1  32983 9728   !   4       org.apache.xerces.parsers.XML11Configuration::setFeature (155 bytes)
C2 CompilerThread2  32983 9737       4       org.apache.xerces.impl.XMLEntityScanner::skipString (207 bytes)

VM state:not at safepoint (normal execution)

VM Mutex/Monitor currently owned by a thread: None

Heap address: 0x0000000080000000, size: 2048 MB, Compressed Oops mode: 32-bit
Narrow klass base: 0x0000000000000000, Narrow klass shift: 3
Compressed class space size: 1073741824 Address: 0x0000000100000000

Heap:
 garbage-first heap   total 155648K, used 112187K [0x0000000080000000, 0x0000000100000000)
  region size 1024K, 52 young (53248K), 6 survivors (6144K)
 Metaspace       used 83989K, capacity 86181K, committed 86384K, reserved 1124352K
  class space    used 10991K, capacity 11829K, committed 11852K, reserved 1048576K
Heap Regions: E=young(eden), S=young(survivor), O=old, HS=humongous(starts), HC=humongous(continues), CS=collection set, F=free, A=archive, TAMS=top-at-mark-start (previous, next)
|   0|0x0000000080000000, 0x0000000080100000, 0x0000000080100000|100%| O|  |TAMS 0x0000000080100000, 0x0000000080000000| Untracked 
|   1|0x0000000080100000, 0x0000000080200000, 0x0000000080200000|100%| O|  |TAMS 0x0000000080200000, 0x0000000080100000| Untracked 
|   2|0x0000000080200000, 0x0000000080300000, 0x0000000080300000|100%| O|  |TAMS 0x0000000080300000, 0x0000000080200000| Untracked 
|   3|0x0000000080300000, 0x0000000080400000, 0x0000000080400000|100%|HS|  |TAMS 0x0000000080400000, 0x0000000080300000| Complete 
|   4|0x0000000080400000, 0x0000000080500000, 0x0000000080500000|100%|HC|  |TAMS 0x0000000080500000, 0x0000000080400000| Complete 
|   5|0x0000000080500000, 0x0000000080600000, 0x0000000080600000|100%|HC|  |TAMS 0x0000000080600000, 0x0000000080500000| Complete 
|   6|0x0000000080600000, 0x0000000080700000, 0x0000000080700000|100%| O|  |TAMS 0x0000000080700000, 0x0000000080600000| Untracked 
|   7|0x0000000080700000, 0x0000000080800000, 0x0000000080800000|100%| O|  |TAMS 0x0000000080800000, 0x0000000080700000| Untracked 
|   8|0x0000000080800000, 0x0000000080900000, 0x0000000080900000|100%| O|  |TAMS 0x0000000080900000, 0x0000000080800000| Untracked 
|   9|0x0000000080900000, 0x0000000080a00000, 0x0000000080a00000|100%| O|  |TAMS 0x0000000080a00000, 0x0000000080900000| Untracked 
|  10|0x0000000080a00000, 0x0000000080b00000, 0x0000000080b00000|100%| O|  |TAMS 0x0000000080b00000, 0x0000000080a00000| Untracked 
|  11|0x0000000080b00000, 0x0000000080c00000, 0x0000000080c00000|100%| O|  |TAMS 0x0000000080c00000, 0x0000000080b00000| Untracked 
|  12|0x0000000080c00000, 0x0000000080d00000, 0x0000000080d00000|100%| O|  |TAMS 0x0000000080d00000, 0x0000000080c00000| Untracked 
|  13|0x0000000080d00000, 0x0000000080e00000, 0x0000000080e00000|100%| O|  |TAMS 0x0000000080e00000, 0x0000000080d00000| Untracked 
|  14|0x0000000080e00000, 0x0000000080f00000, 0x0000000080f00000|100%| O|  |TAMS 0x0000000080f00000, 0x0000000080e00000| Untracked 
|  15|0x0000000080f00000, 0x0000000081000000, 0x0000000081000000|100%| O|  |TAMS 0x0000000081000000, 0x0000000080f00000| Untracked 
|  16|0x0000000081000000, 0x0000000081100000, 0x0000000081100000|100%| O|  |TAMS 0x0000000081100000, 0x0000000081000000| Untracked 
|  17|0x0000000081100000, 0x0000000081200000, 0x0000000081200000|100%|HS|  |TAMS 0x0000000081200000, 0x0000000081100000| Complete 
|  18|0x0000000081200000, 0x0000000081300000, 0x0000000081300000|100%| O|  |TAMS 0x0000000081300000, 0x0000000081200000| Untracked 
|  19|0x0000000081300000, 0x0000000081400000, 0x0000000081400000|100%| O|  |TAMS 0x0000000081400000, 0x0000000081300000| Untracked 
|  20|0x0000000081400000, 0x0000000081500000, 0x0000000081500000|100%| O|  |TAMS 0x0000000081500000, 0x0000000081400000| Untracked 
|  21|0x0000000081500000, 0x0000000081600000, 0x0000000081600000|100%| O|  |TAMS 0x0000000081600000, 0x0000000081500000| Untracked 
|  22|0x0000000081600000, 0x0000000081700000, 0x0000000081700000|100%| O|  |TAMS 0x0000000081700000, 0x0000000081600000| Untracked 
|  23|0x0000000081700000, 0x0000000081800000, 0x0000000081800000|100%| O|  |TAMS 0x0000000081800000, 0x0000000081700000| Untracked 
|  24|0x0000000081800000, 0x0000000081900000, 0x0000000081900000|100%| O|  |TAMS 0x0000000081900000, 0x0000000081800000| Untracked 
|  25|0x0000000081900000, 0x0000000081a00000, 0x0000000081a00000|100%| O|  |TAMS 0x0000000081a00000, 0x0000000081900000| Untracked 
|  26|0x0000000081a00000, 0x0000000081b00000, 0x0000000081b00000|100%| O|  |TAMS 0x0000000081b00000, 0x0000000081a00000| Untracked 
|  27|0x0000000081b00000, 0x0000000081c00000, 0x0000000081c00000|100%| O|  |TAMS 0x0000000081c00000, 0x0000000081b00000| Untracked 
|  28|0x0000000081c00000, 0x0000000081d00000, 0x0000000081d00000|100%|HS|  |TAMS 0x0000000081d00000, 0x0000000081c00000| Complete 
|  29|0x0000000081d00000, 0x0000000081e00000, 0x0000000081e00000|100%|HS|  |TAMS 0x0000000081e00000, 0x0000000081d00000| Complete 
|  30|0x0000000081e00000, 0x0000000081f00000, 0x0000000081f00000|100%|HC|  |TAMS 0x0000000081f00000, 0x0000000081e00000| Complete 
|  31|0x0000000081f00000, 0x0000000082000000, 0x0000000082000000|100%| O|  |TAMS 0x0000000082000000, 0x0000000081f00000| Untracked 
|  32|0x0000000082000000, 0x0000000082100000, 0x0000000082100000|100%| O|  |TAMS 0x0000000082100000, 0x0000000082000000| Untracked 
|  33|0x0000000082100000, 0x0000000082200000, 0x0000000082200000|100%| O|  |TAMS 0x0000000082200000, 0x0000000082100000| Untracked 
|  34|0x0000000082200000, 0x0000000082300000, 0x0000000082300000|100%| O|  |TAMS 0x0000000082300000, 0x0000000082200000| Untracked 
|  35|0x0000000082300000, 0x0000000082400000, 0x0000000082400000|100%| O|  |TAMS 0x0000000082400000, 0x0000000082300000| Untracked 
|  36|0x0000000082400000, 0x0000000082500000, 0x0000000082500000|100%| O|  |TAMS 0x0000000082500000, 0x0000000082400000| Untracked 
|  37|0x0000000082500000, 0x0000000082600000, 0x0000000082600000|100%| O|  |TAMS 0x0000000082600000, 0x0000000082500000| Untracked 
|  38|0x0000000082600000, 0x0000000082700000, 0x0000000082700000|100%| O|  |TAMS 0x0000000082700000, 0x0000000082600000| Untracked 
|  39|0x0000000082700000, 0x0000000082800000, 0x0000000082800000|100%| O|  |TAMS 0x0000000082800000, 0x0000000082700000| Untracked 
|  40|0x0000000082800000, 0x0000000082900000, 0x0000000082900000|100%| O|  |TAMS 0x0000000082900000, 0x0000000082800000| Untracked 
|  41|0x0000000082900000, 0x0000000082a00000, 0x0000000082a00000|100%| O|  |TAMS 0x0000000082a00000, 0x0000000082900000| Untracked 
|  42|0x0000000082a00000, 0x0000000082b00000, 0x0000000082b00000|100%| O|  |TAMS 0x0000000082b00000, 0x0000000082a00000| Untracked 
|  43|0x0000000082b00000, 0x0000000082c00000, 0x0000000082c00000|100%| O|  |TAMS 0x0000000082bc6000, 0x0000000082b00000| Untracked 
|  44|0x0000000082c00000, 0x0000000082d00000, 0x0000000082d00000|100%| O|  |TAMS 0x0000000082c00000, 0x0000000082c00000| Untracked 
|  45|0x0000000082d00000, 0x0000000082e00000, 0x0000000082e00000|100%| O|  |TAMS 0x0000000082d00000, 0x0000000082d00000| Untracked 
|  46|0x0000000082e00000, 0x0000000082f00000, 0x0000000082f00000|100%| O|  |TAMS 0x0000000082e00000, 0x0000000082e00000| Untracked 
|  47|0x0000000082f00000, 0x0000000083000000, 0x0000000083000000|100%| O|  |TAMS 0x0000000082f00000, 0x0000000082f00000| Untracked 
|  48|0x0000000083000000, 0x0000000083100000, 0x0000000083100000|100%| O|  |TAMS 0x0000000083000000, 0x0000000083000000| Untracked 
|  49|0x0000000083100000, 0x0000000083200000, 0x0000000083200000|100%| O|  |TAMS 0x0000000083100000, 0x0000000083100000| Untracked 
|  50|0x0000000083200000, 0x0000000083300000, 0x0000000083300000|100%| O|  |TAMS 0x0000000083200000, 0x0000000083200000| Untracked 
|  51|0x0000000083300000, 0x0000000083400000, 0x0000000083400000|100%| O|  |TAMS 0x0000000083300000, 0x0000000083300000| Untracked 
|  52|0x0000000083400000, 0x0000000083500000, 0x0000000083500000|100%| O|  |TAMS 0x0000000083400000, 0x0000000083400000| Untracked 
|  53|0x0000000083500000, 0x0000000083600000, 0x0000000083600000|100%| O|  |TAMS 0x0000000083500000, 0x0000000083500000| Untracked 
|  54|0x0000000083600000, 0x0000000083700000, 0x0000000083700000|100%| O|  |TAMS 0x0000000083600000, 0x0000000083600000| Untracked 
|  55|0x0000000083700000, 0x0000000083800000, 0x0000000083800000|100%| O|  |TAMS 0x0000000083700000, 0x0000000083700000| Untracked 
|  56|0x0000000083800000, 0x0000000083900000, 0x0000000083900000|100%| O|  |TAMS 0x0000000083800000, 0x0000000083800000| Untracked 
|  57|0x0000000083900000, 0x0000000083a00000, 0x0000000083a00000|100%| O|  |TAMS 0x0000000083900000, 0x0000000083900000| Untracked 
|  58|0x0000000083a00000, 0x0000000083a8ee00, 0x0000000083b00000| 55%| O|  |TAMS 0x0000000083a00000, 0x0000000083a00000| Untracked 
|  59|0x0000000083b00000, 0x0000000083b00000, 0x0000000083c00000|  0%| F|  |TAMS 0x0000000083b00000, 0x0000000083b00000| Untracked 
|  60|0x0000000083c00000, 0x0000000083c00000, 0x0000000083d00000|  0%| F|  |TAMS 0x0000000083c00000, 0x0000000083c00000| Untracked 
|  61|0x0000000083d00000, 0x0000000083d00000, 0x0000000083e00000|  0%| F|  |TAMS 0x0000000083d00000, 0x0000000083d00000| Untracked 
|  62|0x0000000083e00000, 0x0000000083e00000, 0x0000000083f00000|  0%| F|  |TAMS 0x0000000083e00000, 0x0000000083e00000| Untracked 
|  63|0x0000000083f00000, 0x0000000083f00000, 0x0000000084000000|  0%| F|  |TAMS 0x0000000083f00000, 0x0000000083f00000| Untracked 
|  64|0x0000000084000000, 0x0000000084000000, 0x0000000084100000|  0%| F|  |TAMS 0x0000000084000000, 0x0000000084000000| Untracked 
|  65|0x0000000084100000, 0x0000000084100000, 0x0000000084200000|  0%| F|  |TAMS 0x0000000084100000, 0x0000000084100000| Untracked 
|  66|0x0000000084200000, 0x0000000084200000, 0x0000000084300000|  0%| F|  |TAMS 0x0000000084200000, 0x0000000084200000| Untracked 
|  67|0x0000000084300000, 0x0000000084300000, 0x0000000084400000|  0%| F|  |TAMS 0x0000000084300000, 0x0000000084300000| Untracked 
|  68|0x0000000084400000, 0x0000000084400000, 0x0000000084500000|  0%| F|  |TAMS 0x0000000084400000, 0x0000000084400000| Untracked 
|  69|0x0000000084500000, 0x0000000084500000, 0x0000000084600000|  0%| F|  |TAMS 0x0000000084500000, 0x0000000084500000| Untracked 
|  70|0x0000000084600000, 0x0000000084600000, 0x0000000084700000|  0%| F|  |TAMS 0x0000000084600000, 0x0000000084600000| Untracked 
|  71|0x0000000084700000, 0x0000000084700000, 0x0000000084800000|  0%| F|  |TAMS 0x0000000084700000, 0x0000000084700000| Untracked 
|  72|0x0000000084800000, 0x0000000084800000, 0x0000000084900000|  0%| F|  |TAMS 0x0000000084800000, 0x0000000084800000| Untracked 
|  73|0x0000000084900000, 0x0000000084900000, 0x0000000084a00000|  0%| F|  |TAMS 0x0000000084900000, 0x0000000084900000| Untracked 
|  74|0x0000000084a00000, 0x0000000084a00000, 0x0000000084b00000|  0%| F|  |TAMS 0x0000000084a00000, 0x0000000084a00000| Untracked 
|  75|0x0000000084b00000, 0x0000000084b00000, 0x0000000084c00000|  0%| F|  |TAMS 0x0000000084b00000, 0x0000000084b00000| Untracked 
|  76|0x0000000084c00000, 0x0000000084c00000, 0x0000000084d00000|  0%| F|  |TAMS 0x0000000084c00000, 0x0000000084c00000| Untracked 
|  77|0x0000000084d00000, 0x0000000084d00000, 0x0000000084e00000|  0%| F|  |TAMS 0x0000000084d00000, 0x0000000084d00000| Untracked 
|  78|0x0000000084e00000, 0x0000000084e00000, 0x0000000084f00000|  0%| F|  |TAMS 0x0000000084e00000, 0x0000000084e00000| Untracked 
|  79|0x0000000084f00000, 0x0000000084f00000, 0x0000000085000000|  0%| F|  |TAMS 0x0000000084f00000, 0x0000000084f00000| Untracked 
|  80|0x0000000085000000, 0x0000000085000000, 0x0000000085100000|  0%| F|  |TAMS 0x0000000085000000, 0x0000000085000000| Untracked 
|  81|0x0000000085100000, 0x0000000085100000, 0x0000000085200000|  0%| F|  |TAMS 0x0000000085100000, 0x0000000085100000| Untracked 
|  82|0x0000000085200000, 0x0000000085200000, 0x0000000085300000|  0%| F|  |TAMS 0x0000000085200000, 0x0000000085200000| Untracked 
|  83|0x0000000085300000, 0x0000000085300000, 0x0000000085400000|  0%| F|  |TAMS 0x0000000085300000, 0x0000000085300000| Untracked 
|  84|0x0000000085400000, 0x0000000085400000, 0x0000000085500000|  0%| F|  |TAMS 0x0000000085400000, 0x0000000085400000| Untracked 
|  85|0x0000000085500000, 0x0000000085500000, 0x0000000085600000|  0%| F|  |TAMS 0x0000000085500000, 0x0000000085500000| Untracked 
|  86|0x0000000085600000, 0x0000000085600000, 0x0000000085700000|  0%| F|  |TAMS 0x0000000085600000, 0x0000000085600000| Untracked 
|  87|0x0000000085700000, 0x0000000085700000, 0x0000000085800000|  0%| F|  |TAMS 0x0000000085700000, 0x0000000085700000| Untracked 
|  88|0x0000000085800000, 0x0000000085800000, 0x0000000085900000|  0%| F|  |TAMS 0x0000000085800000, 0x0000000085800000| Untracked 
|  89|0x0000000085900000, 0x0000000085900000, 0x0000000085a00000|  0%| F|  |TAMS 0x0000000085900000, 0x0000000085900000| Untracked 
|  90|0x0000000085a00000, 0x0000000085a00000, 0x0000000085b00000|  0%| F|  |TAMS 0x0000000085a00000, 0x0000000085a00000| Untracked 
|  91|0x0000000085b00000, 0x0000000085b00000, 0x0000000085c00000|  0%| F|  |TAMS 0x0000000085b00000, 0x0000000085b00000| Untracked 
|  92|0x0000000085c00000, 0x0000000085c00000, 0x0000000085d00000|  0%| F|  |TAMS 0x0000000085c00000, 0x0000000085c00000| Untracked 
|  93|0x0000000085d00000, 0x0000000085d00000, 0x0000000085e00000|  0%| F|  |TAMS 0x0000000085d00000, 0x0000000085d00000| Untracked 
|  94|0x0000000085e00000, 0x0000000085e00000, 0x0000000085f00000|  0%| F|  |TAMS 0x0000000085e00000, 0x0000000085e00000| Untracked 
|  95|0x0000000085f00000, 0x0000000086000000, 0x0000000086000000|100%| S|CS|TAMS 0x0000000085f00000, 0x0000000085f00000| Complete 
|  96|0x0000000086000000, 0x0000000086100000, 0x0000000086100000|100%| S|CS|TAMS 0x0000000086000000, 0x0000000086000000| Complete 
|  97|0x0000000086100000, 0x0000000086200000, 0x0000000086200000|100%| S|CS|TAMS 0x0000000086100000, 0x0000000086100000| Complete 
|  98|0x0000000086200000, 0x0000000086300000, 0x0000000086300000|100%| S|CS|TAMS 0x0000000086200000, 0x0000000086200000| Complete 
|  99|0x0000000086300000, 0x0000000086400000, 0x0000000086400000|100%| S|CS|TAMS 0x0000000086300000, 0x0000000086300000| Complete 
| 100|0x0000000086400000, 0x0000000086500000, 0x0000000086500000|100%| S|CS|TAMS 0x0000000086400000, 0x0000000086400000| Complete 
| 101|0x0000000086500000, 0x0000000086500000, 0x0000000086600000|  0%| F|  |TAMS 0x0000000086500000, 0x0000000086500000| Untracked 
| 102|0x0000000086600000, 0x0000000086600000, 0x0000000086700000|  0%| F|  |TAMS 0x0000000086600000, 0x0000000086600000| Untracked 
| 103|0x0000000086700000, 0x0000000086700000, 0x0000000086800000|  0%| F|  |TAMS 0x0000000086700000, 0x0000000086700000| Untracked 
| 104|0x0000000086800000, 0x0000000086800000, 0x0000000086900000|  0%| F|  |TAMS 0x0000000086800000, 0x0000000086800000| Untracked 
| 105|0x0000000086900000, 0x0000000086900000, 0x0000000086a00000|  0%| F|  |TAMS 0x0000000086900000, 0x0000000086900000| Untracked 
| 106|0x0000000086a00000, 0x0000000086b00000, 0x0000000086b00000|100%| E|  |TAMS 0x0000000086a00000, 0x0000000086a00000| Complete 
| 107|0x0000000086b00000, 0x0000000086c00000, 0x0000000086c00000|100%| E|CS|TAMS 0x0000000086b00000, 0x0000000086b00000| Complete 
| 108|0x0000000086c00000, 0x0000000086d00000, 0x0000000086d00000|100%| E|CS|TAMS 0x0000000086c00000, 0x0000000086c00000| Complete 
| 109|0x0000000086d00000, 0x0000000086e00000, 0x0000000086e00000|100%| E|CS|TAMS 0x0000000086d00000, 0x0000000086d00000| Complete 
| 110|0x0000000086e00000, 0x0000000086f00000, 0x0000000086f00000|100%| E|CS|TAMS 0x0000000086e00000, 0x0000000086e00000| Complete 
| 111|0x0000000086f00000, 0x0000000087000000, 0x0000000087000000|100%| E|CS|TAMS 0x0000000086f00000, 0x0000000086f00000| Complete 
| 112|0x0000000087000000, 0x0000000087100000, 0x0000000087100000|100%| E|CS|TAMS 0x0000000087000000, 0x0000000087000000| Complete 
| 113|0x0000000087100000, 0x0000000087200000, 0x0000000087200000|100%| E|CS|TAMS 0x0000000087100000, 0x0000000087100000| Complete 
| 114|0x0000000087200000, 0x0000000087300000, 0x0000000087300000|100%| E|CS|TAMS 0x0000000087200000, 0x0000000087200000| Complete 
| 115|0x0000000087300000, 0x0000000087400000, 0x0000000087400000|100%| E|CS|TAMS 0x0000000087300000, 0x0000000087300000| Complete 
| 116|0x0000000087400000, 0x0000000087500000, 0x0000000087500000|100%| E|CS|TAMS 0x0000000087400000, 0x0000000087400000| Complete 
| 117|0x0000000087500000, 0x0000000087600000, 0x0000000087600000|100%| E|CS|TAMS 0x0000000087500000, 0x0000000087500000| Complete 
| 118|0x0000000087600000, 0x0000000087700000, 0x0000000087700000|100%| E|CS|TAMS 0x0000000087600000, 0x0000000087600000| Complete 
| 119|0x0000000087700000, 0x0000000087800000, 0x0000000087800000|100%| E|CS|TAMS 0x0000000087700000, 0x0000000087700000| Complete 
| 120|0x0000000087800000, 0x0000000087900000, 0x0000000087900000|100%| E|CS|TAMS 0x0000000087800000, 0x0000000087800000| Complete 
| 121|0x0000000087900000, 0x0000000087a00000, 0x0000000087a00000|100%| E|CS|TAMS 0x0000000087900000, 0x0000000087900000| Complete 
| 122|0x0000000087a00000, 0x0000000087b00000, 0x0000000087b00000|100%| E|CS|TAMS 0x0000000087a00000, 0x0000000087a00000| Complete 
| 123|0x0000000087b00000, 0x0000000087c00000, 0x0000000087c00000|100%| E|CS|TAMS 0x0000000087b00000, 0x0000000087b00000| Complete 
| 124|0x0000000087c00000, 0x0000000087d00000, 0x0000000087d00000|100%| E|CS|TAMS 0x0000000087c00000, 0x0000000087c00000| Complete 
| 125|0x0000000087d00000, 0x0000000087e00000, 0x0000000087e00000|100%| E|CS|TAMS 0x0000000087d00000, 0x0000000087d00000| Complete 
| 126|0x0000000087e00000, 0x0000000087f00000, 0x0000000087f00000|100%| E|CS|TAMS 0x0000000087e00000, 0x0000000087e00000| Complete 
| 127|0x0000000087f00000, 0x0000000088000000, 0x0000000088000000|100%| E|CS|TAMS 0x0000000087f00000, 0x0000000087f00000| Complete 
| 128|0x0000000088000000, 0x0000000088100000, 0x0000000088100000|100%| E|CS|TAMS 0x0000000088000000, 0x0000000088000000| Complete 
| 129|0x0000000088100000, 0x0000000088200000, 0x0000000088200000|100%| E|CS|TAMS 0x0000000088100000, 0x0000000088100000| Complete 
| 130|0x0000000088200000, 0x0000000088300000, 0x0000000088300000|100%| E|CS|TAMS 0x0000000088200000, 0x0000000088200000| Complete 
| 131|0x0000000088300000, 0x0000000088400000, 0x0000000088400000|100%| E|CS|TAMS 0x0000000088300000, 0x0000000088300000| Complete 
| 132|0x0000000088400000, 0x0000000088500000, 0x0000000088500000|100%| E|CS|TAMS 0x0000000088400000, 0x0000000088400000| Complete 
| 133|0x0000000088500000, 0x0000000088600000, 0x0000000088600000|100%| E|CS|TAMS 0x0000000088500000, 0x0000000088500000| Complete 
| 134|0x0000000088600000, 0x0000000088700000, 0x0000000088700000|100%| E|CS|TAMS 0x0000000088600000, 0x0000000088600000| Complete 
| 135|0x0000000088700000, 0x0000000088800000, 0x0000000088800000|100%| E|CS|TAMS 0x0000000088700000, 0x0000000088700000| Complete 
| 136|0x0000000088800000, 0x0000000088900000, 0x0000000088900000|100%| E|CS|TAMS 0x0000000088800000, 0x0000000088800000| Complete 
| 137|0x0000000088900000, 0x0000000088a00000, 0x0000000088a00000|100%| E|CS|TAMS 0x0000000088900000, 0x0000000088900000| Complete 
| 138|0x0000000088a00000, 0x0000000088b00000, 0x0000000088b00000|100%| E|CS|TAMS 0x0000000088a00000, 0x0000000088a00000| Complete 
| 139|0x0000000088b00000, 0x0000000088c00000, 0x0000000088c00000|100%| E|CS|TAMS 0x0000000088b00000, 0x0000000088b00000| Complete 
| 140|0x0000000088c00000, 0x0000000088d00000, 0x0000000088d00000|100%| E|CS|TAMS 0x0000000088c00000, 0x0000000088c00000| Complete 
| 141|0x0000000088d00000, 0x0000000088e00000, 0x0000000088e00000|100%| E|CS|TAMS 0x0000000088d00000, 0x0000000088d00000| Complete 
| 142|0x0000000088e00000, 0x0000000088f00000, 0x0000000088f00000|100%| E|CS|TAMS 0x0000000088e00000, 0x0000000088e00000| Complete 
| 143|0x0000000088f00000, 0x0000000089000000, 0x0000000089000000|100%| E|CS|TAMS 0x0000000088f00000, 0x0000000088f00000| Complete 
| 144|0x0000000089000000, 0x0000000089100000, 0x0000000089100000|100%| E|CS|TAMS 0x0000000089000000, 0x0000000089000000| Complete 
| 145|0x0000000089100000, 0x0000000089200000, 0x0000000089200000|100%| E|CS|TAMS 0x0000000089100000, 0x0000000089100000| Complete 
| 146|0x0000000089200000, 0x0000000089300000, 0x0000000089300000|100%| E|CS|TAMS 0x0000000089200000, 0x0000000089200000| Complete 
| 147|0x0000000089300000, 0x0000000089400000, 0x0000000089400000|100%| E|CS|TAMS 0x0000000089300000, 0x0000000089300000| Complete 
| 148|0x0000000089400000, 0x0000000089500000, 0x0000000089500000|100%| E|CS|TAMS 0x0000000089400000, 0x0000000089400000| Complete 
| 149|0x0000000089500000, 0x0000000089600000, 0x0000000089600000|100%| E|CS|TAMS 0x0000000089500000, 0x0000000089500000| Complete 
| 150|0x0000000089600000, 0x0000000089700000, 0x0000000089700000|100%| E|CS|TAMS 0x0000000089600000, 0x0000000089600000| Complete 
| 151|0x0000000089700000, 0x0000000089800000, 0x0000000089800000|100%| E|CS|TAMS 0x0000000089700000, 0x0000000089700000| Complete 

Card table byte_map: [0x00000165575e0000,0x00000165579e0000] _byte_map_base: 0x00000165571e0000

Marking Bits (Prev, Next): (CMBitMap*) 0x00000165443e0fb8, (CMBitMap*) 0x00000165443e0ff0
 Prev Bits: [0x0000016557de0000, 0x0000016559de0000)
 Next Bits: [0x0000016559de0000, 0x000001655bde0000)

Polling page: 0x0000016543b80000

Metaspace:

Usage:
  Non-class:     72.61 MB capacity,    71.29 MB ( 98%) used,     1.08 MB (  1%) free+waste,   248.81 KB ( <1%) overhead. 
      Class:     11.55 MB capacity,    10.73 MB ( 93%) used,   721.94 KB (  6%) free+waste,   115.56 KB ( <1%) overhead. 
       Both:     84.16 MB capacity,    82.02 MB ( 97%) used,     1.78 MB (  2%) free+waste,   364.38 KB ( <1%) overhead. 

Virtual space:
  Non-class space:       74.00 MB reserved,      72.79 MB ( 98%) committed 
      Class space:        1.00 GB reserved,      11.57 MB (  1%) committed 
             Both:        1.07 GB reserved,      84.36 MB (  8%) committed 

Chunk freelists:
   Non-Class:  52.00 KB
       Class:  11.00 KB
        Both:  63.00 KB

MaxMetaspaceSize: 17179869184.00 GB
CompressedClassSpaceSize: 1.00 GB
Initial GC threshold: 20.80 MB
Current GC threshold: 105.39 MB
CDS: off

CodeHeap 'non-profiled nmethods': size=120000Kb used=5999Kb max_used=5999Kb free=114000Kb
 bounds [0x000001654f980000, 0x000001654ff60000, 0x0000016556eb0000]
CodeHeap 'profiled nmethods': size=120000Kb used=20785Kb max_used=20785Kb free=99214Kb
 bounds [0x0000016548450000, 0x00000165498a0000, 0x000001654f980000]
CodeHeap 'non-nmethods': size=5760Kb used=2365Kb max_used=2431Kb free=3394Kb
 bounds [0x0000016547eb0000, 0x0000016548120000, 0x0000016548450000]
 total_blobs=10585 nmethods=9707 adapters=790
 compilation: enabled
              stopped_count=0, restarted_count=0
 full_count=0

Compilation events (20 events):
Event: 32.720 Thread 0x000001655e85d000 9726 %     4       java.lang.StringCoding::decodeUTF8_0 @ 30 (897 bytes)
Event: 32.735 Thread 0x0000016560274000 9727       4       org.apache.xerces.impl.XMLEntityScanner::scanContent (702 bytes)
Event: 32.746 Thread 0x00000165666ac800 9728   !   4       org.apache.xerces.parsers.XML11Configuration::setFeature (155 bytes)
Event: 32.748 Thread 0x000001655f14a000 9731       3       com.android.ide.common.resources.configuration.FolderConfiguration::<init> (14 bytes)
Event: 32.750 Thread 0x000001655f14a000 nmethod 9731 0x000001654989b190 code [0x000001654989b360, 0x000001654989b748]
Event: 32.750 Thread 0x000001655f14a000 9732       3       com.android.ide.common.resources.configuration.FolderConfiguration::<init> (26 bytes)
Event: 32.750 Thread 0x000001655f14a000 nmethod 9732 0x000001654989b890 code [0x000001654989ba60, 0x000001654989bd68]
Event: 32.785 Thread 0x000001655e85d000 nmethod 9726% 0x000001654ff57690 code [0x000001654ff578a0, 0x000001654ff58cb8]
Event: 32.785 Thread 0x000001655e85d000 9729       4       org.apache.xerces.impl.XMLScanner::scanAttributeValue (1007 bytes)
Event: 32.799 Thread 0x0000016560274000 nmethod 9727 0x000001654ff59590 code [0x000001654ff597a0, 0x000001654ff5a3c8]
Event: 32.799 Thread 0x0000016560274000 9730       4       org.apache.xerces.util.XMLAttributesImpl::getQName (38 bytes)
Event: 32.802 Thread 0x0000016560274000 nmethod 9730 0x000001654ff5ab90 code [0x000001654ff5ad20, 0x000001654ff5ae18]
Event: 32.808 Thread 0x000001655f14a000 9733  s    3       java.util.Hashtable::clear (38 bytes)
Event: 32.808 Thread 0x0000016560274000 9734       4       org.apache.xerces.impl.dtd.XMLDTDValidator::setProperty (1 bytes)
Event: 32.809 Thread 0x0000016560274000 nmethod 9734 0x000001654ff5af90 code [0x000001654ff5b120, 0x000001654ff5b178]
Event: 32.809 Thread 0x000001655f14a000 nmethod 9733 0x000001654989be90 code [0x000001654989c060, 0x000001654989c518]
Event: 32.809 Thread 0x0000016560274000 9735 %     4       com.android.utils.PositionXmlParser$DomBuilder::findOpeningTag @ 41 (131 bytes)
Event: 32.851 Thread 0x0000016560274000 nmethod 9735% 0x000001654ff5b290 code [0x000001654ff5b440, 0x000001654ff5bbd8]
Event: 32.852 Thread 0x0000016560274000 9737       4       org.apache.xerces.impl.XMLEntityScanner::skipString (207 bytes)
Event: 32.860 Thread 0x000001655f14a000 9740       3       java.util.WeakHashMap::transfer (107 bytes)

GC Heap History (20 events):
Event: 19.181 GC heap before
{Heap before GC invocations=10 (full 0):
 garbage-first heap   total 129024K, used 90670K [0x0000000080000000, 0x0000000100000000)
  region size 1024K, 63 young (64512K), 3 survivors (3072K)
 Metaspace       used 48380K, capacity 49613K, committed 49864K, reserved 1093632K
  class space    used 6204K, capacity 6679K, committed 6732K, reserved 1048576K
}
Event: 19.190 GC heap after
{Heap after GC invocations=11 (full 0):
 garbage-first heap   total 129024K, used 32302K [0x0000000080000000, 0x0000000100000000)
  region size 1024K, 5 young (5120K), 5 survivors (5120K)
 Metaspace       used 48380K, capacity 49613K, committed 49864K, reserved 1093632K
  class space    used 6204K, capacity 6679K, committed 6732K, reserved 1048576K
}
Event: 21.129 GC heap before
{Heap before GC invocations=11 (full 0):
 garbage-first heap   total 129024K, used 98862K [0x0000000080000000, 0x0000000100000000)
  region size 1024K, 66 young (67584K), 5 survivors (5120K)
 Metaspace       used 54891K, capacity 56124K, committed 56392K, reserved 1097728K
  class space    used 7055K, capacity 7558K, committed 7628K, reserved 1048576K
}
Event: 21.153 GC heap after
{Heap after GC invocations=12 (full 0):
 garbage-first heap   total 129024K, used 44603K [0x0000000080000000, 0x0000000100000000)
  region size 1024K, 9 young (9216K), 9 survivors (9216K)
 Metaspace       used 54891K, capacity 56124K, committed 56392K, reserved 1097728K
  class space    used 7055K, capacity 7558K, committed 7628K, reserved 1048576K
}
Event: 21.880 GC heap before
{Heap before GC invocations=12 (full 0):
 garbage-first heap   total 129024K, used 66107K [0x0000000080000000, 0x0000000100000000)
  region size 1024K, 31 young (31744K), 9 survivors (9216K)
 Metaspace       used 58437K, capacity 59855K, committed 59976K, reserved 1101824K
  class space    used 7462K, capacity 8051K, committed 8140K, reserved 1048576K
}
Event: 21.902 GC heap after
{Heap after GC invocations=13 (full 0):
 garbage-first heap   total 129024K, used 45848K [0x0000000080000000, 0x0000000100000000)
  region size 1024K, 1 young (1024K), 1 survivors (1024K)
 Metaspace       used 58437K, capacity 59855K, committed 59976K, reserved 1101824K
  class space    used 7462K, capacity 8051K, committed 8140K, reserved 1048576K
}
Event: 22.817 GC heap before
{Heap before GC invocations=14 (full 0):
 garbage-first heap   total 129024K, used 86808K [0x0000000080000000, 0x0000000100000000)
  region size 1024K, 42 young (43008K), 1 survivors (1024K)
 Metaspace       used 62936K, capacity 64396K, committed 64496K, reserved 1105920K
  class space    used 8015K, capacity 8579K, committed 8652K, reserved 1048576K
}
Event: 22.829 GC heap after
{Heap after GC invocations=15 (full 0):
 garbage-first heap   total 129024K, used 49619K [0x0000000080000000, 0x0000000100000000)
  region size 1024K, 5 young (5120K), 5 survivors (5120K)
 Metaspace       used 62936K, capacity 64396K, committed 64496K, reserved 1105920K
  class space    used 8015K, capacity 8579K, committed 8652K, reserved 1048576K
}
Event: 23.712 GC heap before
{Heap before GC invocations=16 (full 0):
 garbage-first heap   total 129024K, used 90579K [0x0000000080000000, 0x0000000100000000)
  region size 1024K, 45 young (46080K), 5 survivors (5120K)
 Metaspace       used 65306K, capacity 66810K, committed 66928K, reserved 1107968K
  class space    used 8342K, capacity 8926K, committed 9036K, reserved 1048576K
}
Event: 23.723 GC heap after
{Heap after GC invocations=17 (full 0):
 garbage-first heap   total 129024K, used 52295K [0x0000000080000000, 0x0000000100000000)
  region size 1024K, 3 young (3072K), 3 survivors (3072K)
 Metaspace       used 65306K, capacity 66810K, committed 66928K, reserved 1107968K
  class space    used 8342K, capacity 8926K, committed 9036K, reserved 1048576K
}
Event: 24.696 GC heap before
{Heap before GC invocations=17 (full 0):
 garbage-first heap   total 129024K, used 93255K [0x0000000080000000, 0x0000000100000000)
  region size 1024K, 43 young (44032K), 3 survivors (3072K)
 Metaspace       used 67667K, capacity 69173K, committed 69360K, reserved 1110016K
  class space    used 8698K, capacity 9288K, committed 9420K, reserved 1048576K
}
Event: 24.705 GC heap after
{Heap after GC invocations=18 (full 0):
 garbage-first heap   total 129024K, used 55014K [0x0000000080000000, 0x0000000100000000)
  region size 1024K, 6 young (6144K), 6 survivors (6144K)
 Metaspace       used 67667K, capacity 69173K, committed 69360K, reserved 1110016K
  class space    used 8698K, capacity 9288K, committed 9420K, reserved 1048576K
}
Event: 25.854 GC heap before
{Heap before GC invocations=18 (full 0):
 garbage-first heap   total 129024K, used 95974K [0x0000000080000000, 0x0000000100000000)
  region size 1024K, 46 young (47104K), 6 survivors (6144K)
 Metaspace       used 71968K, capacity 73597K, committed 73840K, reserved 1114112K
  class space    used 9396K, capacity 10022K, committed 10060K, reserved 1048576K
}
Event: 25.866 GC heap after
{Heap after GC invocations=19 (full 0):
 garbage-first heap   total 129024K, used 57981K [0x0000000080000000, 0x0000000100000000)
  region size 1024K, 6 young (6144K), 6 survivors (6144K)
 Metaspace       used 71968K, capacity 73597K, committed 73840K, reserved 1114112K
  class space    used 9396K, capacity 10022K, committed 10060K, reserved 1048576K
}
Event: 26.901 GC heap before
{Heap before GC invocations=19 (full 0):
 garbage-first heap   total 129024K, used 98941K [0x0000000080000000, 0x0000000100000000)
  region size 1024K, 46 young (47104K), 6 survivors (6144K)
 Metaspace       used 75585K, capacity 77288K, committed 77552K, reserved 1116160K
  class space    used 9937K, capacity 10577K, committed 10700K, reserved 1048576K
}
Event: 26.913 GC heap after
{Heap after GC invocations=20 (full 0):
 garbage-first heap   total 129024K, used 60143K [0x0000000080000000, 0x0000000100000000)
  region size 1024K, 6 young (6144K), 6 survivors (6144K)
 Metaspace       used 75585K, capacity 77288K, committed 77552K, reserved 1116160K
  class space    used 9937K, capacity 10577K, committed 10700K, reserved 1048576K
}
Event: 28.229 GC heap before
{Heap before GC invocations=20 (full 0):
 garbage-first heap   total 129024K, used 100079K [0x0000000080000000, 0x0000000100000000)
  region size 1024K, 46 young (47104K), 6 survivors (6144K)
 Metaspace       used 80839K, capacity 82830K, committed 82928K, reserved 1120256K
  class space    used 10613K, capacity 11372K, committed 11468K, reserved 1048576K
}
Event: 28.241 GC heap after
{Heap after GC invocations=21 (full 0):
 garbage-first heap   total 155648K, used 63037K [0x0000000080000000, 0x0000000100000000)
  region size 1024K, 6 young (6144K), 6 survivors (6144K)
 Metaspace       used 80839K, capacity 82830K, committed 82928K, reserved 1120256K
  class space    used 10613K, capacity 11372K, committed 11468K, reserved 1048576K
}
Event: 29.925 GC heap before
{Heap before GC invocations=21 (full 0):
 garbage-first heap   total 155648K, used 114237K [0x0000000080000000, 0x0000000100000000)
  region size 1024K, 57 young (58368K), 6 survivors (6144K)
 Metaspace       used 82487K, capacity 84652K, committed 84720K, reserved 1122304K
  class space    used 10849K, capacity 11689K, committed 11724K, reserved 1048576K
}
Event: 29.941 GC heap after
{Heap after GC invocations=22 (full 0):
 garbage-first heap   total 155648K, used 66107K [0x0000000080000000, 0x0000000100000000)
  region size 1024K, 6 young (6144K), 6 survivors (6144K)
 Metaspace       used 82487K, capacity 84652K, committed 84720K, reserved 1122304K
  class space    used 10849K, capacity 11689K, committed 11724K, reserved 1048576K
}

Deoptimization events (20 events):
Event: 32.756 Thread 0x0000016560b05800 DEOPT PACKING pc=0x0000016549889c6a sp=0x00000056a99f6ac0
Event: 32.756 Thread 0x0000016560b05800 DEOPT UNPACKING pc=0x0000016547efa95e sp=0x00000056a99f5fe0 mode 0
Event: 32.776 Thread 0x0000016560b05800 Uncommon trap: trap_request=0xffffffbe fr.pc=0x000001654ff322a0 relative=0x0000000000000860
Event: 32.776 Thread 0x0000016560b05800 Uncommon trap: reason=profile_predicate action=maybe_recompile pc=0x000001654ff322a0 method=com.android.utils.PositionXmlParser$DomBuilder.findOpeningTag(Lcom/android/utils/PositionXmlParser$Position;)Lcom/android/utils/PositionXmlParser$Position; @ 8 c2
Event: 32.776 Thread 0x0000016560b05800 DEOPT PACKING pc=0x000001654ff322a0 sp=0x00000056a99f6640
Event: 32.776 Thread 0x0000016560b05800 DEOPT UNPACKING pc=0x0000016547efa1af sp=0x00000056a99f65b8 mode 2
Event: 32.789 Thread 0x0000016560b05800 Uncommon trap: trap_request=0xffffffbe fr.pc=0x000001654ff322a0 relative=0x0000000000000860
Event: 32.789 Thread 0x0000016560b05800 Uncommon trap: reason=profile_predicate action=maybe_recompile pc=0x000001654ff322a0 method=com.android.utils.PositionXmlParser$DomBuilder.findOpeningTag(Lcom/android/utils/PositionXmlParser$Position;)Lcom/android/utils/PositionXmlParser$Position; @ 8 c2
Event: 32.789 Thread 0x0000016560b05800 DEOPT PACKING pc=0x000001654ff322a0 sp=0x00000056a99f6640
Event: 32.789 Thread 0x0000016560b05800 DEOPT UNPACKING pc=0x0000016547efa1af sp=0x00000056a99f65b8 mode 2
Event: 32.789 Thread 0x0000016560b05800 Uncommon trap: trap_request=0xffffffbe fr.pc=0x000001654ff322a0 relative=0x0000000000000860
Event: 32.789 Thread 0x0000016560b05800 Uncommon trap: reason=profile_predicate action=maybe_recompile pc=0x000001654ff322a0 method=com.android.utils.PositionXmlParser$DomBuilder.findOpeningTag(Lcom/android/utils/PositionXmlParser$Position;)Lcom/android/utils/PositionXmlParser$Position; @ 8 c2
Event: 32.789 Thread 0x0000016560b05800 DEOPT PACKING pc=0x000001654ff322a0 sp=0x00000056a99f6640
Event: 32.789 Thread 0x0000016560b05800 DEOPT UNPACKING pc=0x0000016547efa1af sp=0x00000056a99f65b8 mode 2
Event: 32.789 Thread 0x0000016560b05800 Uncommon trap: trap_request=0xffffffbe fr.pc=0x000001654ff322a0 relative=0x0000000000000860
Event: 32.789 Thread 0x0000016560b05800 Uncommon trap: reason=profile_predicate action=maybe_recompile pc=0x000001654ff322a0 method=com.android.utils.PositionXmlParser$DomBuilder.findOpeningTag(Lcom/android/utils/PositionXmlParser$Position;)Lcom/android/utils/PositionXmlParser$Position; @ 8 c2
Event: 32.789 Thread 0x0000016560b05800 DEOPT PACKING pc=0x000001654ff322a0 sp=0x00000056a99f6640
Event: 32.789 Thread 0x0000016560b05800 DEOPT UNPACKING pc=0x0000016547efa1af sp=0x00000056a99f65b8 mode 2
Event: 32.858 Thread 0x0000016560b05800 DEOPT PACKING pc=0x0000016549889c6a sp=0x00000056a99f6ac0
Event: 32.858 Thread 0x0000016560b05800 DEOPT UNPACKING pc=0x0000016547efa95e sp=0x00000056a99f5fe0 mode 0

Classes redefined (0 events):
No events

Internal exceptions (20 events):
Event: 27.980 Thread 0x000001655f7aa000 Exception <a 'java/lang/NoSuchMethodError'{0x0000000085cd8660}: <clinit>> (0x0000000085cd8660) thrown at [./src/hotspot/share/prims/jni.cpp, line 1365]
Event: 28.055 Thread 0x00000165624fb000 Exception <a 'java/lang/IncompatibleClassChangeError'{0x0000000085a2d868}: Found class java.lang.Object, but interface was expected> (0x0000000085a2d868) thrown at [./src/hotspot/share/interpreter/linkResolver.cpp, line 839]
Event: 28.131 Thread 0x00000165624fb000 Exception <a 'java/lang/NoSuchMethodError'{0x000000008582d8b0}: 'void java.lang.invoke.DirectMethodHandle$Holder.invokeVirtual(java.lang.Object, java.lang.Object)'> (0x000000008582d8b0) thrown at [./src/hotspot/share/interpreter/linkResolver.cpp, line 773]
Event: 28.259 Thread 0x00000165624fb000 Implicit null exception at 0x000001654fc3b2f7 to 0x000001654fc3b480
Event: 28.288 Thread 0x00000165624fb000 Exception <a 'java/lang/NoSuchMethodError'{0x0000000089682e10}: 'java.lang.Object java.lang.invoke.DirectMethodHandle$Holder.newInvokeSpecial(java.lang.Object, java.lang.Object, java.lang.Object, java.lang.Object)'> (0x0000000089682e10) thrown at [./src/hotspot/share/interpreter/linkResolver.cpp, line 773]
Event: 28.302 Thread 0x000001655f7aa000 Exception <a 'java/lang/NoSuchMethodError'{0x0000000089425460}: <clinit>> (0x0000000089425460) thrown at [./src/hotspot/share/prims/jni.cpp, line 1365]
Event: 28.327 Thread 0x00000165624fb000 Exception <a 'sun/nio/fs/WindowsException'{0x0000000089441d68}> (0x0000000089441d68) thrown at [./src/hotspot/share/prims/jni.cpp, line 615]
Event: 28.328 Thread 0x00000165624fb000 Exception <a 'sun/nio/fs/WindowsException'{0x0000000089442c30}> (0x0000000089442c30) thrown at [./src/hotspot/share/prims/jni.cpp, line 615]
Event: 28.380 Thread 0x0000016562504000 Exception <a 'sun/nio/fs/WindowsException'{0x0000000089263240}> (0x0000000089263240) thrown at [./src/hotspot/share/prims/jni.cpp, line 615]
Event: 28.714 Thread 0x0000016562500800 Exception <a 'java/lang/NoSuchMethodError'{0x0000000088d21998}: 'void java.lang.invoke.DirectMethodHandle$Holder.invokeStatic(java.lang.Object, java.lang.Object, java.lang.Object, java.lang.Object, int, java.lang.Object, java.lang.Object)'> (0x0000000088d21998) thrown at [./src/hotspot/share/interpreter/linkResolver.cpp, line 773]
Event: 28.769 Thread 0x0000016562c10800 Exception <a 'java/lang/NoSuchMethodError'{0x0000000088c8a780}: 'java.lang.Object java.lang.invoke.DirectMethodHandle$Holder.invokeSpecialIFC(java.lang.Object, java.lang.Object, java.lang.Object)'> (0x0000000088c8a780) thrown at [./src/hotspot/share/interpreter/linkResolver.cpp, line 773]
Event: 28.769 Thread 0x0000016562668000 Exception <a 'java/lang/NoSuchMethodError'{0x0000000088896c50}: 'java.lang.Object java.lang.invoke.DirectMethodHandle$Holder.invokeSpecialIFC(java.lang.Object, java.lang.Object, java.lang.Object)'> (0x0000000088896c50) thrown at [./src/hotspot/share/interpreter/linkResolver.cpp, line 773]
Event: 28.769 Thread 0x00000165617ea000 Exception <a 'java/lang/NoSuchMethodError'{0x00000000888c9d80}: 'java.lang.Object java.lang.invoke.DirectMethodHandle$Holder.invokeSpecialIFC(java.lang.Object, java.lang.Object, java.lang.Object)'> (0x00000000888c9d80) thrown at [./src/hotspot/share/interpreter/linkResolver.cpp, line 773]
Event: 28.769 Thread 0x00000165606a7800 Exception <a 'java/lang/NoSuchMethodError'{0x00000000888b4760}: 'java.lang.Object java.lang.invoke.DirectMethodHandle$Holder.invokeSpecialIFC(java.lang.Object, java.lang.Object, java.lang.Object)'> (0x00000000888b4760) thrown at [./src/hotspot/share/interpreter/linkResolver.cpp, line 773]
Event: 28.769 Thread 0x00000165606a6000 Exception <a 'java/lang/NoSuchMethodError'{0x00000000888d5b30}: 'java.lang.Object java.lang.invoke.DirectMethodHandle$Holder.invokeSpecialIFC(java.lang.Object, java.lang.Object, java.lang.Object)'> (0x00000000888d5b30) thrown at [./src/hotspot/share/interpreter/linkResolver.cpp, line 773]
Event: 28.769 Thread 0x00000165606a8800 Exception <a 'java/lang/NoSuchMethodError'{0x0000000088715870}: 'java.lang.Object java.lang.invoke.DirectMethodHandle$Holder.invokeSpecialIFC(java.lang.Object, java.lang.Object, java.lang.Object)'> (0x0000000088715870) thrown at [./src/hotspot/share/interpreter/linkResolver.cpp, line 773]
Event: 28.769 Thread 0x0000016562665800 Exception <a 'java/lang/NoSuchMethodError'{0x00000000888a8690}: 'java.lang.Object java.lang.invoke.DirectMethodHandle$Holder.invokeSpecialIFC(java.lang.Object, java.lang.Object, java.lang.Object)'> (0x00000000888a8690) thrown at [./src/hotspot/share/interpreter/linkResolver.cpp, line 773]
Event: 28.832 Thread 0x0000016562c10800 Exception <a 'java/lang/NoSuchMethodError'{0x0000000088533620}: 'int java.lang.invoke.DirectMethodHandle$Holder.invokeStaticInit(java.lang.Object, java.lang.Object, java.lang.Object, java.lang.Object, java.lang.Object)'> (0x0000000088533620) thrown at [./src/hotspot/share/interpreter/linkResolver.cpp, line 773]
Event: 30.170 Thread 0x0000016562500800 Exception <a 'java/lang/NoSuchMethodError'{0x000000008932fab0}: <clinit>> (0x000000008932fab0) thrown at [./src/hotspot/share/prims/jni.cpp, line 1365]
Event: 30.644 Thread 0x00000165617e3800 Implicit null exception at 0x000001654ff0e0a4 to 0x000001654ff0e244

Events (20 events):
Event: 31.047 loading class com/android/resources/ScreenOrientation
Event: 31.047 loading class com/android/resources/ScreenOrientation done
Event: 31.048 loading class com/android/resources/UiMode
Event: 31.048 loading class com/android/resources/UiMode done
Event: 31.048 loading class com/android/resources/NightMode
Event: 31.048 loading class com/android/resources/NightMode done
Event: 31.049 loading class com/android/resources/TouchScreen
Event: 31.049 loading class com/android/resources/TouchScreen done
Event: 31.050 loading class com/android/resources/KeyboardState
Event: 31.050 loading class com/android/resources/KeyboardState done
Event: 31.050 loading class com/android/resources/Keyboard
Event: 31.050 loading class com/android/resources/Keyboard done
Event: 31.051 loading class com/android/resources/NavigationState
Event: 31.051 loading class com/android/resources/NavigationState done
Event: 31.052 loading class com/android/resources/Navigation
Event: 31.052 loading class com/android/resources/Navigation done
Event: 31.146 Thread 0x00000165666ac800 Thread added: 0x00000165666ac800
Event: 31.259 Thread 0x00000165666ac800 Thread exited: 0x00000165666ac800
Event: 32.403 Thread 0x00000165666ac800 Thread added: 0x00000165666ac800
Event: 32.419 Thread 0x0000016560274000 Thread added: 0x0000016560274000


Dynamic libraries:
0x00007ff6dca20000 - 0x00007ff6dca2a000 	C:\Program Files\Android\Android Studio\jre\bin\java.exe
0x00007fff58360000 - 0x00007fff58569000 	C:\WINDOWS\SYSTEM32\ntdll.dll
0x00007fff56f90000 - 0x00007fff5704d000 	C:\WINDOWS\System32\KERNEL32.DLL
0x00007fff55840000 - 0x00007fff55bbd000 	C:\WINDOWS\System32\KERNELBASE.dll
0x00007fff560d0000 - 0x00007fff561e1000 	C:\WINDOWS\System32\ucrtbase.dll
0x00007fff37d40000 - 0x00007fff37d59000 	C:\Program Files\Android\Android Studio\jre\bin\jli.dll
0x00007fff1cae0000 - 0x00007fff1caf7000 	C:\Program Files\Android\Android Studio\jre\bin\VCRUNTIME140.dll
0x00007fff57050000 - 0x00007fff571fd000 	C:\WINDOWS\System32\USER32.dll
0x00007fff560a0000 - 0x00007fff560c6000 	C:\WINDOWS\System32\win32u.dll
0x00007fff56cd0000 - 0x00007fff56cf9000 	C:\WINDOWS\System32\GDI32.dll
0x00007fff55c80000 - 0x00007fff55d98000 	C:\WINDOWS\System32\gdi32full.dll
0x00007fff55f90000 - 0x00007fff5602d000 	C:\WINDOWS\System32\msvcp_win.dll
0x00007fff49690000 - 0x00007fff49935000 	C:\WINDOWS\WinSxS\amd64_microsoft.windows.common-controls_6595b64144ccf1df_6.0.22000.120_none_9d947278b86cc467\COMCTL32.dll
0x00007fff56d10000 - 0x00007fff56db3000 	C:\WINDOWS\System32\msvcrt.dll
0x00007fff57200000 - 0x00007fff57231000 	C:\WINDOWS\System32\IMM32.DLL
0x00007fff0c9e0000 - 0x00007fff0ca7d000 	C:\Program Files\Android\Android Studio\jre\bin\msvcp140.dll
0x00007ffee3a60000 - 0x00007ffee4545000 	C:\Program Files\Android\Android Studio\jre\bin\server\jvm.dll
0x00007fff56c20000 - 0x00007fff56cce000 	C:\WINDOWS\System32\ADVAPI32.dll
0x00007fff577a0000 - 0x00007fff5783e000 	C:\WINDOWS\System32\sechost.dll
0x00007fff58060000 - 0x00007fff58180000 	C:\WINDOWS\System32\RPCRT4.dll
0x00007fff56d00000 - 0x00007fff56d08000 	C:\WINDOWS\System32\PSAPI.DLL
0x00007fff39810000 - 0x00007fff39819000 	C:\WINDOWS\SYSTEM32\WSOCK32.dll
0x00007fff4cb30000 - 0x00007fff4cb63000 	C:\WINDOWS\SYSTEM32\WINMM.dll
0x00007fff49bb0000 - 0x00007fff49bba000 	C:\WINDOWS\SYSTEM32\VERSION.dll
0x00007fff561f0000 - 0x00007fff5625f000 	C:\WINDOWS\System32\WS2_32.dll
0x00007fff54a30000 - 0x00007fff54a48000 	C:\WINDOWS\SYSTEM32\kernel.appcore.dll
0x00007fff4ec70000 - 0x00007fff4ec81000 	C:\Program Files\Android\Android Studio\jre\bin\verify.dll
0x00007fff50310000 - 0x00007fff50531000 	C:\WINDOWS\SYSTEM32\DBGHELP.DLL
0x00007fff427d0000 - 0x00007fff42801000 	C:\WINDOWS\SYSTEM32\dbgcore.DLL
0x00007fff55f10000 - 0x00007fff55f8f000 	C:\WINDOWS\System32\bcryptPrimitives.dll
0x00007fff4b2c0000 - 0x00007fff4b2e9000 	C:\Program Files\Android\Android Studio\jre\bin\java.dll
0x00007fff4eda0000 - 0x00007fff4edab000 	C:\Program Files\Android\Android Studio\jre\bin\jimage.dll
0x00007fff4ec50000 - 0x00007fff4ec68000 	C:\Program Files\Android\Android Studio\jre\bin\zip.dll
0x00007fff578a0000 - 0x00007fff58058000 	C:\WINDOWS\System32\SHELL32.dll
0x00007fff539c0000 - 0x00007fff54228000 	C:\WINDOWS\SYSTEM32\windows.storage.dll
0x00007fff56260000 - 0x00007fff565d9000 	C:\WINDOWS\System32\combase.dll
0x00007fff53850000 - 0x00007fff539b6000 	C:\WINDOWS\SYSTEM32\wintypes.dll
0x00007fff56ea0000 - 0x00007fff56f8a000 	C:\WINDOWS\System32\SHCORE.dll
0x00007fff56850000 - 0x00007fff568ad000 	C:\WINDOWS\System32\shlwapi.dll
0x00007fff55770000 - 0x00007fff55791000 	C:\WINDOWS\SYSTEM32\profapi.dll
0x00007fff4c590000 - 0x00007fff4c5aa000 	C:\Program Files\Android\Android Studio\jre\bin\net.dll
0x00007fff4d880000 - 0x00007fff4d98c000 	C:\WINDOWS\SYSTEM32\WINHTTP.dll
0x00007fff54e60000 - 0x00007fff54ec7000 	C:\WINDOWS\system32\mswsock.dll
0x00007fff3e330000 - 0x00007fff3e344000 	C:\Program Files\Android\Android Studio\jre\bin\nio.dll
0x00007fff23140000 - 0x00007fff23167000 	C:\Users\parkn\.gradle\native\e1d6ef7f7dcc3fd88c89a11ec53ec762bb8ba0a96d01ffa2cd45eb1d1d8dd5c5\windows-amd64\native-platform.dll
0x00007fff05650000 - 0x00007fff05794000 	C:\Users\parkn\.gradle\native\5664cfc778a61ccfe75a443a1ab52a65af34e5dc3c78e0209fed803814484fcb\windows-amd64\native-platform-file-events.dll
0x00007fff4c4b0000 - 0x00007fff4c4ba000 	C:\Program Files\Android\Android Studio\jre\bin\management.dll
0x00007fff4b2a0000 - 0x00007fff4b2ad000 	C:\Program Files\Android\Android Studio\jre\bin\management_ext.dll
0x00007fff550a0000 - 0x00007fff550b8000 	C:\WINDOWS\SYSTEM32\CRYPTSP.dll
0x00007fff54990000 - 0x00007fff549c5000 	C:\WINDOWS\system32\rsaenh.dll
0x00007fff54f50000 - 0x00007fff54f79000 	C:\WINDOWS\SYSTEM32\USERENV.dll
0x00007fff55220000 - 0x00007fff55247000 	C:\WINDOWS\SYSTEM32\bcrypt.dll
0x00007fff550c0000 - 0x00007fff550cc000 	C:\WINDOWS\SYSTEM32\CRYPTBASE.dll
0x00007fff54560000 - 0x00007fff5458d000 	C:\WINDOWS\SYSTEM32\IPHLPAPI.DLL
0x00007fff565e0000 - 0x00007fff565e9000 	C:\WINDOWS\System32\NSI.dll
0x00007fff4d860000 - 0x00007fff4d879000 	C:\WINDOWS\SYSTEM32\dhcpcsvc6.DLL
0x00007fff4db00000 - 0x00007fff4db1e000 	C:\WINDOWS\SYSTEM32\dhcpcsvc.DLL
0x00007fff545d0000 - 0x00007fff546b8000 	C:\WINDOWS\SYSTEM32\DNSAPI.dll

dbghelp: loaded successfully - version: 4.0.5 - missing functions: none
symbol engine: initialized successfully - sym options: 0x614 - pdb path: .;C:\Program Files\Android\Android Studio\jre\bin;C:\WINDOWS\SYSTEM32;C:\WINDOWS\WinSxS\amd64_microsoft.windows.common-controls_6595b64144ccf1df_6.0.22000.120_none_9d947278b86cc467;C:\Program Files\Android\Android Studio\jre\bin\server;C:\Users\parkn\.gradle\native\e1d6ef7f7dcc3fd88c89a11ec53ec762bb8ba0a96d01ffa2cd45eb1d1d8dd5c5\windows-amd64;C:\Users\parkn\.gradle\native\5664cfc778a61ccfe75a443a1ab52a65af34e5dc3c78e0209fed803814484fcb\windows-amd64

VM Arguments:
jvm_args: --add-opens=java.base/java.util=ALL-UNNAMED --add-opens=java.base/java.lang=ALL-UNNAMED --add-opens=java.base/java.lang.invoke=ALL-UNNAMED --add-opens=java.base/java.util=ALL-UNNAMED --add-opens=java.prefs/java.util.prefs=ALL-UNNAMED --add-opens=java.prefs/java.util.prefs=ALL-UNNAMED --add-opens=java.base/java.nio.charset=ALL-UNNAMED --add-opens=java.base/java.net=ALL-UNNAMED --add-opens=java.base/java.util.concurrent.atomic=ALL-UNNAMED -Xmx2048m -Dfile.encoding=UTF-8 -Duser.country=KR -Duser.language=ko -Duser.variant 
java_command: org.gradle.launcher.daemon.bootstrap.GradleDaemon 7.3.3
java_class_path (initial): C:\Users\parkn\.gradle\wrapper\dists\gradle-7.3.3-bin\6a41zxkdtcxs8rphpq6y0069z\gradle-7.3.3\lib\gradle-launcher-7.3.3.jar
Launcher Type: SUN_STANDARD

[Global flags]
     intx CICompilerCount                          = 4                                         {product} {ergonomic}
     uint ConcGCThreads                            = 2                                         {product} {ergonomic}
     uint G1ConcRefinementThreads                  = 8                                         {product} {ergonomic}
   size_t G1HeapRegionSize                         = 1048576                                   {product} {ergonomic}
    uintx GCDrainStackTargetSize                   = 64                                        {product} {ergonomic}
   size_t InitialHeapSize                          = 132120576                                 {product} {ergonomic}
   size_t MarkStackSize                            = 4194304                                   {product} {ergonomic}
   size_t MaxHeapSize                              = 2147483648                                {product} {command line}
   size_t MaxNewSize                               = 1287651328                                {product} {ergonomic}
   size_t MinHeapDeltaBytes                        = 1048576                                   {product} {ergonomic}
    uintx NonNMethodCodeHeapSize                   = 5836300                                {pd product} {ergonomic}
    uintx NonProfiledCodeHeapSize                  = 122910970                              {pd product} {ergonomic}
    uintx ProfiledCodeHeapSize                     = 122910970                              {pd product} {ergonomic}
    uintx ReservedCodeCacheSize                    = 251658240                              {pd product} {ergonomic}
     bool SegmentedCodeCache                       = true                                      {product} {ergonomic}
     bool UseCompressedClassPointers               = true                                 {lp64_product} {ergonomic}
     bool UseCompressedOops                        = true                                 {lp64_product} {ergonomic}
     bool UseG1GC                                  = true                                      {product} {ergonomic}
     bool UseLargePagesIndividualAllocation        = false                                  {pd product} {ergonomic}

Logging:
Log output configuration:
 #0: stdout all=warning uptime,level,tags
 #1: stderr all=off uptime,level,tags

Environment Variables:
PATH=C:\Program Files\Java\jdk-17.0.2\bin;C:\Program Files\Common Files\Oracle\Java\javapath;C:\Program Files\Python39\Scripts\;C:\Program Files\Python39\;C:\windows\system32;C:\windows;C:\windows\System32\Wbem;C:\windows\System32\WindowsPowerShell\v1.0\;C:\windows\System32\OpenSSH\;C:\Program Files (x86)\NVIDIA Corporation\PhysX\Common;C:\Program Files\NVIDIA Corporation\NVIDIA NvDLISR;C:\Program Files\Git\cmd;C:\Program Files\nodejs\;%SystemRoot%\system32;%SystemRoot%;%SystemRoot%\System32\Wbem;%SYSTEMROOT%\System32\WindowsPowerShell\v1.0\;%SYSTEMROOT%\System32\OpenSSH\;C:\Program Files\MySQL\MySQL Shell 8.0\bin\;C:\Users\parkn\AppData\Local\Programs\Python\Python39\Scripts\;C:\Users\parkn\AppData\Local\Programs\Python\Python39\;C:\Users\parkn\AppData\Local\Microsoft\WindowsApps;C:\Users\parkn\AppData\Local\Programs\Microsoft VS Code\bin;C:\Users\parkn\AppData\Roaming\npm;C:\Users\parkn\AppData\Local\Microsoft\WindowsApps
USERNAME=parkn
OS=Windows_NT
PROCESSOR_IDENTIFIER=Intel64 Family 6 Model 142 Stepping 12, GenuineIntel



---------------  S Y S T E M  ---------------

OS: Windows 10 , 64 bit Build 22000 (10.0.22000.708)
OS uptime: 2 days 22:33 hours

CPU:total 8 (initial active 8) (4 cores per cpu, 2 threads per core) family 6 model 142 stepping 12 microcode 0xde, cmov, cx8, fxsr, mmx, sse, sse2, sse3, ssse3, sse4.1, sse4.2, popcnt, avx, avx2, aes, clmul, erms, 3dnowpref, lzcnt, ht, tsc, tscinvbit, bmi1, bmi2, adx, fma

Memory: 4k page, system-wide physical 8001M (818M free)
TotalPageFile size 9897M (AvailPageFile size 3M)
current process WorkingSet (physical memory assigned to process): 389M, peak: 422M
current process commit charge ("private bytes"): 432M, peak: 460M

vm_info: OpenJDK 64-Bit Server VM (11.0.12+7-b1504.28-7817840) for windows-amd64 JRE (11.0.12+7-b1504.28-7817840), built on Oct 13 2021 22:12:33 by "builder" with MS VC++ 14.0 (VS2015)

END.
