#
# There is insufficient memory for the Java Runtime Environment to continue.
# Native memory allocation (malloc) failed to allocate 32744 bytes for ChunkPool::allocate
# Possible reasons:
#   The system is out of physical RAM or swap space
#   The process is running with CompressedOops enabled, and the Java Heap may be blocking the growth of the native heap
# Possible solutions:
#   Reduce memory load on the system
#   Increase physical memory or swap space
#   Check if swap backing store is full
#   Decrease Java heap size (-Xmx/-Xms)
#   Decrease number of Java threads
#   Decrease Java thread stack sizes (-Xss)
#   Set larger code cache with -XX:ReservedCodeCacheSize=
#   JVM is running with Unscaled Compressed Oops mode in which the Java heap is
#     placed in the first 4GB address space. The Java Heap base address is the
#     maximum limit for the native heap growth. Please use -XX:HeapBaseMinAddress
#     to set the Java Heap base and to place the Java Heap above 4GB virtual address.
# This output file may be truncated or incomplete.
#
#  Out of Memory Error (./src/hotspot/share/memory/arena.cpp:81), pid=18168, tid=24508
#
# JRE version: OpenJDK Runtime Environment (11.0.12+7) (build 11.0.12+7-b1504.28-7817840)
# Java VM: OpenJDK 64-Bit Server VM (11.0.12+7-b1504.28-7817840, mixed mode, tiered, compressed oops, g1 gc, windows-amd64)
# No core dump will be written. Minidumps are not enabled by default on client versions of Windows
#

---------------  S U M M A R Y ------------

Command Line: --add-opens=java.base/java.util=ALL-UNNAMED --add-opens=java.base/java.lang=ALL-UNNAMED --add-opens=java.base/java.lang.invoke=ALL-UNNAMED --add-opens=java.base/java.util=ALL-UNNAMED --add-opens=java.prefs/java.util.prefs=ALL-UNNAMED --add-opens=java.prefs/java.util.prefs=ALL-UNNAMED --add-opens=java.base/java.nio.charset=ALL-UNNAMED --add-opens=java.base/java.net=ALL-UNNAMED --add-opens=java.base/java.util.concurrent.atomic=ALL-UNNAMED -Xmx2048m -Dfile.encoding=UTF-8 -Duser.country=KR -Duser.language=ko -Duser.variant org.gradle.launcher.daemon.bootstrap.GradleDaemon 7.3.3

Host: Intel(R) Core(TM) i5-10210U CPU @ 1.60GHz, 8 cores, 7G,  Windows 10 , 64 bit Build 22000 (10.0.22000.708)
Time: Mon Aug 22 13:52:49 2022 대한민국 표준시 elapsed time: 5.750855 seconds (0d 0h 0m 5s)

---------------  T H R E A D  ---------------

Current thread (0x000002943a0a3800):  JavaThread "Daemon worker" [_thread_in_vm, id=24508, stack(0x0000009e5db00000,0x0000009e5dc00000)]

Stack: [0x0000009e5db00000,0x0000009e5dc00000]
Native frames: (J=compiled Java code, j=interpreted, Vv=VM code, C=native code)
V  [jvm.dll+0x5fbcea]
V  [jvm.dll+0x731905]
V  [jvm.dll+0x732f1d]
V  [jvm.dll+0x7335d3]
V  [jvm.dll+0x247bf8]
V  [jvm.dll+0xc041b]
V  [jvm.dll+0xc06cc]
V  [jvm.dll+0xb9185]
V  [jvm.dll+0x38111a]
V  [jvm.dll+0x38480a]
V  [jvm.dll+0x381d18]
V  [jvm.dll+0x3816d3]
V  [jvm.dll+0x3f040a]
C  [java.dll+0x840a]

Java frames: (J=compiled Java code, j=interpreted, Vv=VM code)
J 698  java.lang.Throwable.fillInStackTrace(I)Ljava/lang/Throwable; java.base@11.0.12 (0 bytes) @ 0x0000029427f8dafb [0x0000029427f8dac0+0x000000000000003b]
J 1956 c2 java.lang.ClassNotFoundException.<init>(Ljava/lang/String;)V java.base@11.0.12 (7 bytes) @ 0x0000029428052c4c [0x0000029428052a40+0x000000000000020c]
J 1957 c2 java.lang.ClassLoader.loadClass(Ljava/lang/String;Z)Ljava/lang/Class; java.base@11.0.12 (122 bytes) @ 0x000002942805f840 [0x000002942805d7a0+0x00000000000020a0]
J 1957 c2 java.lang.ClassLoader.loadClass(Ljava/lang/String;Z)Ljava/lang/Class; java.base@11.0.12 (122 bytes) @ 0x000002942805e3e8 [0x000002942805d7a0+0x0000000000000c48]
J 613 c1 java.lang.ClassLoader.loadClass(Ljava/lang/String;)Ljava/lang/Class; java.base@11.0.12 (7 bytes) @ 0x0000029420b229bc [0x0000029420b228c0+0x00000000000000fc]
v  ~StubRoutines::call_stub
j  org.gradle.api.internal.artifacts.DependencyManagementBuildScopeServices.createLocalMavenRepositoryLocator(Lorg/gradle/api/internal/artifacts/mvnsettings/MavenSettingsProvider;)Lorg/gradle/api/internal/artifacts/mvnsettings/LocalMavenRepositoryLocator;+0
v  ~StubRoutines::call_stub
J 2195  jdk.internal.reflect.NativeMethodAccessorImpl.invoke0(Ljava/lang/reflect/Method;Ljava/lang/Object;[Ljava/lang/Object;)Ljava/lang/Object; java.base@11.0.12 (0 bytes) @ 0x00000294280697bf [0x0000029428069740+0x000000000000007f]
J 2194 c1 jdk.internal.reflect.NativeMethodAccessorImpl.invoke(Ljava/lang/Object;[Ljava/lang/Object;)Ljava/lang/Object; java.base@11.0.12 (104 bytes) @ 0x0000029420e9daa4 [0x0000029420e9cec0+0x0000000000000be4]
J 1631 c1 jdk.internal.reflect.DelegatingMethodAccessorImpl.invoke(Ljava/lang/Object;[Ljava/lang/Object;)Ljava/lang/Object; java.base@11.0.12 (10 bytes) @ 0x0000029420d799bc [0x0000029420d798c0+0x00000000000000fc]
J 2252 c1 org.gradle.internal.reflect.JavaMethod.invoke(Ljava/lang/Object;[Ljava/lang/Object;)Ljava/lang/Object; (74 bytes) @ 0x0000029420ece6dc [0x0000029420ece340+0x000000000000039c]
J 2251 c1 org.gradle.internal.service.ReflectionBasedServiceMethod.invoke(Ljava/lang/Object;[Ljava/lang/Object;)Ljava/lang/Object; (16 bytes) @ 0x0000029420ecdd6c [0x0000029420ecdce0+0x000000000000008c]
J 2256 c1 org.gradle.internal.service.DefaultServiceRegistry$FactoryMethodService.invokeMethod([Ljava/lang/Object;)Ljava/lang/Object; (151 bytes) @ 0x0000029420ed0e34 [0x0000029420ed0d20+0x0000000000000114]
J 2199 c1 org.gradle.internal.service.DefaultServiceRegistry$FactoryService.createServiceInstance()Ljava/lang/Object; (18 bytes) @ 0x0000029420ea6b8c [0x0000029420ea6a60+0x000000000000012c]
J 1814 c1 org.gradle.internal.service.DefaultServiceRegistry$ManagedObjectServiceProvider.getInstance()Ljava/lang/Object; (47 bytes) @ 0x0000029420dbf044 [0x0000029420dbee00+0x0000000000000244]
J 1813 c1 org.gradle.internal.service.DefaultServiceRegistry$SingletonService.get()Ljava/lang/Object; (5 bytes) @ 0x0000029420dbeab4 [0x0000029420dbea40+0x0000000000000074]
J 2200 c1 org.gradle.internal.service.DefaultServiceRegistry$FactoryService.assembleParameters()[Ljava/lang/Object; (58 bytes) @ 0x0000029420ea5c2c [0x0000029420ea5a00+0x000000000000022c]
J 2199 c1 org.gradle.internal.service.DefaultServiceRegistry$FactoryService.createServiceInstance()Ljava/lang/Object; (18 bytes) @ 0x0000029420ea6adc [0x0000029420ea6a60+0x000000000000007c]
J 1814 c1 org.gradle.internal.service.DefaultServiceRegistry$ManagedObjectServiceProvider.getInstance()Ljava/lang/Object; (47 bytes) @ 0x0000029420dbf044 [0x0000029420dbee00+0x0000000000000244]
J 1813 c1 org.gradle.internal.service.DefaultServiceRegistry$SingletonService.get()Ljava/lang/Object; (5 bytes) @ 0x0000029420dbeab4 [0x0000029420dbea40+0x0000000000000074]
J 2200 c1 org.gradle.internal.service.DefaultServiceRegistry$FactoryService.assembleParameters()[Ljava/lang/Object; (58 bytes) @ 0x0000029420ea5c2c [0x0000029420ea5a00+0x000000000000022c]
J 2199 c1 org.gradle.internal.service.DefaultServiceRegistry$FactoryService.createServiceInstance()Ljava/lang/Object; (18 bytes) @ 0x0000029420ea6adc [0x0000029420ea6a60+0x000000000000007c]
J 1814 c1 org.gradle.internal.service.DefaultServiceRegistry$ManagedObjectServiceProvider.getInstance()Ljava/lang/Object; (47 bytes) @ 0x0000029420dbf044 [0x0000029420dbee00+0x0000000000000244]
J 1813 c1 org.gradle.internal.service.DefaultServiceRegistry$SingletonService.get()Ljava/lang/Object; (5 bytes) @ 0x0000029420dbeab4 [0x0000029420dbea40+0x0000000000000074]
J 2200 c1 org.gradle.internal.service.DefaultServiceRegistry$FactoryService.assembleParameters()[Ljava/lang/Object; (58 bytes) @ 0x0000029420ea5c2c [0x0000029420ea5a00+0x000000000000022c]
J 2199 c1 org.gradle.internal.service.DefaultServiceRegistry$FactoryService.createServiceInstance()Ljava/lang/Object; (18 bytes) @ 0x0000029420ea6adc [0x0000029420ea6a60+0x000000000000007c]
J 1814 c1 org.gradle.internal.service.DefaultServiceRegistry$ManagedObjectServiceProvider.getInstance()Ljava/lang/Object; (47 bytes) @ 0x0000029420dbf044 [0x0000029420dbee00+0x0000000000000244]
J 1813 c1 org.gradle.internal.service.DefaultServiceRegistry$SingletonService.get()Ljava/lang/Object; (5 bytes) @ 0x0000029420dbeab4 [0x0000029420dbea40+0x0000000000000074]
J 2200 c1 org.gradle.internal.service.DefaultServiceRegistry$FactoryService.assembleParameters()[Ljava/lang/Object; (58 bytes) @ 0x0000029420ea5c2c [0x0000029420ea5a00+0x000000000000022c]
J 2199 c1 org.gradle.internal.service.DefaultServiceRegistry$FactoryService.createServiceInstance()Ljava/lang/Object; (18 bytes) @ 0x0000029420ea6adc [0x0000029420ea6a60+0x000000000000007c]
J 1814 c1 org.gradle.internal.service.DefaultServiceRegistry$ManagedObjectServiceProvider.getInstance()Ljava/lang/Object; (47 bytes) @ 0x0000029420dbf044 [0x0000029420dbee00+0x0000000000000244]
J 1813 c1 org.gradle.internal.service.DefaultServiceRegistry$SingletonService.get()Ljava/lang/Object; (5 bytes) @ 0x0000029420dbeab4 [0x0000029420dbea40+0x0000000000000074]
J 2200 c1 org.gradle.internal.service.DefaultServiceRegistry$FactoryService.assembleParameters()[Ljava/lang/Object; (58 bytes) @ 0x0000029420ea5c2c [0x0000029420ea5a00+0x000000000000022c]
J 2199 c1 org.gradle.internal.service.DefaultServiceRegistry$FactoryService.createServiceInstance()Ljava/lang/Object; (18 bytes) @ 0x0000029420ea6adc [0x0000029420ea6a60+0x000000000000007c]
J 1814 c1 org.gradle.internal.service.DefaultServiceRegistry$ManagedObjectServiceProvider.getInstance()Ljava/lang/Object; (47 bytes) @ 0x0000029420dbf044 [0x0000029420dbee00+0x0000000000000244]
J 1813 c1 org.gradle.internal.service.DefaultServiceRegistry$SingletonService.get()Ljava/lang/Object; (5 bytes) @ 0x0000029420dbeab4 [0x0000029420dbea40+0x0000000000000074]
J 2200 c1 org.gradle.internal.service.DefaultServiceRegistry$FactoryService.assembleParameters()[Ljava/lang/Object; (58 bytes) @ 0x0000029420ea5c2c [0x0000029420ea5a00+0x000000000000022c]
J 2199 c1 org.gradle.internal.service.DefaultServiceRegistry$FactoryService.createServiceInstance()Ljava/lang/Object; (18 bytes) @ 0x0000029420ea6adc [0x0000029420ea6a60+0x000000000000007c]
J 1814 c1 org.gradle.internal.service.DefaultServiceRegistry$ManagedObjectServiceProvider.getInstance()Ljava/lang/Object; (47 bytes) @ 0x0000029420dbf044 [0x0000029420dbee00+0x0000000000000244]
J 1813 c1 org.gradle.internal.service.DefaultServiceRegistry$SingletonService.get()Ljava/lang/Object; (5 bytes) @ 0x0000029420dbeab4 [0x0000029420dbea40+0x0000000000000074]
j  org.gradle.internal.service.DefaultServiceRegistry.find(Ljava/lang/reflect/Type;)Ljava/lang/Object;+22
j  org.gradle.internal.service.DefaultServiceRegistry.get(Ljava/lang/reflect/Type;)Ljava/lang/Object;+2
j  org.gradle.internal.service.DefaultServiceRegistry.get(Ljava/lang/Class;)Ljava/lang/Object;+3
j  org.gradle.api.internal.artifacts.DefaultDependencyManagementServices$DefaultDependencyResolutionServices.getDependencyLockingHandler()Lorg/gradle/api/artifacts/dsl/DependencyLockingHandler;+6
j  org.gradle.api.internal.initialization.DefaultScriptHandler.<init>(Lorg/gradle/groovy/scripts/ScriptSource;Lorg/gradle/api/internal/artifacts/DependencyResolutionServices;Lorg/gradle/api/internal/initialization/ClassLoaderScope;Lorg/gradle/api/internal/initialization/ScriptClassPathResolver;Lorg/gradle/api/internal/model/NamedObjectInstantiator;)V+43
j  org.gradle.api.internal.initialization.DefaultScriptHandlerFactory.create(Lorg/gradle/groovy/scripts/ScriptSource;Lorg/gradle/api/internal/initialization/ClassLoaderScope;Lorg/gradle/api/internal/DomainObjectContext;)Lorg/gradle/api/internal/initialization/ScriptHandlerInternal;+44
j  org.gradle.api.internal.initialization.DefaultScriptHandlerFactory.create(Lorg/gradle/groovy/scripts/ScriptSource;Lorg/gradle/api/internal/initialization/ClassLoaderScope;)Lorg/gradle/api/internal/initialization/ScriptHandlerInternal;+6
j  org.gradle.initialization.SettingsFactory.createSettings(Lorg/gradle/api/internal/GradleInternal;Ljava/io/File;Lorg/gradle/groovy/scripts/ScriptSource;Ljava/util/Map;Lorg/gradle/StartParameter;Lorg/gradle/api/internal/initialization/ClassLoaderScope;)Lorg/gradle/api/internal/SettingsInternal;+45
j  org.gradle.initialization.ScriptEvaluatingSettingsProcessor.process(Lorg/gradle/api/internal/GradleInternal;Lorg/gradle/initialization/SettingsLocation;Lorg/gradle/api/internal/initialization/ClassLoaderScope;Lorg/gradle/StartParameter;)Lorg/gradle/api/internal/SettingsInternal;+59
j  org.gradle.initialization.SettingsEvaluatedCallbackFiringSettingsProcessor.process(Lorg/gradle/api/internal/GradleInternal;Lorg/gradle/initialization/SettingsLocation;Lorg/gradle/api/internal/initialization/ClassLoaderScope;Lorg/gradle/StartParameter;)Lorg/gradle/api/internal/SettingsInternal;+9
j  org.gradle.initialization.RootBuildCacheControllerSettingsProcessor.process(Lorg/gradle/api/internal/GradleInternal;Lorg/gradle/initialization/SettingsLocation;Lorg/gradle/api/internal/initialization/ClassLoaderScope;Lorg/gradle/StartParameter;)Lorg/gradle/api/internal/SettingsInternal;+9
j  org.gradle.initialization.BuildOperationSettingsProcessor$2.call(Lorg/gradle/internal/operations/BuildOperationContext;)Lorg/gradle/api/internal/SettingsInternal;+23
j  org.gradle.initialization.BuildOperationSettingsProcessor$2.call(Lorg/gradle/internal/operations/BuildOperationContext;)Ljava/lang/Object;+2
j  org.gradle.internal.operations.DefaultBuildOperationRunner$CallableBuildOperationWorker.execute(Lorg/gradle/internal/operations/CallableBuildOperation;Lorg/gradle/internal/operations/BuildOperationContext;)V+3
j  org.gradle.internal.operations.DefaultBuildOperationRunner$CallableBuildOperationWorker.execute(Lorg/gradle/internal/operations/BuildOperation;Lorg/gradle/internal/operations/BuildOperationContext;)V+6
j  org.gradle.internal.operations.DefaultBuildOperationRunner$2.execute(Lorg/gradle/internal/operations/BuildOperationDescriptor;Lorg/gradle/internal/operations/BuildOperationState;Lorg/gradle/internal/operations/BuildOperationState;Lorg/gradle/internal/operations/DefaultBuildOperationRunner$ReadableBuildOperationContext;Lorg/gradle/internal/operations/DefaultBuildOperationRunner$BuildOperationExecutionListener;)Lorg/gradle/internal/operations/BuildOperation;+22
j  org.gradle.internal.operations.DefaultBuildOperationRunner$2.execute(Lorg/gradle/internal/operations/BuildOperationDescriptor;Lorg/gradle/internal/operations/BuildOperationState;Lorg/gradle/internal/operations/BuildOperationState;Lorg/gradle/internal/operations/DefaultBuildOperationRunner$ReadableBuildOperationContext;Lorg/gradle/internal/operations/DefaultBuildOperationRunner$BuildOperationExecutionListener;)Ljava/lang/Object;+8
j  org.gradle.internal.operations.DefaultBuildOperationRunner.execute(Lorg/gradle/internal/operations/BuildOperationDescriptor$Builder;Lorg/gradle/internal/operations/BuildOperationState;Lorg/gradle/internal/operations/DefaultBuildOperationRunner$BuildOperationExecution;)Ljava/lang/Object;+141
j  org.gradle.internal.operations.DefaultBuildOperationRunner.execute(Lorg/gradle/internal/operations/BuildOperation;Lorg/gradle/internal/operations/BuildOperationWorker;Lorg/gradle/internal/operations/BuildOperationState;)V+18
j  org.gradle.internal.operations.DefaultBuildOperationRunner.call(Lorg/gradle/internal/operations/CallableBuildOperation;)Ljava/lang/Object;+16
j  org.gradle.internal.operations.DefaultBuildOperationExecutor.call(Lorg/gradle/internal/operations/CallableBuildOperation;)Ljava/lang/Object;+5
j  org.gradle.initialization.BuildOperationSettingsProcessor.process(Lorg/gradle/api/internal/GradleInternal;Lorg/gradle/initialization/SettingsLocation;Lorg/gradle/api/internal/initialization/ClassLoaderScope;Lorg/gradle/StartParameter;)Lorg/gradle/api/internal/SettingsInternal;+17
j  org.gradle.initialization.DefaultSettingsLoader.findSettingsAndLoadIfAppropriate(Lorg/gradle/api/internal/GradleInternal;Lorg/gradle/StartParameter;Lorg/gradle/initialization/SettingsLocation;Lorg/gradle/api/internal/initialization/ClassLoaderScope;)Lorg/gradle/api/internal/SettingsInternal;+9
j  org.gradle.initialization.DefaultSettingsLoader.findAndLoadSettings(Lorg/gradle/api/internal/GradleInternal;)Lorg/gradle/api/internal/SettingsInternal;+33
j  org.gradle.initialization.SettingsAttachingSettingsLoader.findAndLoadSettings(Lorg/gradle/api/internal/GradleInternal;)Lorg/gradle/api/internal/SettingsInternal;+5
j  org.gradle.internal.composite.CommandLineIncludedBuildSettingsLoader.findAndLoadSettings(Lorg/gradle/api/internal/GradleInternal;)Lorg/gradle/api/internal/SettingsInternal;+5
j  org.gradle.internal.composite.ChildBuildRegisteringSettingsLoader.findAndLoadSettings(Lorg/gradle/api/internal/GradleInternal;)Lorg/gradle/api/internal/SettingsInternal;+5
j  org.gradle.internal.composite.CompositeBuildSettingsLoader.findAndLoadSettings(Lorg/gradle/api/internal/GradleInternal;)Lorg/gradle/api/internal/SettingsInternal;+5
j  org.gradle.initialization.InitScriptHandlingSettingsLoader.findAndLoadSettings(Lorg/gradle/api/internal/GradleInternal;)Lorg/gradle/api/internal/SettingsInternal;+13
j  org.gradle.initialization.GradlePropertiesHandlingSettingsLoader.findAndLoadSettings(Lorg/gradle/api/internal/GradleInternal;)Lorg/gradle/api/internal/SettingsInternal;+39
j  org.gradle.initialization.DefaultSettingsPreparer.prepareSettings(Lorg/gradle/api/internal/GradleInternal;)V+33
j  org.gradle.initialization.BuildOperationFiringSettingsPreparer$LoadBuild.doLoadBuild()V+11
j  org.gradle.initialization.BuildOperationFiringSettingsPreparer$LoadBuild.run(Lorg/gradle/internal/operations/BuildOperationContext;)V+1
j  org.gradle.internal.operations.DefaultBuildOperationRunner$1.execute(Lorg/gradle/internal/operations/RunnableBuildOperation;Lorg/gradle/internal/operations/BuildOperationContext;)V+2
j  org.gradle.internal.operations.DefaultBuildOperationRunner$1.execute(Lorg/gradle/internal/operations/BuildOperation;Lorg/gradle/internal/operations/BuildOperationContext;)V+6
j  org.gradle.internal.operations.DefaultBuildOperationRunner$2.execute(Lorg/gradle/internal/operations/BuildOperationDescriptor;Lorg/gradle/internal/operations/BuildOperationState;Lorg/gradle/internal/operations/BuildOperationState;Lorg/gradle/internal/operations/DefaultBuildOperationRunner$ReadableBuildOperationContext;Lorg/gradle/internal/operations/DefaultBuildOperationRunner$BuildOperationExecutionListener;)Lorg/gradle/internal/operations/BuildOperation;+22
j  org.gradle.internal.operations.DefaultBuildOperationRunner$2.execute(Lorg/gradle/internal/operations/BuildOperationDescriptor;Lorg/gradle/internal/operations/BuildOperationState;Lorg/gradle/internal/operations/BuildOperationState;Lorg/gradle/internal/operations/DefaultBuildOperationRunner$ReadableBuildOperationContext;Lorg/gradle/internal/operations/DefaultBuildOperationRunner$BuildOperationExecutionListener;)Ljava/lang/Object;+8
j  org.gradle.internal.operations.DefaultBuildOperationRunner.execute(Lorg/gradle/internal/operations/BuildOperationDescriptor$Builder;Lorg/gradle/internal/operations/BuildOperationState;Lorg/gradle/internal/operations/DefaultBuildOperationRunner$BuildOperationExecution;)Ljava/lang/Object;+141
j  org.gradle.internal.operations.DefaultBuildOperationRunner.execute(Lorg/gradle/internal/operations/BuildOperation;Lorg/gradle/internal/operations/BuildOperationWorker;Lorg/gradle/internal/operations/BuildOperationState;)V+18
j  org.gradle.internal.operations.DefaultBuildOperationRunner.run(Lorg/gradle/internal/operations/RunnableBuildOperation;)V+9
j  org.gradle.internal.operations.DefaultBuildOperationExecutor.run(Lorg/gradle/internal/operations/RunnableBuildOperation;)V+5
j  org.gradle.initialization.BuildOperationFiringSettingsPreparer.prepareSettings(Lorg/gradle/api/internal/GradleInternal;)V+13
j  org.gradle.initialization.VintageBuildModelController.lambda$prepareSettings$0()V+8
j  org.gradle.initialization.VintageBuildModelController$$Lambda$194.run()V+4
j  org.gradle.internal.build.StateTransitionController.lambda$doTransition$1(Ljava/lang/Runnable;)Lorg/gradle/internal/build/ExecutionResult;+1
j  org.gradle.internal.build.StateTransitionController$$Lambda$193.get()Ljava/lang/Object;+4
j  org.gradle.internal.build.StateTransitionController.doTransition(Lorg/gradle/internal/build/StateTransitionController$State;Lorg/gradle/internal/build/StateTransitionController$State;Ljava/util/function/Supplier;)Lorg/gradle/internal/build/ExecutionResult;+162
j  org.gradle.internal.build.StateTransitionController.doTransition(Lorg/gradle/internal/build/StateTransitionController$State;Lorg/gradle/internal/build/StateTransitionController$State;Ljava/lang/Runnable;)V+9
j  org.gradle.internal.build.StateTransitionController.transitionIfNotPreviously(Lorg/gradle/internal/build/StateTransitionController$State;Lorg/gradle/internal/build/StateTransitionController$State;Ljava/lang/Runnable;)V+30
j  org.gradle.initialization.VintageBuildModelController.prepareSettings()V+16
j  org.gradle.initialization.VintageBuildModelController.doBuildStages(Lorg/gradle/initialization/VintageBuildModelController$Stage;)V+1
j  org.gradle.initialization.VintageBuildModelController.prepareToScheduleTasks()V+4
j  org.gradle.internal.build.DefaultBuildLifecycleController.lambda$prepareToScheduleTasks$0()V+9
j  org.gradle.internal.build.DefaultBuildLifecycleController$$Lambda$192.run()V+4
j  org.gradle.internal.build.StateTransitionController.lambda$doTransition$1(Ljava/lang/Runnable;)Lorg/gradle/internal/build/ExecutionResult;+1
j  org.gradle.internal.build.StateTransitionController$$Lambda$193.get()Ljava/lang/Object;+4
j  org.gradle.internal.build.StateTransitionController.doTransition(Lorg/gradle/internal/build/StateTransitionController$State;Lorg/gradle/internal/build/StateTransitionController$State;Ljava/util/function/Supplier;)Lorg/gradle/internal/build/ExecutionResult;+162
j  org.gradle.internal.build.StateTransitionController.doTransition(Lorg/gradle/internal/build/StateTransitionController$State;Lorg/gradle/internal/build/StateTransitionController$State;Ljava/lang/Runnable;)V+9
j  org.gradle.internal.build.StateTransitionController.maybeTransition(Lorg/gradle/internal/build/StateTransitionController$State;Lorg/gradle/internal/build/StateTransitionController$State;Ljava/lang/Runnable;)V+32
j  org.gradle.internal.build.DefaultBuildLifecycleController.prepareToScheduleTasks()V+16
j  org.gradle.internal.buildtree.DefaultBuildTreeWorkPreparer.scheduleRequestedTasks()V+4
j  org.gradle.internal.buildtree.DefaultBuildTreeLifecycleController.lambda$doScheduleAndRunTasks$2()Lorg/gradle/internal/build/ExecutionResult;+4
j  org.gradle.internal.buildtree.DefaultBuildTreeLifecycleController$$Lambda$191.get()Ljava/lang/Object;+4
j  org.gradle.composite.internal.DefaultIncludedBuildTaskGraph.withNewTaskGraph(Ljava/util/function/Supplier;)Ljava/lang/Object;+95
j  org.gradle.internal.buildtree.DefaultBuildTreeLifecycleController.doScheduleAndRunTasks()Lorg/gradle/internal/build/ExecutionResult;+10
j  org.gradle.internal.buildtree.DefaultBuildTreeLifecycleController$$Lambda$188.get()Ljava/lang/Object;+4
j  org.gradle.internal.buildtree.DefaultBuildTreeLifecycleController.lambda$runBuild$4(Ljava/util/function/Supplier;)Ljava/lang/Object;+1
j  org.gradle.internal.buildtree.DefaultBuildTreeLifecycleController$$Lambda$189.get()Ljava/lang/Object;+8
j  org.gradle.internal.build.StateTransitionController.lambda$transition$0(Ljava/util/function/Supplier;)Lorg/gradle/internal/build/ExecutionResult;+1
j  org.gradle.internal.build.StateTransitionController$$Lambda$190.get()Ljava/lang/Object;+4
j  org.gradle.internal.build.StateTransitionController.doTransition(Lorg/gradle/internal/build/StateTransitionController$State;Lorg/gradle/internal/build/StateTransitionController$State;Ljava/util/function/Supplier;)Lorg/gradle/internal/build/ExecutionResult;+162
j  org.gradle.internal.build.StateTransitionController.transition(Lorg/gradle/internal/build/StateTransitionController$State;Lorg/gradle/internal/build/StateTransitionController$State;Ljava/util/function/Supplier;)Ljava/lang/Object;+15
j  org.gradle.internal.buildtree.DefaultBuildTreeLifecycleController.runBuild(Ljava/util/function/Supplier;)Ljava/lang/Object;+17
j  org.gradle.internal.buildtree.DefaultBuildTreeLifecycleController.scheduleAndRunTasks()V+7
j  org.gradle.tooling.internal.provider.runner.BuildModelActionRunner.run(Lorg/gradle/internal/invocation/BuildAction;Lorg/gradle/internal/buildtree/BuildTreeLifecycleController;)Lorg/gradle/internal/buildtree/BuildActionRunner$Result;+65
j  org.gradle.launcher.exec.ChainingBuildActionRunner.run(Lorg/gradle/internal/invocation/BuildAction;Lorg/gradle/internal/buildtree/BuildTreeLifecycleController;)Lorg/gradle/internal/buildtree/BuildActionRunner$Result;+34
j  org.gradle.internal.buildtree.ProblemReportingBuildActionRunner.run(Lorg/gradle/internal/invocation/BuildAction;Lorg/gradle/internal/buildtree/BuildTreeLifecycleController;)Lorg/gradle/internal/buildtree/BuildActionRunner$Result;+12
j  org.gradle.launcher.exec.BuildOutcomeReportingBuildActionRunner.run(Lorg/gradle/internal/invocation/BuildAction;Lorg/gradle/internal/buildtree/BuildTreeLifecycleController;)Lorg/gradle/internal/buildtree/BuildActionRunner$Result;+81
j  org.gradle.tooling.internal.provider.FileSystemWatchingBuildActionRunner.run(Lorg/gradle/internal/invocation/BuildAction;Lorg/gradle/internal/buildtree/BuildTreeLifecycleController;)Lorg/gradle/internal/buildtree/BuildActionRunner$Result;+246
j  org.gradle.launcher.exec.BuildCompletionNotifyingBuildActionRunner.run(Lorg/gradle/internal/invocation/BuildAction;Lorg/gradle/internal/buildtree/BuildTreeLifecycleController;)Lorg/gradle/internal/buildtree/BuildActionRunner$Result;+6
j  org.gradle.launcher.exec.RootBuildLifecycleBuildActionExecutor.lambda$execute$0(Lorg/gradle/internal/invocation/BuildAction;Lorg/gradle/internal/buildtree/BuildTreeLifecycleController;)Lorg/gradle/internal/buildtree/BuildActionRunner$Result;+6
j  org.gradle.launcher.exec.RootBuildLifecycleBuildActionExecutor$$Lambda$148.apply(Ljava/lang/Object;)Ljava/lang/Object;+12
j  org.gradle.composite.internal.DefaultRootBuildState.run(Ljava/util/function/Function;)Ljava/lang/Object;+87
j  org.gradle.launcher.exec.RootBuildLifecycleBuildActionExecutor.execute(Lorg/gradle/internal/invocation/BuildAction;Lorg/gradle/internal/buildtree/BuildTreeContext;)Lorg/gradle/internal/buildtree/BuildActionRunner$Result;+28
j  org.gradle.internal.buildtree.DefaultBuildTreeContext.execute(Lorg/gradle/internal/invocation/BuildAction;)Lorg/gradle/internal/buildtree/BuildActionRunner$Result;+64
j  org.gradle.launcher.exec.BuildTreeLifecycleBuildActionExecutor.lambda$execute$0(Lorg/gradle/internal/invocation/BuildAction;Lorg/gradle/internal/buildtree/BuildTreeContext;)Lorg/gradle/internal/buildtree/BuildActionRunner$Result;+2
j  org.gradle.launcher.exec.BuildTreeLifecycleBuildActionExecutor$$Lambda$95.apply(Ljava/lang/Object;)Ljava/lang/Object;+8
j  org.gradle.internal.buildtree.BuildTreeState.run(Ljava/util/function/Function;)Ljava/lang/Object;+5
j  org.gradle.launcher.exec.BuildTreeLifecycleBuildActionExecutor.execute(Lorg/gradle/internal/invocation/BuildAction;Lorg/gradle/internal/session/BuildSessionContext;)Lorg/gradle/internal/buildtree/BuildActionRunner$Result;+176
j  org.gradle.launcher.exec.RunAsBuildOperationBuildActionExecutor$3.call(Lorg/gradle/internal/operations/BuildOperationContext;)Lorg/gradle/internal/buildtree/BuildActionRunner$Result;+25
j  org.gradle.launcher.exec.RunAsBuildOperationBuildActionExecutor$3.call(Lorg/gradle/internal/operations/BuildOperationContext;)Ljava/lang/Object;+2
j  org.gradle.internal.operations.DefaultBuildOperationRunner$CallableBuildOperationWorker.execute(Lorg/gradle/internal/operations/CallableBuildOperation;Lorg/gradle/internal/operations/BuildOperationContext;)V+3
j  org.gradle.internal.operations.DefaultBuildOperationRunner$CallableBuildOperationWorker.execute(Lorg/gradle/internal/operations/BuildOperation;Lorg/gradle/internal/operations/BuildOperationContext;)V+6
j  org.gradle.internal.operations.DefaultBuildOperationRunner$2.execute(Lorg/gradle/internal/operations/BuildOperationDescriptor;Lorg/gradle/internal/operations/BuildOperationState;Lorg/gradle/internal/operations/BuildOperationState;Lorg/gradle/internal/operations/DefaultBuildOperationRunner$ReadableBuildOperationContext;Lorg/gradle/internal/operations/DefaultBuildOperationRunner$BuildOperationExecutionListener;)Lorg/gradle/internal/operations/BuildOperation;+22
j  org.gradle.internal.operations.DefaultBuildOperationRunner$2.execute(Lorg/gradle/internal/operations/BuildOperationDescriptor;Lorg/gradle/internal/operations/BuildOperationState;Lorg/gradle/internal/operations/BuildOperationState;Lorg/gradle/internal/operations/DefaultBuildOperationRunner$ReadableBuildOperationContext;Lorg/gradle/internal/operations/DefaultBuildOperationRunner$BuildOperationExecutionListener;)Ljava/lang/Object;+8
j  org.gradle.internal.operations.DefaultBuildOperationRunner.execute(Lorg/gradle/internal/operations/BuildOperationDescriptor$Builder;Lorg/gradle/internal/operations/BuildOperationState;Lorg/gradle/internal/operations/DefaultBuildOperationRunner$BuildOperationExecution;)Ljava/lang/Object;+141
j  org.gradle.internal.operations.DefaultBuildOperationRunner.execute(Lorg/gradle/internal/operations/BuildOperation;Lorg/gradle/internal/operations/BuildOperationWorker;Lorg/gradle/internal/operations/BuildOperationState;)V+18
j  org.gradle.internal.operations.DefaultBuildOperationRunner.call(Lorg/gradle/internal/operations/CallableBuildOperation;)Ljava/lang/Object;+16
j  org.gradle.internal.operations.DefaultBuildOperationExecutor.call(Lorg/gradle/internal/operations/CallableBuildOperation;)Ljava/lang/Object;+5
j  org.gradle.launcher.exec.RunAsBuildOperationBuildActionExecutor.execute(Lorg/gradle/internal/invocation/BuildAction;Lorg/gradle/internal/session/BuildSessionContext;)Lorg/gradle/internal/buildtree/BuildActionRunner$Result;+23
j  org.gradle.launcher.exec.RunAsWorkerThreadBuildActionExecutor.lambda$execute$0(Lorg/gradle/internal/invocation/BuildAction;Lorg/gradle/internal/session/BuildSessionContext;)Lorg/gradle/internal/buildtree/BuildActionRunner$Result;+6
j  org.gradle.launcher.exec.RunAsWorkerThreadBuildActionExecutor$$Lambda$94.create()Ljava/lang/Object;+12
j  org.gradle.internal.work.DefaultWorkerLeaseService.withLocks(Ljava/lang/Iterable;Lorg/gradle/internal/Factory;)Ljava/lang/Object;+26
j  org.gradle.launcher.exec.RunAsWorkerThreadBuildActionExecutor.execute(Lorg/gradle/internal/invocation/BuildAction;Lorg/gradle/internal/session/BuildSessionContext;)Lorg/gradle/internal/buildtree/BuildActionRunner$Result;+24
j  org.gradle.tooling.internal.provider.ContinuousBuildActionExecutor.execute(Lorg/gradle/internal/invocation/BuildAction;Lorg/gradle/internal/session/BuildSessionContext;)Lorg/gradle/internal/buildtree/BuildActionRunner$Result;+58
j  org.gradle.tooling.internal.provider.SubscribableBuildActionExecutor.execute(Lorg/gradle/internal/invocation/BuildAction;Lorg/gradle/internal/session/BuildSessionContext;)Lorg/gradle/internal/buildtree/BuildActionRunner$Result;+30
j  org.gradle.internal.session.DefaultBuildSessionContext.execute(Lorg/gradle/internal/invocation/BuildAction;)Lorg/gradle/internal/buildtree/BuildActionRunner$Result;+64
j  org.gradle.tooling.internal.provider.BuildSessionLifecycleBuildActionExecuter$ActionImpl.apply(Lorg/gradle/internal/session/BuildSessionContext;)Lorg/gradle/launcher/exec/BuildActionResult;+6
j  org.gradle.tooling.internal.provider.BuildSessionLifecycleBuildActionExecuter$ActionImpl.apply(Ljava/lang/Object;)Ljava/lang/Object;+5
j  org.gradle.internal.session.BuildSessionState.run(Ljava/util/function/Function;)Ljava/lang/Object;+5
j  org.gradle.tooling.internal.provider.BuildSessionLifecycleBuildActionExecuter.execute(Lorg/gradle/internal/invocation/BuildAction;Lorg/gradle/launcher/exec/BuildActionParameters;Lorg/gradle/initialization/BuildRequestContext;)Lorg/gradle/launcher/exec/BuildActionResult;+95
j  org.gradle.tooling.internal.provider.BuildSessionLifecycleBuildActionExecuter.execute(Lorg/gradle/internal/invocation/BuildAction;Ljava/lang/Object;Ljava/lang/Object;)Lorg/gradle/launcher/exec/BuildActionResult;+10
j  org.gradle.tooling.internal.provider.GradleThreadBuildActionExecuter.execute(Lorg/gradle/internal/invocation/BuildAction;Lorg/gradle/launcher/exec/BuildActionParameters;Lorg/gradle/initialization/BuildRequestContext;)Lorg/gradle/launcher/exec/BuildActionResult;+10
j  org.gradle.tooling.internal.provider.GradleThreadBuildActionExecuter.execute(Lorg/gradle/internal/invocation/BuildAction;Ljava/lang/Object;Ljava/lang/Object;)Lorg/gradle/launcher/exec/BuildActionResult;+10
j  org.gradle.tooling.internal.provider.StartParamsValidatingActionExecuter.execute(Lorg/gradle/internal/invocation/BuildAction;Lorg/gradle/launcher/exec/BuildActionParameters;Lorg/gradle/initialization/BuildRequestContext;)Lorg/gradle/launcher/exec/BuildActionResult;+177
j  org.gradle.tooling.internal.provider.StartParamsValidatingActionExecuter.execute(Lorg/gradle/internal/invocation/BuildAction;Ljava/lang/Object;Ljava/lang/Object;)Lorg/gradle/launcher/exec/BuildActionResult;+10
j  org.gradle.tooling.internal.provider.SessionFailureReportingActionExecuter.execute(Lorg/gradle/internal/invocation/BuildAction;Lorg/gradle/launcher/exec/BuildActionParameters;Lorg/gradle/initialization/BuildRequestContext;)Lorg/gradle/launcher/exec/BuildActionResult;+7
j  org.gradle.tooling.internal.provider.SessionFailureReportingActionExecuter.execute(Lorg/gradle/internal/invocation/BuildAction;Ljava/lang/Object;Ljava/lang/Object;)Lorg/gradle/launcher/exec/BuildActionResult;+10
j  org.gradle.tooling.internal.provider.SetupLoggingActionExecuter.execute(Lorg/gradle/internal/invocation/BuildAction;Lorg/gradle/launcher/exec/BuildActionParameters;Lorg/gradle/initialization/BuildRequestContext;)Lorg/gradle/launcher/exec/BuildActionResult;+50
j  org.gradle.tooling.internal.provider.SetupLoggingActionExecuter.execute(Lorg/gradle/internal/invocation/BuildAction;Ljava/lang/Object;Ljava/lang/Object;)Lorg/gradle/launcher/exec/BuildActionResult;+10
j  org.gradle.launcher.daemon.server.exec.ExecuteBuild.doBuild(Lorg/gradle/launcher/daemon/server/api/DaemonCommandExecution;Lorg/gradle/launcher/daemon/protocol/Build;)V+117
j  org.gradle.launcher.daemon.server.exec.BuildCommandOnly.execute(Lorg/gradle/launcher/daemon/server/api/DaemonCommandExecution;)V+49
j  org.gradle.launcher.daemon.server.api.DaemonCommandExecution.proceed()Z+23
j  org.gradle.launcher.daemon.server.exec.WatchForDisconnection.execute(Lorg/gradle/launcher/daemon/server/api/DaemonCommandExecution;)V+19
j  org.gradle.launcher.daemon.server.api.DaemonCommandExecution.proceed()Z+23
j  org.gradle.launcher.daemon.server.exec.ResetDeprecationLogger.execute(Lorg/gradle/launcher/daemon/server/api/DaemonCommandExecution;)V+7
j  org.gradle.launcher.daemon.server.api.DaemonCommandExecution.proceed()Z+23
j  org.gradle.launcher.daemon.server.exec.RequestStopIfSingleUsedDaemon.execute(Lorg/gradle/launcher/daemon/server/api/DaemonCommandExecution;)V+33
j  org.gradle.launcher.daemon.server.api.DaemonCommandExecution.proceed()Z+23
j  org.gradle.launcher.daemon.server.exec.ForwardClientInput$2.create()Ljava/lang/Void;+4
j  org.gradle.launcher.daemon.server.exec.ForwardClientInput$2.create()Ljava/lang/Object;+1
j  org.gradle.util.internal.Swapper.swap(Ljava/lang/Object;Lorg/gradle/internal/Factory;)Ljava/lang/Object;+21
j  org.gradle.launcher.daemon.server.exec.ForwardClientInput.execute(Lorg/gradle/launcher/daemon/server/api/DaemonCommandExecution;)V+63
j  org.gradle.launcher.daemon.server.api.DaemonCommandExecution.proceed()Z+23
j  org.gradle.launcher.daemon.server.exec.LogAndCheckHealth.execute(Lorg/gradle/launcher/daemon/server/api/DaemonCommandExecution;)V+28
j  org.gradle.launcher.daemon.server.api.DaemonCommandExecution.proceed()Z+23
j  org.gradle.launcher.daemon.server.exec.LogToClient.doBuild(Lorg/gradle/launcher/daemon/server/api/DaemonCommandExecution;Lorg/gradle/launcher/daemon/protocol/Build;)V+87
j  org.gradle.launcher.daemon.server.exec.BuildCommandOnly.execute(Lorg/gradle/launcher/daemon/server/api/DaemonCommandExecution;)V+49
j  org.gradle.launcher.daemon.server.api.DaemonCommandExecution.proceed()Z+23
j  org.gradle.launcher.daemon.server.exec.EstablishBuildEnvironment.doBuild(Lorg/gradle/launcher/daemon/server/api/DaemonCommandExecution;Lorg/gradle/launcher/daemon/protocol/Build;)V+356
j  org.gradle.launcher.daemon.server.exec.BuildCommandOnly.execute(Lorg/gradle/launcher/daemon/server/api/DaemonCommandExecution;)V+49
j  org.gradle.launcher.daemon.server.api.DaemonCommandExecution.proceed()Z+23
j  org.gradle.launcher.daemon.server.exec.StartBuildOrRespondWithBusy$1.run()V+44
j  org.gradle.launcher.daemon.server.DaemonStateCoordinator$1.run()V+4
j  org.gradle.internal.concurrent.ExecutorPolicy$CatchAndRecordFailures.onExecute(Ljava/lang/Runnable;)V+1
j  org.gradle.internal.concurrent.ManagedExecutorImpl$1.run()V+25
j  java.util.concurrent.ThreadPoolExecutor.runWorker(Ljava/util/concurrent/ThreadPoolExecutor$Worker;)V+92 java.base@11.0.12
j  java.util.concurrent.ThreadPoolExecutor$Worker.run()V+5 java.base@11.0.12
j  org.gradle.internal.concurrent.ThreadFactoryImpl$ManagedThreadRunnable.run()V+7
j  java.lang.Thread.run()V+11 java.base@11.0.12
v  ~StubRoutines::call_stub

---------------  P R O C E S S  ---------------

Threads class SMR info:
_java_thread_list=0x000002943b236320, length=30, elements={
0x000002941b16e000, 0x00000294375f8000, 0x0000029437603000, 0x0000029437e2c800,
0x0000029437e2d800, 0x0000029437e2e800, 0x0000029437e31000, 0x0000029437e87800,
0x0000029437e8b800, 0x0000029437fe9800, 0x0000029439657000, 0x0000029439928800,
0x00000294398d4800, 0x000002943818d800, 0x000002943a960000, 0x000002943a78d800,
0x000002943a0a3800, 0x0000029438494800, 0x000002943ae7b800, 0x000002943ad82000,
0x000002943ad87000, 0x000002943ad85800, 0x000002943ad81800, 0x000002943a91f000,
0x000002943ad83800, 0x000002943acc1000, 0x000002943ad84800, 0x000002943ad83000,
0x000002943ad86000, 0x000002943ad88000
}

Java Threads: ( => current thread )
  0x000002941b16e000 JavaThread "main" [_thread_blocked, id=20244, stack(0x0000009e5c200000,0x0000009e5c300000)]
  0x00000294375f8000 JavaThread "Reference Handler" daemon [_thread_blocked, id=22276, stack(0x0000009e5c900000,0x0000009e5ca00000)]
  0x0000029437603000 JavaThread "Finalizer" daemon [_thread_blocked, id=22104, stack(0x0000009e5ca00000,0x0000009e5cb00000)]
  0x0000029437e2c800 JavaThread "Signal Dispatcher" daemon [_thread_blocked, id=24120, stack(0x0000009e5cb00000,0x0000009e5cc00000)]
  0x0000029437e2d800 JavaThread "Attach Listener" daemon [_thread_blocked, id=14504, stack(0x0000009e5cc00000,0x0000009e5cd00000)]
  0x0000029437e2e800 JavaThread "Service Thread" daemon [_thread_blocked, id=20560, stack(0x0000009e5cd00000,0x0000009e5ce00000)]
  0x0000029437e31000 JavaThread "C2 CompilerThread0" daemon [_thread_in_native, id=15012, stack(0x0000009e5ce00000,0x0000009e5cf00000)]
  0x0000029437e87800 JavaThread "C1 CompilerThread0" daemon [_thread_blocked, id=25332, stack(0x0000009e5cf00000,0x0000009e5d000000)]
  0x0000029437e8b800 JavaThread "Sweeper thread" daemon [_thread_blocked, id=1560, stack(0x0000009e5d000000,0x0000009e5d100000)]
  0x0000029437fe9800 JavaThread "Common-Cleaner" daemon [_thread_blocked, id=17160, stack(0x0000009e5d100000,0x0000009e5d200000)]
  0x0000029439657000 JavaThread "Daemon health stats" [_thread_blocked, id=14024, stack(0x0000009e5d700000,0x0000009e5d800000)]
  0x0000029439928800 JavaThread "Incoming local TCP Connector on port 58673" [_thread_in_native, id=16188, stack(0x0000009e5d300000,0x0000009e5d400000)]
  0x00000294398d4800 JavaThread "Daemon periodic checks" [_thread_blocked, id=14084, stack(0x0000009e5d600000,0x0000009e5d700000)]
  0x000002943818d800 JavaThread "Daemon" [_thread_blocked, id=6232, stack(0x0000009e5d800000,0x0000009e5d900000)]
  0x000002943a960000 JavaThread "Handler for socket connection from /127.0.0.1:58673 to /127.0.0.1:58674" [_thread_in_native, id=12216, stack(0x0000009e5d900000,0x0000009e5da00000)]
  0x000002943a78d800 JavaThread "Cancel handler" [_thread_blocked, id=4240, stack(0x0000009e5da00000,0x0000009e5db00000)]
=>0x000002943a0a3800 JavaThread "Daemon worker" [_thread_in_vm, id=24508, stack(0x0000009e5db00000,0x0000009e5dc00000)]
  0x0000029438494800 JavaThread "Asynchronous log dispatcher for DefaultDaemonConnection: socket connection from /127.0.0.1:58673 to /127.0.0.1:58674" [_thread_blocked, id=16244, stack(0x0000009e5dc00000,0x0000009e5dd00000)]
  0x000002943ae7b800 JavaThread "Stdin handler" [_thread_blocked, id=16880, stack(0x0000009e5dd00000,0x0000009e5de00000)]
  0x000002943ad82000 JavaThread "Daemon client event forwarder" [_thread_blocked, id=19548, stack(0x0000009e5de00000,0x0000009e5df00000)]
  0x000002943ad87000 JavaThread "Cache worker for journal cache (C:\Users\parkn\.gradle\caches\journal-1)" [_thread_blocked, id=5260, stack(0x0000009e5e400000,0x0000009e5e500000)]
  0x000002943ad85800 JavaThread "File lock request listener" [_thread_in_native, id=19820, stack(0x0000009e5e500000,0x0000009e5e600000)]
  0x000002943ad81800 JavaThread "Cache worker for file hash cache (C:\Users\parkn\.gradle\caches\7.3.3\fileHashes)" [_thread_blocked, id=11936, stack(0x0000009e5e600000,0x0000009e5e700000)]
  0x000002943a91f000 JavaThread "C2 CompilerThread1" daemon [_thread_in_native, id=11960, stack(0x0000009e5e800000,0x0000009e5e900000)]
  0x000002943ad83800 JavaThread "Cache worker for file hash cache (C:\Users\parkn\AndroidStudioProjects\AlarmApplication\.gradle\7.3.3\fileHashes)" [_thread_blocked, id=17032, stack(0x0000009e5e900000,0x0000009e5ea00000)]
  0x000002943acc1000 JavaThread "C2 CompilerThread2" daemon [_thread_in_native, id=15844, stack(0x0000009e5ea00000,0x0000009e5eb00000)]
  0x000002943ad84800 JavaThread "File watcher server" daemon [_thread_in_native, id=13532, stack(0x0000009e5eb00000,0x0000009e5ec00000)]
  0x000002943ad83000 JavaThread "File watcher consumer" daemon [_thread_blocked, id=23608, stack(0x0000009e5ec00000,0x0000009e5ed00000)]
  0x000002943ad86000 JavaThread "Cache worker for checksums cache (C:\Users\parkn\AndroidStudioProjects\AlarmApplication\.gradle\7.3.3\checksums)" [_thread_blocked, id=22264, stack(0x0000009e5ed00000,0x0000009e5ee00000)]
  0x000002943ad88000 JavaThread "Cache worker for cache directory md-supplier (C:\Users\parkn\.gradle\caches\7.3.3\md-supplier)" [_thread_blocked, id=23408, stack(0x0000009e5ee00000,0x0000009e5ef00000)]

Other Threads:
  0x0000029437e19000 VMThread "VM Thread" [stack: 0x0000009e5c800000,0x0000009e5c900000] [id=3420]
  0x000002943803c000 WatcherThread [stack: 0x0000009e5d200000,0x0000009e5d300000] [id=23304]
  0x000002941b188800 GCTaskThread "GC Thread#0" [stack: 0x0000009e5c300000,0x0000009e5c400000] [id=21592]
  0x0000029438e13800 GCTaskThread "GC Thread#1" [stack: 0x0000009e5d400000,0x0000009e5d500000] [id=20984]
  0x00000294390da800 GCTaskThread "GC Thread#2" [stack: 0x0000009e5d500000,0x0000009e5d600000] [id=3748]
  0x000002943a1e5000 GCTaskThread "GC Thread#3" [stack: 0x0000009e5df00000,0x0000009e5e000000] [id=22840]
  0x00000294397c4800 GCTaskThread "GC Thread#4" [stack: 0x0000009e5e000000,0x0000009e5e100000] [id=1264]
  0x000002943af45800 GCTaskThread "GC Thread#5" [stack: 0x0000009e5e100000,0x0000009e5e200000] [id=5280]
  0x000002943aec1000 GCTaskThread "GC Thread#6" [stack: 0x0000009e5e200000,0x0000009e5e300000] [id=15672]
  0x000002943981a000 GCTaskThread "GC Thread#7" [stack: 0x0000009e5e300000,0x0000009e5e400000] [id=18448]
  0x000002941b1b9000 ConcurrentGCThread "G1 Main Marker" [stack: 0x0000009e5c400000,0x0000009e5c500000] [id=8652]
  0x000002941b1bb000 ConcurrentGCThread "G1 Conc#0" [stack: 0x0000009e5c500000,0x0000009e5c600000] [id=4392]
  0x0000029438e30800 ConcurrentGCThread "G1 Conc#1" [stack: 0x0000009e5e700000,0x0000009e5e800000] [id=8348]
  0x000002943744b800 ConcurrentGCThread "G1 Refine#0" [stack: 0x0000009e5c600000,0x0000009e5c700000] [id=19524]
  0x000002943744e800 ConcurrentGCThread "G1 Young RemSet Sampling" [stack: 0x0000009e5c700000,0x0000009e5c800000] [id=4352]

Threads with active compile tasks:
C2 CompilerThread0   5777 2113       4       java.net.URLClassLoader$1::run (5 bytes)
C2 CompilerThread1   5777 2114   !   4       java.net.URLClassLoader$1::run (63 bytes)
C2 CompilerThread2   5777 2264   !   4       java.net.URL::<init> (543 bytes)

VM state:not at safepoint (normal execution)

VM Mutex/Monitor currently owned by a thread: None

Heap address: 0x0000000080000000, size: 2048 MB, Compressed Oops mode: 32-bit
Narrow klass base: 0x0000000000000000, Narrow klass shift: 3
Compressed class space size: 1073741824 Address: 0x0000000100000000

Heap:
 garbage-first heap   total 129024K, used 36480K [0x0000000080000000, 0x0000000100000000)
  region size 1024K, 21 young (21504K), 3 survivors (3072K)
 Metaspace       used 27726K, capacity 28385K, committed 28544K, reserved 1073152K
  class space    used 3652K, capacity 3860K, committed 3968K, reserved 1048576K
Heap Regions: E=young(eden), S=young(survivor), O=old, HS=humongous(starts), HC=humongous(continues), CS=collection set, F=free, A=archive, TAMS=top-at-mark-start (previous, next)
|   0|0x0000000080000000, 0x0000000080100000, 0x0000000080100000|100%| O|  |TAMS 0x0000000080100000, 0x0000000080000000| Untracked 
|   1|0x0000000080100000, 0x0000000080200000, 0x0000000080200000|100%| O|  |TAMS 0x0000000080200000, 0x0000000080100000| Untracked 
|   2|0x0000000080200000, 0x0000000080300000, 0x0000000080300000|100%| O|  |TAMS 0x0000000080300000, 0x0000000080200000| Untracked 
|   3|0x0000000080300000, 0x0000000080400000, 0x0000000080400000|100%|HS|  |TAMS 0x0000000080400000, 0x0000000080300000| Complete 
|   4|0x0000000080400000, 0x0000000080500000, 0x0000000080500000|100%|HC|  |TAMS 0x0000000080500000, 0x0000000080400000| Complete 
|   5|0x0000000080500000, 0x0000000080600000, 0x0000000080600000|100%|HC|  |TAMS 0x0000000080600000, 0x0000000080500000| Complete 
|   6|0x0000000080600000, 0x0000000080700000, 0x0000000080700000|100%| O|  |TAMS 0x0000000080700000, 0x0000000080600000| Untracked 
|   7|0x0000000080700000, 0x0000000080800000, 0x0000000080800000|100%| O|  |TAMS 0x0000000080800000, 0x0000000080700000| Untracked 
|   8|0x0000000080800000, 0x0000000080900000, 0x0000000080900000|100%| O|  |TAMS 0x0000000080900000, 0x0000000080800000| Untracked 
|   9|0x0000000080900000, 0x0000000080a00000, 0x0000000080a00000|100%| O|  |TAMS 0x0000000080a00000, 0x0000000080900000| Untracked 
|  10|0x0000000080a00000, 0x0000000080b00000, 0x0000000080b00000|100%| O|  |TAMS 0x0000000080b00000, 0x0000000080a00000| Untracked 
|  11|0x0000000080b00000, 0x0000000080c00000, 0x0000000080c00000|100%| O|  |TAMS 0x0000000080c00000, 0x0000000080b00000| Untracked 
|  12|0x0000000080c00000, 0x0000000080d00000, 0x0000000080d00000|100%| O|  |TAMS 0x0000000080d00000, 0x0000000080c00000| Untracked 
|  13|0x0000000080d00000, 0x0000000080e00000, 0x0000000080e00000|100%| O|  |TAMS 0x0000000080e00000, 0x0000000080d00000| Untracked 
|  14|0x0000000080e00000, 0x0000000080f00000, 0x0000000080f00000|100%| O|  |TAMS 0x0000000080f00000, 0x0000000080e00000| Untracked 
|  15|0x0000000080f00000, 0x0000000080fb9800, 0x0000000081000000| 72%| O|  |TAMS 0x0000000080fb9800, 0x0000000080f00000| Untracked 
|  16|0x0000000081000000, 0x0000000081000000, 0x0000000081100000|  0%| F|  |TAMS 0x0000000081000000, 0x0000000081000000| Untracked 
|  17|0x0000000081100000, 0x0000000081100000, 0x0000000081200000|  0%| F|  |TAMS 0x0000000081100000, 0x0000000081100000| Untracked 
|  18|0x0000000081200000, 0x0000000081200000, 0x0000000081300000|  0%| F|  |TAMS 0x0000000081200000, 0x0000000081200000| Untracked 
|  19|0x0000000081300000, 0x0000000081300000, 0x0000000081400000|  0%| F|  |TAMS 0x0000000081300000, 0x0000000081300000| Untracked 
|  20|0x0000000081400000, 0x0000000081400000, 0x0000000081500000|  0%| F|  |TAMS 0x0000000081400000, 0x0000000081400000| Untracked 
|  21|0x0000000081500000, 0x0000000081500000, 0x0000000081600000|  0%| F|  |TAMS 0x0000000081500000, 0x0000000081500000| Untracked 
|  22|0x0000000081600000, 0x0000000081600000, 0x0000000081700000|  0%| F|  |TAMS 0x0000000081600000, 0x0000000081600000| Untracked 
|  23|0x0000000081700000, 0x0000000081700000, 0x0000000081800000|  0%| F|  |TAMS 0x0000000081700000, 0x0000000081700000| Untracked 
|  24|0x0000000081800000, 0x0000000081800000, 0x0000000081900000|  0%| F|  |TAMS 0x0000000081800000, 0x0000000081800000| Untracked 
|  25|0x0000000081900000, 0x0000000081900000, 0x0000000081a00000|  0%| F|  |TAMS 0x0000000081900000, 0x0000000081900000| Untracked 
|  26|0x0000000081a00000, 0x0000000081a00000, 0x0000000081b00000|  0%| F|  |TAMS 0x0000000081a00000, 0x0000000081a00000| Untracked 
|  27|0x0000000081b00000, 0x0000000081b00000, 0x0000000081c00000|  0%| F|  |TAMS 0x0000000081b00000, 0x0000000081b00000| Untracked 
|  28|0x0000000081c00000, 0x0000000081c00000, 0x0000000081d00000|  0%| F|  |TAMS 0x0000000081c00000, 0x0000000081c00000| Untracked 
|  29|0x0000000081d00000, 0x0000000081d00000, 0x0000000081e00000|  0%| F|  |TAMS 0x0000000081d00000, 0x0000000081d00000| Untracked 
|  30|0x0000000081e00000, 0x0000000081e00000, 0x0000000081f00000|  0%| F|  |TAMS 0x0000000081e00000, 0x0000000081e00000| Untracked 
|  31|0x0000000081f00000, 0x0000000081f00000, 0x0000000082000000|  0%| F|  |TAMS 0x0000000081f00000, 0x0000000081f00000| Untracked 
|  32|0x0000000082000000, 0x0000000082000000, 0x0000000082100000|  0%| F|  |TAMS 0x0000000082000000, 0x0000000082000000| Untracked 
|  33|0x0000000082100000, 0x0000000082100000, 0x0000000082200000|  0%| F|  |TAMS 0x0000000082100000, 0x0000000082100000| Untracked 
|  34|0x0000000082200000, 0x0000000082200000, 0x0000000082300000|  0%| F|  |TAMS 0x0000000082200000, 0x0000000082200000| Untracked 
|  35|0x0000000082300000, 0x0000000082300000, 0x0000000082400000|  0%| F|  |TAMS 0x0000000082300000, 0x0000000082300000| Untracked 
|  36|0x0000000082400000, 0x0000000082400000, 0x0000000082500000|  0%| F|  |TAMS 0x0000000082400000, 0x0000000082400000| Untracked 
|  37|0x0000000082500000, 0x0000000082500000, 0x0000000082600000|  0%| F|  |TAMS 0x0000000082500000, 0x0000000082500000| Untracked 
|  38|0x0000000082600000, 0x0000000082600000, 0x0000000082700000|  0%| F|  |TAMS 0x0000000082600000, 0x0000000082600000| Untracked 
|  39|0x0000000082700000, 0x0000000082700000, 0x0000000082800000|  0%| F|  |TAMS 0x0000000082700000, 0x0000000082700000| Untracked 
|  40|0x0000000082800000, 0x0000000082800000, 0x0000000082900000|  0%| F|  |TAMS 0x0000000082800000, 0x0000000082800000| Untracked 
|  41|0x0000000082900000, 0x0000000082900000, 0x0000000082a00000|  0%| F|  |TAMS 0x0000000082900000, 0x0000000082900000| Untracked 
|  42|0x0000000082a00000, 0x0000000082a00000, 0x0000000082b00000|  0%| F|  |TAMS 0x0000000082a00000, 0x0000000082a00000| Untracked 
|  43|0x0000000082b00000, 0x0000000082b00000, 0x0000000082c00000|  0%| F|  |TAMS 0x0000000082b00000, 0x0000000082b00000| Untracked 
|  44|0x0000000082c00000, 0x0000000082c00000, 0x0000000082d00000|  0%| F|  |TAMS 0x0000000082c00000, 0x0000000082c00000| Untracked 
|  45|0x0000000082d00000, 0x0000000082d00000, 0x0000000082e00000|  0%| F|  |TAMS 0x0000000082d00000, 0x0000000082d00000| Untracked 
|  46|0x0000000082e00000, 0x0000000082e00000, 0x0000000082f00000|  0%| F|  |TAMS 0x0000000082e00000, 0x0000000082e00000| Untracked 
|  47|0x0000000082f00000, 0x0000000082f00000, 0x0000000083000000|  0%| F|  |TAMS 0x0000000082f00000, 0x0000000082f00000| Untracked 
|  48|0x0000000083000000, 0x0000000083000000, 0x0000000083100000|  0%| F|  |TAMS 0x0000000083000000, 0x0000000083000000| Untracked 
|  49|0x0000000083100000, 0x0000000083100000, 0x0000000083200000|  0%| F|  |TAMS 0x0000000083100000, 0x0000000083100000| Untracked 
|  50|0x0000000083200000, 0x0000000083200000, 0x0000000083300000|  0%| F|  |TAMS 0x0000000083200000, 0x0000000083200000| Untracked 
|  51|0x0000000083300000, 0x0000000083300000, 0x0000000083400000|  0%| F|  |TAMS 0x0000000083300000, 0x0000000083300000| Untracked 
|  52|0x0000000083400000, 0x0000000083400000, 0x0000000083500000|  0%| F|  |TAMS 0x0000000083400000, 0x0000000083400000| Untracked 
|  53|0x0000000083500000, 0x0000000083500000, 0x0000000083600000|  0%| F|  |TAMS 0x0000000083500000, 0x0000000083500000| Untracked 
|  54|0x0000000083600000, 0x0000000083600000, 0x0000000083700000|  0%| F|  |TAMS 0x0000000083600000, 0x0000000083600000| Untracked 
|  55|0x0000000083700000, 0x0000000083700000, 0x0000000083800000|  0%| F|  |TAMS 0x0000000083700000, 0x0000000083700000| Untracked 
|  56|0x0000000083800000, 0x0000000083800000, 0x0000000083900000|  0%| F|  |TAMS 0x0000000083800000, 0x0000000083800000| Untracked 
|  57|0x0000000083900000, 0x0000000083900000, 0x0000000083a00000|  0%| F|  |TAMS 0x0000000083900000, 0x0000000083900000| Untracked 
|  58|0x0000000083a00000, 0x0000000083a00000, 0x0000000083b00000|  0%| F|  |TAMS 0x0000000083a00000, 0x0000000083a00000| Untracked 
|  59|0x0000000083b00000, 0x0000000083b00000, 0x0000000083c00000|  0%| F|  |TAMS 0x0000000083b00000, 0x0000000083b00000| Untracked 
|  60|0x0000000083c00000, 0x0000000083c00000, 0x0000000083d00000|  0%| F|  |TAMS 0x0000000083c00000, 0x0000000083c00000| Untracked 
|  61|0x0000000083d00000, 0x0000000083d00000, 0x0000000083e00000|  0%| F|  |TAMS 0x0000000083d00000, 0x0000000083d00000| Untracked 
|  62|0x0000000083e00000, 0x0000000083e00000, 0x0000000083f00000|  0%| F|  |TAMS 0x0000000083e00000, 0x0000000083e00000| Untracked 
|  63|0x0000000083f00000, 0x0000000083f00000, 0x0000000084000000|  0%| F|  |TAMS 0x0000000083f00000, 0x0000000083f00000| Untracked 
|  64|0x0000000084000000, 0x0000000084000000, 0x0000000084100000|  0%| F|  |TAMS 0x0000000084000000, 0x0000000084000000| Untracked 
|  65|0x0000000084100000, 0x0000000084100000, 0x0000000084200000|  0%| F|  |TAMS 0x0000000084100000, 0x0000000084100000| Untracked 
|  66|0x0000000084200000, 0x0000000084200000, 0x0000000084300000|  0%| F|  |TAMS 0x0000000084200000, 0x0000000084200000| Untracked 
|  67|0x0000000084300000, 0x0000000084300000, 0x0000000084400000|  0%| F|  |TAMS 0x0000000084300000, 0x0000000084300000| Untracked 
|  68|0x0000000084400000, 0x0000000084400000, 0x0000000084500000|  0%| F|  |TAMS 0x0000000084400000, 0x0000000084400000| Untracked 
|  69|0x0000000084500000, 0x00000000845e6910, 0x0000000084600000| 90%| S|CS|TAMS 0x0000000084500000, 0x0000000084500000| Complete 
|  70|0x0000000084600000, 0x0000000084700000, 0x0000000084700000|100%| S|CS|TAMS 0x0000000084600000, 0x0000000084600000| Complete 
|  71|0x0000000084700000, 0x0000000084800000, 0x0000000084800000|100%| S|CS|TAMS 0x0000000084700000, 0x0000000084700000| Complete 
|  72|0x0000000084800000, 0x0000000084800000, 0x0000000084900000|  0%| F|  |TAMS 0x0000000084800000, 0x0000000084800000| Untracked 
|  73|0x0000000084900000, 0x0000000084900000, 0x0000000084a00000|  0%| F|  |TAMS 0x0000000084900000, 0x0000000084900000| Untracked 
|  74|0x0000000084a00000, 0x0000000084a00000, 0x0000000084b00000|  0%| F|  |TAMS 0x0000000084a00000, 0x0000000084a00000| Untracked 
|  75|0x0000000084b00000, 0x0000000084b00000, 0x0000000084c00000|  0%| F|  |TAMS 0x0000000084b00000, 0x0000000084b00000| Untracked 
|  76|0x0000000084c00000, 0x0000000084c00000, 0x0000000084d00000|  0%| F|  |TAMS 0x0000000084c00000, 0x0000000084c00000| Untracked 
|  77|0x0000000084d00000, 0x0000000084d00000, 0x0000000084e00000|  0%| F|  |TAMS 0x0000000084d00000, 0x0000000084d00000| Untracked 
|  78|0x0000000084e00000, 0x0000000084e00000, 0x0000000084f00000|  0%| F|  |TAMS 0x0000000084e00000, 0x0000000084e00000| Untracked 
|  79|0x0000000084f00000, 0x0000000084f00000, 0x0000000085000000|  0%| F|  |TAMS 0x0000000084f00000, 0x0000000084f00000| Untracked 
|  80|0x0000000085000000, 0x0000000085000000, 0x0000000085100000|  0%| F|  |TAMS 0x0000000085000000, 0x0000000085000000| Untracked 
|  81|0x0000000085100000, 0x0000000085100000, 0x0000000085200000|  0%| F|  |TAMS 0x0000000085100000, 0x0000000085100000| Untracked 
|  82|0x0000000085200000, 0x0000000085200000, 0x0000000085300000|  0%| F|  |TAMS 0x0000000085200000, 0x0000000085200000| Untracked 
|  83|0x0000000085300000, 0x0000000085300000, 0x0000000085400000|  0%| F|  |TAMS 0x0000000085300000, 0x0000000085300000| Untracked 
|  84|0x0000000085400000, 0x0000000085400000, 0x0000000085500000|  0%| F|  |TAMS 0x0000000085400000, 0x0000000085400000| Untracked 
|  85|0x0000000085500000, 0x0000000085500000, 0x0000000085600000|  0%| F|  |TAMS 0x0000000085500000, 0x0000000085500000| Untracked 
|  86|0x0000000085600000, 0x0000000085600000, 0x0000000085700000|  0%| F|  |TAMS 0x0000000085600000, 0x0000000085600000| Untracked 
|  87|0x0000000085700000, 0x0000000085700000, 0x0000000085800000|  0%| F|  |TAMS 0x0000000085700000, 0x0000000085700000| Untracked 
|  88|0x0000000085800000, 0x0000000085800000, 0x0000000085900000|  0%| F|  |TAMS 0x0000000085800000, 0x0000000085800000| Untracked 
|  89|0x0000000085900000, 0x0000000085900000, 0x0000000085a00000|  0%| F|  |TAMS 0x0000000085900000, 0x0000000085900000| Untracked 
|  90|0x0000000085a00000, 0x0000000085a00000, 0x0000000085b00000|  0%| F|  |TAMS 0x0000000085a00000, 0x0000000085a00000| Untracked 
|  91|0x0000000085b00000, 0x0000000085b00000, 0x0000000085c00000|  0%| F|  |TAMS 0x0000000085b00000, 0x0000000085b00000| Untracked 
|  92|0x0000000085c00000, 0x0000000085c00000, 0x0000000085d00000|  0%| F|  |TAMS 0x0000000085c00000, 0x0000000085c00000| Untracked 
|  93|0x0000000085d00000, 0x0000000085d00000, 0x0000000085e00000|  0%| F|  |TAMS 0x0000000085d00000, 0x0000000085d00000| Untracked 
|  94|0x0000000085e00000, 0x0000000085e00000, 0x0000000085f00000|  0%| F|  |TAMS 0x0000000085e00000, 0x0000000085e00000| Untracked 
|  95|0x0000000085f00000, 0x0000000085f00000, 0x0000000086000000|  0%| F|  |TAMS 0x0000000085f00000, 0x0000000085f00000| Untracked 
|  96|0x0000000086000000, 0x0000000086000000, 0x0000000086100000|  0%| F|  |TAMS 0x0000000086000000, 0x0000000086000000| Untracked 
|  97|0x0000000086100000, 0x0000000086100000, 0x0000000086200000|  0%| F|  |TAMS 0x0000000086100000, 0x0000000086100000| Untracked 
|  98|0x0000000086200000, 0x0000000086200000, 0x0000000086300000|  0%| F|  |TAMS 0x0000000086200000, 0x0000000086200000| Untracked 
|  99|0x0000000086300000, 0x0000000086300000, 0x0000000086400000|  0%| F|  |TAMS 0x0000000086300000, 0x0000000086300000| Untracked 
| 100|0x0000000086400000, 0x0000000086400000, 0x0000000086500000|  0%| F|  |TAMS 0x0000000086400000, 0x0000000086400000| Untracked 
| 101|0x0000000086500000, 0x0000000086500000, 0x0000000086600000|  0%| F|  |TAMS 0x0000000086500000, 0x0000000086500000| Untracked 
| 102|0x0000000086600000, 0x0000000086600000, 0x0000000086700000|  0%| F|  |TAMS 0x0000000086600000, 0x0000000086600000| Untracked 
| 103|0x0000000086700000, 0x0000000086700000, 0x0000000086800000|  0%| F|  |TAMS 0x0000000086700000, 0x0000000086700000| Untracked 
| 104|0x0000000086800000, 0x0000000086800000, 0x0000000086900000|  0%| F|  |TAMS 0x0000000086800000, 0x0000000086800000| Untracked 
| 105|0x0000000086900000, 0x0000000086900000, 0x0000000086a00000|  0%| F|  |TAMS 0x0000000086900000, 0x0000000086900000| Untracked 
| 106|0x0000000086a00000, 0x0000000086a00000, 0x0000000086b00000|  0%| F|  |TAMS 0x0000000086a00000, 0x0000000086a00000| Untracked 
| 107|0x0000000086b00000, 0x0000000086b00000, 0x0000000086c00000|  0%| F|  |TAMS 0x0000000086b00000, 0x0000000086b00000| Untracked 
| 108|0x0000000086c00000, 0x0000000086c80800, 0x0000000086d00000| 50%| E|  |TAMS 0x0000000086c00000, 0x0000000086c00000| Complete 
| 109|0x0000000086d00000, 0x0000000086e00000, 0x0000000086e00000|100%| E|CS|TAMS 0x0000000086d00000, 0x0000000086d00000| Complete 
| 110|0x0000000086e00000, 0x0000000086f00000, 0x0000000086f00000|100%| E|CS|TAMS 0x0000000086e00000, 0x0000000086e00000| Complete 
| 111|0x0000000086f00000, 0x0000000087000000, 0x0000000087000000|100%| E|CS|TAMS 0x0000000086f00000, 0x0000000086f00000| Complete 
| 112|0x0000000087000000, 0x0000000087100000, 0x0000000087100000|100%| E|CS|TAMS 0x0000000087000000, 0x0000000087000000| Complete 
| 113|0x0000000087100000, 0x0000000087200000, 0x0000000087200000|100%| E|CS|TAMS 0x0000000087100000, 0x0000000087100000| Complete 
| 114|0x0000000087200000, 0x0000000087300000, 0x0000000087300000|100%| E|CS|TAMS 0x0000000087200000, 0x0000000087200000| Complete 
| 115|0x0000000087300000, 0x0000000087400000, 0x0000000087400000|100%| E|CS|TAMS 0x0000000087300000, 0x0000000087300000| Complete 
| 116|0x0000000087400000, 0x0000000087500000, 0x0000000087500000|100%| E|CS|TAMS 0x0000000087400000, 0x0000000087400000| Complete 
| 117|0x0000000087500000, 0x0000000087600000, 0x0000000087600000|100%| E|CS|TAMS 0x0000000087500000, 0x0000000087500000| Complete 
| 118|0x0000000087600000, 0x0000000087700000, 0x0000000087700000|100%| E|CS|TAMS 0x0000000087600000, 0x0000000087600000| Complete 
| 119|0x0000000087700000, 0x0000000087800000, 0x0000000087800000|100%| E|CS|TAMS 0x0000000087700000, 0x0000000087700000| Complete 
| 120|0x0000000087800000, 0x0000000087900000, 0x0000000087900000|100%| E|CS|TAMS 0x0000000087800000, 0x0000000087800000| Complete 
| 121|0x0000000087900000, 0x0000000087a00000, 0x0000000087a00000|100%| E|CS|TAMS 0x0000000087900000, 0x0000000087900000| Complete 
| 122|0x0000000087a00000, 0x0000000087b00000, 0x0000000087b00000|100%| E|CS|TAMS 0x0000000087a00000, 0x0000000087a00000| Complete 
| 123|0x0000000087b00000, 0x0000000087c00000, 0x0000000087c00000|100%| E|CS|TAMS 0x0000000087b00000, 0x0000000087b00000| Complete 
| 124|0x0000000087c00000, 0x0000000087d00000, 0x0000000087d00000|100%| E|CS|TAMS 0x0000000087c00000, 0x0000000087c00000| Complete 
| 125|0x0000000087d00000, 0x0000000087e00000, 0x0000000087e00000|100%| E|CS|TAMS 0x0000000087d00000, 0x0000000087d00000| Complete 

Card table byte_map: [0x00000294302f0000,0x00000294306f0000] _byte_map_base: 0x000002942fef0000

Marking Bits (Prev, Next): (CMBitMap*) 0x000002941b1b0490, (CMBitMap*) 0x000002941b1b0458
 Prev Bits: [0x0000029432af0000, 0x0000029434af0000)
 Next Bits: [0x0000029430af0000, 0x0000029432af0000)

Polling page: 0x000002941b250000

Metaspace:

Usage:
  Non-class:     23.95 MB capacity,    23.51 MB ( 98%) used,   395.45 KB (  2%) free+waste,    55.50 KB ( <1%) overhead. 
      Class:      3.77 MB capacity,     3.57 MB ( 95%) used,   179.31 KB (  5%) free+waste,    28.00 KB ( <1%) overhead. 
       Both:     27.72 MB capacity,    27.08 MB ( 98%) used,   574.76 KB (  2%) free+waste,    83.50 KB ( <1%) overhead. 

Virtual space:
  Non-class space:       24.00 MB reserved,      24.00 MB (100%) committed 
      Class space:        1.00 GB reserved,       3.88 MB ( <1%) committed 
             Both:        1.02 GB reserved,      27.88 MB (  3%) committed 

Chunk freelists:
   Non-Class:  51.00 KB
       Class:  12.00 KB
        Both:  63.00 KB

MaxMetaspaceSize: 17179869184.00 GB
CompressedClassSpaceSize: 1.00 GB
Initial GC threshold: 20.80 MB
Current GC threshold: 35.00 MB
CDS: off

CodeHeap 'non-profiled nmethods': size=120000Kb used=1175Kb max_used=1175Kb free=118824Kb
 bounds [0x0000029427f50000, 0x00000294281c0000, 0x000002942f480000]
CodeHeap 'profiled nmethods': size=120000Kb used=4897Kb max_used=4897Kb free=115102Kb
 bounds [0x0000029420a20000, 0x0000029420ef0000, 0x0000029427f50000]
CodeHeap 'non-nmethods': size=5760Kb used=1234Kb max_used=1266Kb free=4525Kb
 bounds [0x0000029420480000, 0x00000294206f0000, 0x0000029420a20000]
 total_blobs=2791 nmethods=2285 adapters=418
 compilation: enabled
              stopped_count=0, restarted_count=0
 full_count=0

Compilation events (20 events):
Event: 5.675 Thread 0x0000029437e87800 2281       3       java.lang.invoke.MethodHandles$Lookup::maybeBindCaller (47 bytes)
Event: 5.676 Thread 0x0000029437e87800 nmethod 2281 0x0000029420ee2510 code [0x0000029420ee2760, 0x0000029420ee3048]
Event: 5.684 Thread 0x0000029437e87800 2283   !   3       jdk.internal.loader.AbstractClassLoaderValue::computeIfAbsent (113 bytes)
Event: 5.685 Thread 0x0000029437e87800 nmethod 2283 0x0000029420ee3390 code [0x0000029420ee3640, 0x0000029420ee4428]
Event: 5.687 Thread 0x0000029437e87800 2284       3       java.lang.invoke.BoundMethodHandle::<init> (32 bytes)
Event: 5.687 Thread 0x0000029437e87800 nmethod 2284 0x0000029420ee4a10 code [0x0000029420ee4bc0, 0x0000029420ee4d08]
Event: 5.691 Thread 0x0000029437e87800 2285       3       java.lang.reflect.Proxy::newProxyInstance (35 bytes)
Event: 5.692 Thread 0x0000029437e87800 nmethod 2285 0x0000029420ee4d90 code [0x0000029420ee4fa0, 0x0000029420ee5338]
Event: 5.692 Thread 0x0000029437e87800 2287       1       org.gradle.internal.event.DefaultListenerManager::access$100 (5 bytes)
Event: 5.692 Thread 0x0000029437e87800 nmethod 2287 0x0000029428075b10 code [0x0000029428075cc0, 0x0000029428075d58]
Event: 5.692 Thread 0x0000029437e87800 2286       3       java.lang.reflect.Proxy::getProxyConstructor (92 bytes)
Event: 5.695 Thread 0x0000029437e87800 nmethod 2286 0x0000029420ee5510 code [0x0000029420ee5820, 0x0000029420ee6e08]
Event: 5.728 Thread 0x0000029437e87800 2290       3       com.google.common.cache.LongAdder::<init> (5 bytes)
Event: 5.728 Thread 0x0000029437e87800 nmethod 2290 0x0000029420ee7390 code [0x0000029420ee7560, 0x0000029420ee7778]
Event: 5.728 Thread 0x0000029437e87800 2291       3       com.google.common.cache.Striped64::<init> (5 bytes)
Event: 5.728 Thread 0x0000029437e87800 nmethod 2291 0x0000029420ee7890 code [0x0000029420ee7a40, 0x0000029420ee7bf8]
Event: 5.728 Thread 0x0000029437e87800 2292       3       com.google.common.cache.LocalCache::expiresAfterAccess (15 bytes)
Event: 5.728 Thread 0x0000029437e87800 nmethod 2292 0x0000029420ee7d10 code [0x0000029420ee7ec0, 0x0000029420ee8038]
Event: 5.739 Thread 0x0000029437e87800 2293       3       java.util.concurrent.locks.ReentrantLock::unlock (10 bytes)
Event: 5.739 Thread 0x0000029437e87800 nmethod 2293 0x0000029420ee8110 code [0x0000029420ee82e0, 0x0000029420ee8618]

GC Heap History (10 events):
Event: 1.169 GC heap before
{Heap before GC invocations=0 (full 0):
 garbage-first heap   total 129024K, used 29696K [0x0000000080000000, 0x0000000100000000)
  region size 1024K, 24 young (24576K), 0 survivors (0K)
 Metaspace       used 10167K, capacity 10403K, committed 10624K, reserved 1058816K
  class space    used 1064K, capacity 1106K, committed 1152K, reserved 1048576K
}
Event: 1.177 GC heap after
{Heap after GC invocations=1 (full 0):
 garbage-first heap   total 129024K, used 9448K [0x0000000080000000, 0x0000000100000000)
  region size 1024K, 3 young (3072K), 3 survivors (3072K)
 Metaspace       used 10167K, capacity 10403K, committed 10624K, reserved 1058816K
  class space    used 1064K, capacity 1106K, committed 1152K, reserved 1048576K
}
Event: 1.940 GC heap before
{Heap before GC invocations=1 (full 0):
 garbage-first heap   total 129024K, used 31976K [0x0000000080000000, 0x0000000100000000)
  region size 1024K, 25 young (25600K), 3 survivors (3072K)
 Metaspace       used 11208K, capacity 11456K, committed 11520K, reserved 1058816K
  class space    used 1174K, capacity 1244K, committed 1280K, reserved 1048576K
}
Event: 1.944 GC heap after
{Heap after GC invocations=2 (full 0):
 garbage-first heap   total 129024K, used 9959K [0x0000000080000000, 0x0000000100000000)
  region size 1024K, 1 young (1024K), 1 survivors (1024K)
 Metaspace       used 11208K, capacity 11456K, committed 11520K, reserved 1058816K
  class space    used 1174K, capacity 1244K, committed 1280K, reserved 1048576K
}
Event: 4.535 GC heap before
{Heap before GC invocations=2 (full 0):
 garbage-first heap   total 129024K, used 64231K [0x0000000080000000, 0x0000000100000000)
  region size 1024K, 54 young (55296K), 1 survivors (1024K)
 Metaspace       used 17746K, capacity 18209K, committed 18432K, reserved 1064960K
  class space    used 2107K, capacity 2243K, committed 2304K, reserved 1048576K
}
Event: 4.540 GC heap after
{Heap after GC invocations=3 (full 0):
 garbage-first heap   total 129024K, used 16162K [0x0000000080000000, 0x0000000100000000)
  region size 1024K, 7 young (7168K), 7 survivors (7168K)
 Metaspace       used 17746K, capacity 18209K, committed 18432K, reserved 1064960K
  class space    used 2107K, capacity 2243K, committed 2304K, reserved 1048576K
}
Event: 4.787 GC heap before
{Heap before GC invocations=3 (full 0):
 garbage-first heap   total 129024K, used 41762K [0x0000000080000000, 0x0000000100000000)
  region size 1024K, 33 young (33792K), 7 survivors (7168K)
 Metaspace       used 20655K, capacity 21085K, committed 21248K, reserved 1067008K
  class space    used 2547K, capacity 2712K, committed 2816K, reserved 1048576K
}
Event: 4.796 GC heap after
{Heap after GC invocations=4 (full 0):
 garbage-first heap   total 129024K, used 17109K [0x0000000080000000, 0x0000000100000000)
  region size 1024K, 1 young (1024K), 1 survivors (1024K)
 Metaspace       used 20655K, capacity 21085K, committed 21248K, reserved 1067008K
  class space    used 2547K, capacity 2712K, committed 2816K, reserved 1048576K
}
Event: 5.453 GC heap before
{Heap before GC invocations=5 (full 0):
 garbage-first heap   total 129024K, used 71381K [0x0000000080000000, 0x0000000100000000)
  region size 1024K, 54 young (55296K), 1 survivors (1024K)
 Metaspace       used 26525K, capacity 27151K, committed 27264K, reserved 1073152K
  class space    used 3455K, capacity 3659K, committed 3712K, reserved 1048576K
}
Event: 5.456 GC heap after
{Heap after GC invocations=6 (full 0):
 garbage-first heap   total 129024K, used 19072K [0x0000000080000000, 0x0000000100000000)
  region size 1024K, 3 young (3072K), 3 survivors (3072K)
 Metaspace       used 26525K, capacity 27151K, committed 27264K, reserved 1073152K
  class space    used 3455K, capacity 3659K, committed 3712K, reserved 1048576K
}

Deoptimization events (20 events):
Event: 4.877 Thread 0x000002943a0a3800 Uncommon trap: trap_request=0xffffff4d fr.pc=0x000002942803e6b0 relative=0x00000000000003b0
Event: 4.877 Thread 0x000002943a0a3800 Uncommon trap: reason=unstable_if action=reinterpret pc=0x000002942803e6b0 method=jdk.internal.org.objectweb.asm.Type.getArgumentsAndReturnSizes(Ljava/lang/String;)I @ 88 c2
Event: 4.877 Thread 0x000002943a0a3800 DEOPT PACKING pc=0x000002942803e6b0 sp=0x0000009e5dbf9820
Event: 4.877 Thread 0x000002943a0a3800 DEOPT UNPACKING pc=0x00000294204ca1af sp=0x0000009e5dbf97a8 mode 2
Event: 5.062 Thread 0x000002943a0a3800 Uncommon trap: trap_request=0xffffff4d fr.pc=0x000002942805197c relative=0x000000000000023c
Event: 5.062 Thread 0x000002943a0a3800 Uncommon trap: reason=unstable_if action=reinterpret pc=0x000002942805197c method=java.util.concurrent.ConcurrentHashMap.get(Ljava/lang/Object;)Ljava/lang/Object; @ 76 c2
Event: 5.062 Thread 0x000002943a0a3800 DEOPT PACKING pc=0x000002942805197c sp=0x0000009e5dbf9850
Event: 5.062 Thread 0x000002943a0a3800 DEOPT UNPACKING pc=0x00000294204ca1af sp=0x0000009e5dbf97b8 mode 2
Event: 5.392 Thread 0x000002943a0a3800 Uncommon trap: trap_request=0xffffff7e fr.pc=0x000002942806a39c relative=0x000000000000015c
Event: 5.392 Thread 0x000002943a0a3800 Uncommon trap: reason=predicate action=maybe_recompile pc=0x000002942806a39c method=com.google.common.base.CharMatcher.indexIn(Ljava/lang/CharSequence;I)I @ 19 c2
Event: 5.392 Thread 0x000002943a0a3800 DEOPT PACKING pc=0x000002942806a39c sp=0x0000009e5dbfb540
Event: 5.392 Thread 0x000002943a0a3800 DEOPT UNPACKING pc=0x00000294204ca1af sp=0x0000009e5dbfb4d0 mode 2
Event: 5.406 Thread 0x000002943a0a3800 Uncommon trap: trap_request=0xffffff4d fr.pc=0x0000029427ffd824 relative=0x00000000000013e4
Event: 5.406 Thread 0x000002943a0a3800 Uncommon trap: reason=unstable_if action=reinterpret pc=0x0000029427ffd824 method=java.util.concurrent.ConcurrentHashMap.putVal(Ljava/lang/Object;Ljava/lang/Object;Z)Ljava/lang/Object; @ 231 c2
Event: 5.406 Thread 0x000002943a0a3800 DEOPT PACKING pc=0x0000029427ffd824 sp=0x0000009e5dbfc7c0
Event: 5.406 Thread 0x000002943a0a3800 DEOPT UNPACKING pc=0x00000294204ca1af sp=0x0000009e5dbfc740 mode 2
Event: 5.679 Thread 0x000002943a0a3800 Uncommon trap: trap_request=0xffffffcc fr.pc=0x000002942806fa78 relative=0x00000000000002b8
Event: 5.679 Thread 0x000002943a0a3800 Uncommon trap: reason=intrinsic_or_type_checked_inlining action=make_not_entrant pc=0x000002942806fa78 method=java.util.Arrays.copyOf([Ljava/lang/Object;ILjava/lang/Class;)[Ljava/lang/Object; @ 35 c2
Event: 5.679 Thread 0x000002943a0a3800 DEOPT PACKING pc=0x000002942806fa78 sp=0x0000009e5dbf9050
Event: 5.679 Thread 0x000002943a0a3800 DEOPT UNPACKING pc=0x00000294204ca1af sp=0x0000009e5dbf8fe0 mode 2

Classes redefined (0 events):
No events

Internal exceptions (20 events):
Event: 4.833 Thread 0x000002943a0a3800 Exception <a 'java/lang/IncompatibleClassChangeError'{0x0000000087ba6608}: Found class java.lang.Object, but interface was expected> (0x0000000087ba6608) thrown at [./src/hotspot/share/interpreter/linkResolver.cpp, line 839]
Event: 4.944 Thread 0x000002943a0a3800 Exception <a 'java/lang/NoSuchMethodError'{0x0000000086f244d8}: 'java.lang.Object java.lang.invoke.DirectMethodHandle$Holder.invokeSpecial(java.lang.Object, java.lang.Object, java.lang.Object, java.lang.Object, java.lang.Object, java.lang.Object, java.lang.Object, java.lang.Object, java.lang.Object)'> (0x0000000086f244d8) thrown at [./src/hotspot/share/interpreter/linkResolver.cpp, line 773]
Event: 5.009 Thread 0x000002943a0a3800 Exception <a 'java/lang/NoSuchMethodError'{0x00000000866c3758}: 'java.lang.Object java.lang.invoke.DirectMethodHandle$Holder.invokeVirtual(java.lang.Object, java.lang.Object, java.lang.Object, java.lang.Object)'> (0x00000000866c3758) thrown at [./src/hotspot/share/interpreter/linkResolver.cpp, line 773]
Event: 5.091 Thread 0x000002943a0a3800 Exception <a 'java/lang/NoSuchMethodError'{0x0000000085e88fc0}: 'void java.lang.invoke.DirectMethodHandle$Holder.invokeSpecial(java.lang.Object, java.lang.Object, java.lang.Object, java.lang.Object, java.lang.Object, java.lang.Object)'> (0x0000000085e88fc0) thrown at [./src/hotspot/share/interpreter/linkResolver.cpp, line 773]
Event: 5.101 Thread 0x000002943a0a3800 Exception <a 'java/lang/NoSuchMethodError'{0x0000000085ef77f8}: 'void java.lang.invoke.DirectMethodHandle$Holder.invokeSpecial(java.lang.Object, java.lang.Object, java.lang.Object, java.lang.Object, java.lang.Object, java.lang.Object, java.lang.Object)'> (0x0000000085ef77f8) thrown at [./src/hotspot/share/interpreter/linkResolver.cpp, line 773]
Event: 5.102 Thread 0x000002943a0a3800 Exception <a 'java/lang/NoSuchMethodError'{0x0000000085effce8}: 'java.lang.Object java.lang.invoke.Invokers$Holder.linkToTargetMethod(java.lang.Object, java.lang.Object, java.lang.Object, java.lang.Object, java.lang.Object, java.lang.Object)'> (0x0000000085effce8) thrown at [./src/hotspot/share/interpreter/linkResolver.cpp, line 773]
Event: 5.219 Thread 0x000002943a0a3800 Exception <a 'java/lang/NoSuchMethodError'{0x00000000854974d8}: 'int java.lang.invoke.DirectMethodHandle$Holder.invokeStaticInit(java.lang.Object, java.lang.Object, java.lang.Object)'> (0x00000000854974d8) thrown at [./src/hotspot/share/interpreter/linkResolver.cpp, line 773]
Event: 5.308 Thread 0x000002943a0a3800 Exception <a 'java/lang/NoSuchMethodError'{0x0000000084fc8eb8}: 'void java.lang.invoke.DirectMethodHandle$Holder.invokeStaticInit(java.lang.Object, java.lang.Object)'> (0x0000000084fc8eb8) thrown at [./src/hotspot/share/interpreter/linkResolver.cpp, line 773]
Event: 5.422 Thread 0x000002943a0a3800 Exception <a 'java/lang/NoSuchMethodError'{0x000000008493b728}: 'void java.lang.invoke.DirectMethodHandle$Holder.invokeStatic(java.lang.Object, java.lang.Object, java.lang.Object, java.lang.Object)'> (0x000000008493b728) thrown at [./src/hotspot/share/interpreter/linkResolver.cpp, line 773]
Event: 5.427 Thread 0x000002943a0a3800 Exception <a 'java/lang/NoSuchMethodError'{0x0000000084998450}: 'java.lang.Object java.lang.invoke.DirectMethodHandle$Holder.invokeVirtual(java.lang.Object, java.lang.Object, java.lang.Object)'> (0x0000000084998450) thrown at [./src/hotspot/share/interpreter/linkResolver.cpp, line 773]
Event: 5.432 Thread 0x000002943a0a3800 Exception <a 'java/lang/NoSuchMethodError'{0x00000000849c0f88}: 'int java.lang.invoke.DirectMethodHandle$Holder.invokeVirtual(java.lang.Object, java.lang.Object)'> (0x00000000849c0f88) thrown at [./src/hotspot/share/interpreter/linkResolver.cpp, line 773]
Event: 5.439 Thread 0x000002943a0a3800 Exception <a 'java/lang/NoSuchMethodError'{0x00000000849fb6a8}: 'int java.lang.invoke.DirectMethodHandle$Holder.invokeVirtual(java.lang.Object, java.lang.Object, java.lang.Object)'> (0x00000000849fb6a8) thrown at [./src/hotspot/share/interpreter/linkResolver.cpp, line 773]
Event: 5.464 Thread 0x000002943a0a3800 Exception <a 'java/lang/NoSuchMethodError'{0x0000000087d60510}: 'void java.lang.invoke.DirectMethodHandle$Holder.invokeSpecial(java.lang.Object, java.lang.Object)'> (0x0000000087d60510) thrown at [./src/hotspot/share/interpreter/linkResolver.cpp, line 773]
Event: 5.633 Thread 0x000002943a0a3800 Exception <a 'java/lang/NoSuchMethodError'{0x00000000873431f0}: 'java.lang.Object java.lang.invoke.DirectMethodHandle$Holder.invokeSpecialIFC(java.lang.Object, java.lang.Object, java.lang.Object, java.lang.Object)'> (0x00000000873431f0) thrown at [./src/hotspot/share/interpreter/linkResolver.cpp, line 773]
Event: 5.650 Thread 0x000002943a0a3800 Exception <a 'java/lang/NoSuchMethodError'{0x0000000087220880}: 'java.lang.Object java.lang.invoke.DirectMethodHandle$Holder.invokeSpecial(java.lang.Object, java.lang.Object, java.lang.Object, java.lang.Object, java.lang.Object, java.lang.Object, java.lang.Object, java.lang.Object, java.lang.Object, java.lang.Object, java.lang.Object, java.lang.Object, java.lang.Object)'> (0x0000000087220880) thrown at [./src/hotspot/share/interpreter/linkResolver.cpp, line 773]
Event: 5.652 Thread 0x000002943a0a3800 Exception <a 'java/lang/NoSuchMethodError'{0x00000000872316e0}: 'java.lang.Object java.lang.invoke.DirectMethodHandle$Holder.invokeSpecial(java.lang.Object, java.lang.Object, java.lang.Object, java.lang.Object, java.lang.Object, java.lang.Object, java.lang.Object, java.lang.Object, java.lang.Object, java.lang.Object, java.lang.Object, java.lang.Object)'> (0x00000000872316e0) thrown at [./src/hotspot/share/interpreter/linkResolver.cpp, line 773]
Event: 5.652 Thread 0x000002943a0a3800 Exception <a 'java/lang/NoSuchMethodError'{0x0000000087236808}: 'java.lang.Object java.lang.invoke.Invokers$Holder.linkToTargetMethod(java.lang.Object, java.lang.Object, java.lang.Object, java.lang.Object, java.lang.Object, java.lang.Object, java.lang.Object, java.lang.Object, java.lang.Object, java.lang.Object, java.lang.Object)'> (0x0000000087236808) thrown at [./src/hotspot/share/interpreter/linkResolver.cpp, line 773]
Event: 5.669 Thread 0x000002943a0a3800 Exception <a 'java/lang/NoSuchMethodError'{0x00000000871760d8}: 'java.lang.Object java.lang.invoke.DirectMethodHandle$Holder.invokeSpecial(java.lang.Object, java.lang.Object, java.lang.Object, java.lang.Object, java.lang.Object, java.lang.Object, java.lang.Object, java.lang.Object, java.lang.Object, java.lang.Object, java.lang.Object, java.lang.Object, java.lang.Object, java.lang.Object)'> (0x00000000871760d8) thrown at [./src/hotspot/share/interpreter/linkResolver.cpp, line 773]
Event: 5.670 Thread 0x000002943a0a3800 Exception <a 'java/lang/NoSuchMethodError'{0x0000000087187a98}: 'java.lang.Object java.lang.invoke.Invokers$Holder.linkToTargetMethod(java.lang.Object, java.lang.Object, java.lang.Object, java.lang.Object, java.lang.Object, java.lang.Object, java.lang.Object, java.lang.Object, java.lang.Object, java.lang.Object, java.lang.Object, java.lang.Object)'> (0x0000000087187a98) thrown at [./src/hotspot/share/interpreter/linkResolver.cpp, line 773]
Event: 5.686 Thread 0x000002943a0a3800 Exception <a 'java/lang/NoSuchMethodError'{0x0000000087070500}: 'java.lang.Object java.lang.invoke.DirectMethodHandle$Holder.invokeStaticInit(java.lang.Object, java.lang.Object, java.lang.Object, java.lang.Object)'> (0x0000000087070500) thrown at [./src/hotspot/share/interpreter/linkResolver.cpp, line 773]

Events (20 events):
Event: 5.737 loading class org/gradle/api/internal/artifacts/ivyservice/resolveengine/graph/conflicts/CapabilitiesConflictHandler$Resolver
Event: 5.737 loading class org/gradle/api/internal/artifacts/ivyservice/resolveengine/graph/conflicts/CapabilitiesConflictHandler$Resolver done
Event: 5.738 loading class org/gradle/api/internal/artifacts/ivyservice/dependencysubstitution/DependencySubstitutionApplicator
Event: 5.738 loading class org/gradle/api/internal/artifacts/ivyservice/dependencysubstitution/DependencySubstitutionApplicator done
Event: 5.742 loading class org/gradle/api/internal/artifacts/mvnsettings/DefaultMavenSettingsProvider
Event: 5.742 loading class org/gradle/api/internal/artifacts/mvnsettings/DefaultMavenSettingsProvider done
Event: 5.744 loading class org/apache/maven/settings/building/SettingsBuildingRequest
Event: 5.744 loading class org/apache/maven/settings/building/SettingsBuildingRequest done
Event: 5.745 loading class org/apache/maven/settings/io/SettingsReader
Event: 5.745 loading class org/apache/maven/settings/io/SettingsReader done
Event: 5.745 loading class org/gradle/api/internal/artifacts/mvnsettings/CannotLocateLocalMavenRepositoryException
Event: 5.745 loading class org/gradle/api/internal/artifacts/mvnsettings/CannotLocateLocalMavenRepositoryException done
Event: 5.746 loading class org/gradle/api/internal/artifacts/mvnsettings/DefaultMavenFileLocations
Event: 5.746 loading class org/gradle/api/internal/artifacts/mvnsettings/DefaultMavenFileLocations done
Event: 5.746 loading class org/gradle/api/internal/artifacts/mvnsettings/DefaultLocalMavenRepositoryLocator
Event: 5.746 loading class org/gradle/api/internal/artifacts/mvnsettings/DefaultLocalMavenRepositoryLocator done
Event: 5.747 loading class org/gradle/api/internal/artifacts/mvnsettings/DefaultLocalMavenRepositoryLocator$SystemPropertyAccess
Event: 5.747 loading class org/gradle/api/internal/artifacts/mvnsettings/DefaultLocalMavenRepositoryLocator$SystemPropertyAccess done
Event: 5.747 loading class org/apache/maven/settings/building/SettingsBuildingException
Event: 5.747 loading class org/apache/maven/settings/building/SettingsBuildingException done


Dynamic libraries:
0x00007ff7bd510000 - 0x00007ff7bd51a000 	C:\Program Files\Android\Android Studio\jre\bin\java.exe
0x00007fff58360000 - 0x00007fff58569000 	C:\WINDOWS\SYSTEM32\ntdll.dll
0x00007fff56f90000 - 0x00007fff5704d000 	C:\WINDOWS\System32\KERNEL32.DLL
0x00007fff55840000 - 0x00007fff55bbd000 	C:\WINDOWS\System32\KERNELBASE.dll
0x00007fff560d0000 - 0x00007fff561e1000 	C:\WINDOWS\System32\ucrtbase.dll
0x00007fff3d9c0000 - 0x00007fff3d9d7000 	C:\Program Files\Android\Android Studio\jre\bin\VCRUNTIME140.dll
0x00007fff3d930000 - 0x00007fff3d949000 	C:\Program Files\Android\Android Studio\jre\bin\jli.dll
0x00007fff57050000 - 0x00007fff571fd000 	C:\WINDOWS\System32\USER32.dll
0x00007fff560a0000 - 0x00007fff560c6000 	C:\WINDOWS\System32\win32u.dll
0x00007fff56cd0000 - 0x00007fff56cf9000 	C:\WINDOWS\System32\GDI32.dll
0x00007fff55c80000 - 0x00007fff55d98000 	C:\WINDOWS\System32\gdi32full.dll
0x00007fff55f90000 - 0x00007fff5602d000 	C:\WINDOWS\System32\msvcp_win.dll
0x00007fff49690000 - 0x00007fff49935000 	C:\WINDOWS\WinSxS\amd64_microsoft.windows.common-controls_6595b64144ccf1df_6.0.22000.120_none_9d947278b86cc467\COMCTL32.dll
0x00007fff56d10000 - 0x00007fff56db3000 	C:\WINDOWS\System32\msvcrt.dll
0x00007fff57200000 - 0x00007fff57231000 	C:\WINDOWS\System32\IMM32.DLL
0x00007fff0fb50000 - 0x00007fff0fbed000 	C:\Program Files\Android\Android Studio\jre\bin\msvcp140.dll
0x00007ffefa9e0000 - 0x00007ffefb4c5000 	C:\Program Files\Android\Android Studio\jre\bin\server\jvm.dll
0x00007fff56c20000 - 0x00007fff56cce000 	C:\WINDOWS\System32\ADVAPI32.dll
0x00007fff577a0000 - 0x00007fff5783e000 	C:\WINDOWS\System32\sechost.dll
0x00007fff58060000 - 0x00007fff58180000 	C:\WINDOWS\System32\RPCRT4.dll
0x00007fff56d00000 - 0x00007fff56d08000 	C:\WINDOWS\System32\PSAPI.DLL
0x00007fff39810000 - 0x00007fff39819000 	C:\WINDOWS\SYSTEM32\WSOCK32.dll
0x00007fff561f0000 - 0x00007fff5625f000 	C:\WINDOWS\System32\WS2_32.dll
0x00007fff4cb30000 - 0x00007fff4cb63000 	C:\WINDOWS\SYSTEM32\WINMM.dll
0x00007fff49bb0000 - 0x00007fff49bba000 	C:\WINDOWS\SYSTEM32\VERSION.dll
0x00007fff54a30000 - 0x00007fff54a48000 	C:\WINDOWS\SYSTEM32\kernel.appcore.dll
0x00007fff4eca0000 - 0x00007fff4ecb1000 	C:\Program Files\Android\Android Studio\jre\bin\verify.dll
0x00007fff50310000 - 0x00007fff50531000 	C:\WINDOWS\SYSTEM32\DBGHELP.DLL
0x00007fff427d0000 - 0x00007fff42801000 	C:\WINDOWS\SYSTEM32\dbgcore.DLL
0x00007fff55f10000 - 0x00007fff55f8f000 	C:\WINDOWS\System32\bcryptPrimitives.dll
0x00007fff4c580000 - 0x00007fff4c5a9000 	C:\Program Files\Android\Android Studio\jre\bin\java.dll
0x00007fff4eda0000 - 0x00007fff4edab000 	C:\Program Files\Android\Android Studio\jre\bin\jimage.dll
0x00007fff4c4b0000 - 0x00007fff4c4c8000 	C:\Program Files\Android\Android Studio\jre\bin\zip.dll
0x00007fff578a0000 - 0x00007fff58058000 	C:\WINDOWS\System32\SHELL32.dll
0x00007fff539c0000 - 0x00007fff54228000 	C:\WINDOWS\SYSTEM32\windows.storage.dll
0x00007fff56260000 - 0x00007fff565d9000 	C:\WINDOWS\System32\combase.dll
0x00007fff53850000 - 0x00007fff539b6000 	C:\WINDOWS\SYSTEM32\wintypes.dll
0x00007fff56ea0000 - 0x00007fff56f8a000 	C:\WINDOWS\System32\SHCORE.dll
0x00007fff56850000 - 0x00007fff568ad000 	C:\WINDOWS\System32\shlwapi.dll
0x00007fff55770000 - 0x00007fff55791000 	C:\WINDOWS\SYSTEM32\profapi.dll
0x00007fff4b2d0000 - 0x00007fff4b2ea000 	C:\Program Files\Android\Android Studio\jre\bin\net.dll
0x00007fff4d880000 - 0x00007fff4d98c000 	C:\WINDOWS\SYSTEM32\WINHTTP.dll
0x00007fff54e60000 - 0x00007fff54ec7000 	C:\WINDOWS\system32\mswsock.dll
0x00007fff3e330000 - 0x00007fff3e344000 	C:\Program Files\Android\Android Studio\jre\bin\nio.dll
0x00007fff24210000 - 0x00007fff24237000 	C:\Users\parkn\.gradle\native\e1d6ef7f7dcc3fd88c89a11ec53ec762bb8ba0a96d01ffa2cd45eb1d1d8dd5c5\windows-amd64\native-platform.dll
0x00007fff0a370000 - 0x00007fff0a4b4000 	C:\Users\parkn\.gradle\native\5664cfc778a61ccfe75a443a1ab52a65af34e5dc3c78e0209fed803814484fcb\windows-amd64\native-platform-file-events.dll
0x00007fff4ec50000 - 0x00007fff4ec5a000 	C:\Program Files\Android\Android Studio\jre\bin\management.dll
0x00007fff4ec10000 - 0x00007fff4ec1d000 	C:\Program Files\Android\Android Studio\jre\bin\management_ext.dll
0x00007fff550a0000 - 0x00007fff550b8000 	C:\WINDOWS\SYSTEM32\CRYPTSP.dll
0x00007fff54990000 - 0x00007fff549c5000 	C:\WINDOWS\system32\rsaenh.dll
0x00007fff54f50000 - 0x00007fff54f79000 	C:\WINDOWS\SYSTEM32\USERENV.dll
0x00007fff55220000 - 0x00007fff55247000 	C:\WINDOWS\SYSTEM32\bcrypt.dll
0x00007fff550c0000 - 0x00007fff550cc000 	C:\WINDOWS\SYSTEM32\CRYPTBASE.dll
0x00007fff54560000 - 0x00007fff5458d000 	C:\WINDOWS\SYSTEM32\IPHLPAPI.DLL
0x00007fff565e0000 - 0x00007fff565e9000 	C:\WINDOWS\System32\NSI.dll
0x00007fff4d860000 - 0x00007fff4d879000 	C:\WINDOWS\SYSTEM32\dhcpcsvc6.DLL
0x00007fff4db00000 - 0x00007fff4db1e000 	C:\WINDOWS\SYSTEM32\dhcpcsvc.DLL
0x00007fff545d0000 - 0x00007fff546b8000 	C:\WINDOWS\SYSTEM32\DNSAPI.dll

dbghelp: loaded successfully - version: 4.0.5 - missing functions: none
symbol engine: initialized successfully - sym options: 0x614 - pdb path: .;C:\Program Files\Android\Android Studio\jre\bin;C:\WINDOWS\SYSTEM32;C:\WINDOWS\WinSxS\amd64_microsoft.windows.common-controls_6595b64144ccf1df_6.0.22000.120_none_9d947278b86cc467;C:\Program Files\Android\Android Studio\jre\bin\server;C:\Users\parkn\.gradle\native\e1d6ef7f7dcc3fd88c89a11ec53ec762bb8ba0a96d01ffa2cd45eb1d1d8dd5c5\windows-amd64;C:\Users\parkn\.gradle\native\5664cfc778a61ccfe75a443a1ab52a65af34e5dc3c78e0209fed803814484fcb\windows-amd64

VM Arguments:
jvm_args: --add-opens=java.base/java.util=ALL-UNNAMED --add-opens=java.base/java.lang=ALL-UNNAMED --add-opens=java.base/java.lang.invoke=ALL-UNNAMED --add-opens=java.base/java.util=ALL-UNNAMED --add-opens=java.prefs/java.util.prefs=ALL-UNNAMED --add-opens=java.prefs/java.util.prefs=ALL-UNNAMED --add-opens=java.base/java.nio.charset=ALL-UNNAMED --add-opens=java.base/java.net=ALL-UNNAMED --add-opens=java.base/java.util.concurrent.atomic=ALL-UNNAMED -Xmx2048m -Dfile.encoding=UTF-8 -Duser.country=KR -Duser.language=ko -Duser.variant 
java_command: org.gradle.launcher.daemon.bootstrap.GradleDaemon 7.3.3
java_class_path (initial): C:\Users\parkn\.gradle\wrapper\dists\gradle-7.3.3-bin\6a41zxkdtcxs8rphpq6y0069z\gradle-7.3.3\lib\gradle-launcher-7.3.3.jar
Launcher Type: SUN_STANDARD

[Global flags]
     intx CICompilerCount                          = 4                                         {product} {ergonomic}
     uint ConcGCThreads                            = 2                                         {product} {ergonomic}
     uint G1ConcRefinementThreads                  = 8                                         {product} {ergonomic}
   size_t G1HeapRegionSize                         = 1048576                                   {product} {ergonomic}
    uintx GCDrainStackTargetSize                   = 64                                        {product} {ergonomic}
   size_t InitialHeapSize                          = 132120576                                 {product} {ergonomic}
   size_t MarkStackSize                            = 4194304                                   {product} {ergonomic}
   size_t MaxHeapSize                              = 2147483648                                {product} {command line}
   size_t MaxNewSize                               = 1287651328                                {product} {ergonomic}
   size_t MinHeapDeltaBytes                        = 1048576                                   {product} {ergonomic}
    uintx NonNMethodCodeHeapSize                   = 5836300                                {pd product} {ergonomic}
    uintx NonProfiledCodeHeapSize                  = 122910970                              {pd product} {ergonomic}
    uintx ProfiledCodeHeapSize                     = 122910970                              {pd product} {ergonomic}
    uintx ReservedCodeCacheSize                    = 251658240                              {pd product} {ergonomic}
     bool SegmentedCodeCache                       = true                                      {product} {ergonomic}
     bool UseCompressedClassPointers               = true                                 {lp64_product} {ergonomic}
     bool UseCompressedOops                        = true                                 {lp64_product} {ergonomic}
     bool UseG1GC                                  = true                                      {product} {ergonomic}
     bool UseLargePagesIndividualAllocation        = false                                  {pd product} {ergonomic}

Logging:
Log output configuration:
 #0: stdout all=warning uptime,level,tags
 #1: stderr all=off uptime,level,tags

Environment Variables:
PATH=C:\Program Files\Java\jdk-17.0.2\bin;C:\Program Files\Common Files\Oracle\Java\javapath;C:\Program Files\Python39\Scripts\;C:\Program Files\Python39\;C:\windows\system32;C:\windows;C:\windows\System32\Wbem;C:\windows\System32\WindowsPowerShell\v1.0\;C:\windows\System32\OpenSSH\;C:\Program Files (x86)\NVIDIA Corporation\PhysX\Common;C:\Program Files\NVIDIA Corporation\NVIDIA NvDLISR;C:\Program Files\Git\cmd;C:\Program Files\nodejs\;%SystemRoot%\system32;%SystemRoot%;%SystemRoot%\System32\Wbem;%SYSTEMROOT%\System32\WindowsPowerShell\v1.0\;%SYSTEMROOT%\System32\OpenSSH\;C:\Program Files\MySQL\MySQL Shell 8.0\bin\;C:\Users\parkn\AppData\Local\Programs\Python\Python39\Scripts\;C:\Users\parkn\AppData\Local\Programs\Python\Python39\;C:\Users\parkn\AppData\Local\Microsoft\WindowsApps;C:\Users\parkn\AppData\Local\Programs\Microsoft VS Code\bin;C:\Users\parkn\AppData\Roaming\npm;C:\Users\parkn\AppData\Local\Microsoft\WindowsApps
USERNAME=parkn
OS=Windows_NT
PROCESSOR_IDENTIFIER=Intel64 Family 6 Model 142 Stepping 12, GenuineIntel



---------------  S Y S T E M  ---------------

OS: Windows 10 , 64 bit Build 22000 (10.0.22000.708)
OS uptime: 3 days 1:50 hours

CPU:total 8 (initial active 8) (4 cores per cpu, 2 threads per core) family 6 model 142 stepping 12 microcode 0xde, cmov, cx8, fxsr, mmx, sse, sse2, sse3, ssse3, sse4.1, sse4.2, popcnt, avx, avx2, aes, clmul, erms, 3dnowpref, lzcnt, ht, tsc, tscinvbit, bmi1, bmi2, adx, fma

Memory: 4k page, system-wide physical 8001M (1493M free)
TotalPageFile size 9897M (AvailPageFile size 0M)
current process WorkingSet (physical memory assigned to process): 226M, peak: 226M
current process commit charge ("private bytes"): 315M, peak: 316M

vm_info: OpenJDK 64-Bit Server VM (11.0.12+7-b1504.28-7817840) for windows-amd64 JRE (11.0.12+7-b1504.28-7817840), built on Oct 13 2021 22:12:33 by "builder" with MS VC++ 14.0 (VS2015)

END.
